{"/Users/fuchangwei/Projects/localite-v7/localite-app-main/src/config/firebase.ts": {"path":"/Users/fuchangwei/Projects/localite-v7/localite-app-main/src/config/firebase.ts","statementMap":{"0":{"start":{"line":6,"column":0},"end":{"line":6,"column":58}},"1":{"start":{"line":7,"column":0},"end":{"line":7,"column":46}},"2":{"start":{"line":8,"column":0},"end":{"line":8,"column":61}},"3":{"start":{"line":9,"column":0},"end":{"line":9,"column":63}},"4":{"start":{"line":12,"column":23},"end":{"line":19,"column":2}},"5":{"start":{"line":27,"column":0},"end":{"line":35,"column":1}},"6":{"start":{"line":28,"column":2},"end":{"line":28,"column":46}},"7":{"start":{"line":29,"column":2},"end":{"line":29,"column":30}},"8":{"start":{"line":30,"column":2},"end":{"line":30,"column":40}},"9":{"start":{"line":31,"column":2},"end":{"line":31,"column":36}},"10":{"start":{"line":33,"column":2},"end":{"line":33,"column":52}},"11":{"start":{"line":38,"column":0},"end":{"line":38,"column":30}}},"fnMap":{},"branchMap":{"0":{"loc":{"start":{"line":13,"column":10},"end":{"line":13,"column":68}},"type":"binary-expr","locations":[{"start":{"line":13,"column":10},"end":{"line":13,"column":50}},{"start":{"line":13,"column":54},"end":{"line":13,"column":68}}]},"1":{"loc":{"start":{"line":14,"column":14},"end":{"line":14,"column":93}},"type":"binary-expr","locations":[{"start":{"line":14,"column":14},"end":{"line":14,"column":58}},{"start":{"line":14,"column":62},"end":{"line":14,"column":93}}]},"2":{"loc":{"start":{"line":15,"column":13},"end":{"line":15,"column":75}},"type":"binary-expr","locations":[{"start":{"line":15,"column":13},"end":{"line":15,"column":56}},{"start":{"line":15,"column":60},"end":{"line":15,"column":75}}]},"3":{"loc":{"start":{"line":16,"column":17},"end":{"line":16,"column":95}},"type":"binary-expr","locations":[{"start":{"line":16,"column":17},"end":{"line":16,"column":64}},{"start":{"line":16,"column":68},"end":{"line":16,"column":95}}]},"4":{"loc":{"start":{"line":17,"column":21},"end":{"line":17,"column":88}},"type":"binary-expr","locations":[{"start":{"line":17,"column":21},"end":{"line":17,"column":73}},{"start":{"line":17,"column":77},"end":{"line":17,"column":88}}]},"5":{"loc":{"start":{"line":18,"column":9},"end":{"line":18,"column":65}},"type":"binary-expr","locations":[{"start":{"line":18,"column":9},"end":{"line":18,"column":48}},{"start":{"line":18,"column":52},"end":{"line":18,"column":65}}]}},"s":{"0":11,"1":11,"2":11,"3":11,"4":11,"5":11,"6":11,"7":11,"8":11,"9":0,"10":11,"11":11},"f":{},"b":{"0":[11,11],"1":[11,11],"2":[11,11],"3":[11,11],"4":[11,11],"5":[11,11]}}
,"/Users/fuchangwei/Projects/localite-v7/localite-app-main/src/contexts/AuthContext.tsx": {"path":"/Users/fuchangwei/Projects/localite-v7/localite-app-main/src/contexts/AuthContext.tsx","statementMap":{"0":{"start":{"line":5,"column":0},"end":{"line":5,"column":89}},"1":{"start":{"line":6,"column":0},"end":{"line":6,"column":76}},"2":{"start":{"line":16,"column":20},"end":{"line":16,"column":73}},"3":{"start":{"line":22,"column":57},"end":{"line":95,"column":1}},"4":{"start":{"line":23,"column":26},"end":{"line":23,"column":53}},"5":{"start":{"line":24,"column":32},"end":{"line":24,"column":55}},"6":{"start":{"line":25,"column":22},"end":{"line":25,"column":47}},"7":{"start":{"line":27,"column":2},"end":{"line":41,"column":9}},"8":{"start":{"line":28,"column":24},"end":{"line":31,"column":6}},"9":{"start":{"line":29,"column":6},"end":{"line":29,"column":20}},"10":{"start":{"line":30,"column":6},"end":{"line":30,"column":24}},"11":{"start":{"line":34,"column":24},"end":{"line":34,"column":52}},"12":{"start":{"line":35,"column":4},"end":{"line":37,"column":5}},"13":{"start":{"line":36,"column":6},"end":{"line":36,"column":27}},"14":{"start":{"line":38,"column":4},"end":{"line":38,"column":22}},"15":{"start":{"line":40,"column":4},"end":{"line":40,"column":23}},"16":{"start":{"line":43,"column":17},"end":{"line":54,"column":3}},"17":{"start":{"line":44,"column":4},"end":{"line":53,"column":5}},"18":{"start":{"line":45,"column":6},"end":{"line":45,"column":23}},"19":{"start":{"line":46,"column":21},"end":{"line":46,"column":71}},"20":{"start":{"line":47,"column":6},"end":{"line":47,"column":27}},"21":{"start":{"line":49,"column":6},"end":{"line":49,"column":45}},"22":{"start":{"line":50,"column":6},"end":{"line":50,"column":18}},"23":{"start":{"line":52,"column":6},"end":{"line":52,"column":24}},"24":{"start":{"line":56,"column":17},"end":{"line":67,"column":3}},"25":{"start":{"line":57,"column":4},"end":{"line":66,"column":5}},"26":{"start":{"line":58,"column":6},"end":{"line":58,"column":23}},"27":{"start":{"line":59,"column":21},"end":{"line":59,"column":71}},"28":{"start":{"line":60,"column":6},"end":{"line":60,"column":27}},"29":{"start":{"line":62,"column":6},"end":{"line":62,"column":45}},"30":{"start":{"line":63,"column":6},"end":{"line":63,"column":18}},"31":{"start":{"line":65,"column":6},"end":{"line":65,"column":24}},"32":{"start":{"line":69,"column":18},"end":{"line":80,"column":3}},"33":{"start":{"line":70,"column":4},"end":{"line":79,"column":5}},"34":{"start":{"line":71,"column":6},"end":{"line":71,"column":23}},"35":{"start":{"line":72,"column":6},"end":{"line":72,"column":34}},"36":{"start":{"line":73,"column":6},"end":{"line":73,"column":20}},"37":{"start":{"line":75,"column":6},"end":{"line":75,"column":46}},"38":{"start":{"line":76,"column":6},"end":{"line":76,"column":18}},"39":{"start":{"line":78,"column":6},"end":{"line":78,"column":24}},"40":{"start":{"line":82,"column":33},"end":{"line":88,"column":4}},"41":{"start":{"line":90,"column":2},"end":{"line":94,"column":4}},"42":{"start":{"line":22,"column":13},"end":{"line":22,"column":57}},"43":{"start":{"line":97,"column":23},"end":{"line":103,"column":1}},"44":{"start":{"line":98,"column":18},"end":{"line":98,"column":41}},"45":{"start":{"line":99,"column":2},"end":{"line":101,"column":3}},"46":{"start":{"line":100,"column":4},"end":{"line":100,"column":67}},"47":{"start":{"line":102,"column":2},"end":{"line":102,"column":17}},"48":{"start":{"line":97,"column":13},"end":{"line":97,"column":23}}},"fnMap":{"0":{"name":"(anonymous_9)","decl":{"start":{"line":22,"column":57},"end":{"line":22,"column":58}},"loc":{"start":{"line":22,"column":74},"end":{"line":95,"column":1}}},"1":{"name":"(anonymous_10)","decl":{"start":{"line":27,"column":12},"end":{"line":27,"column":15}},"loc":{"start":{"line":27,"column":17},"end":{"line":41,"column":3}}},"2":{"name":"(anonymous_11)","decl":{"start":{"line":28,"column":55},"end":{"line":28,"column":56}},"loc":{"start":{"line":28,"column":64},"end":{"line":31,"column":5}}},"3":{"name":"(anonymous_12)","decl":{"start":{"line":43,"column":17},"end":{"line":43,"column":22}},"loc":{"start":{"line":43,"column":74},"end":{"line":54,"column":3}}},"4":{"name":"(anonymous_13)","decl":{"start":{"line":56,"column":17},"end":{"line":56,"column":22}},"loc":{"start":{"line":56,"column":74},"end":{"line":67,"column":3}}},"5":{"name":"(anonymous_14)","decl":{"start":{"line":69,"column":18},"end":{"line":69,"column":23}},"loc":{"start":{"line":69,"column":44},"end":{"line":80,"column":3}}},"6":{"name":"(anonymous_15)","decl":{"start":{"line":97,"column":23},"end":{"line":97,"column":43}},"loc":{"start":{"line":97,"column":45},"end":{"line":103,"column":1}}}},"branchMap":{"0":{"loc":{"start":{"line":35,"column":4},"end":{"line":37,"column":5}},"type":"if","locations":[{"start":{"line":35,"column":4},"end":{"line":37,"column":5}}]},"1":{"loc":{"start":{"line":99,"column":2},"end":{"line":101,"column":3}},"type":"if","locations":[{"start":{"line":99,"column":2},"end":{"line":101,"column":3}}]}},"s":{"0":1,"1":1,"2":1,"3":1,"4":0,"5":0,"6":0,"7":0,"8":0,"9":0,"10":0,"11":0,"12":0,"13":0,"14":0,"15":0,"16":0,"17":0,"18":0,"19":0,"20":0,"21":0,"22":0,"23":0,"24":0,"25":0,"26":0,"27":0,"28":0,"29":0,"30":0,"31":0,"32":0,"33":0,"34":0,"35":0,"36":0,"37":0,"38":0,"39":0,"40":0,"41":0,"42":1,"43":1,"44":0,"45":0,"46":0,"47":0,"48":1},"f":{"0":0,"1":0,"2":0,"3":0,"4":0,"5":0,"6":0},"b":{"0":[0],"1":[0]}}
,"/Users/fuchangwei/Projects/localite-v7/localite-app-main/src/navigation/AppNavigation.tsx": {"path":"/Users/fuchangwei/Projects/localite-v7/localite-app-main/src/navigation/AppNavigation.tsx","statementMap":{"0":{"start":{"line":5,"column":0},"end":{"line":5,"column":51}},"1":{"start":{"line":6,"column":0},"end":{"line":6,"column":55}},"2":{"start":{"line":7,"column":0},"end":{"line":7,"column":63}},"3":{"start":{"line":8,"column":0},"end":{"line":8,"column":63}},"4":{"start":{"line":9,"column":0},"end":{"line":9,"column":73}},"5":{"start":{"line":11,"column":0},"end":{"line":11,"column":50}},"6":{"start":{"line":13,"column":0},"end":{"line":13,"column":64}},"7":{"start":{"line":17,"column":0},"end":{"line":17,"column":58}},"8":{"start":{"line":18,"column":0},"end":{"line":18,"column":54}},"9":{"start":{"line":19,"column":0},"end":{"line":19,"column":60}},"10":{"start":{"line":22,"column":0},"end":{"line":22,"column":50}},"11":{"start":{"line":23,"column":0},"end":{"line":23,"column":58}},"12":{"start":{"line":24,"column":0},"end":{"line":24,"column":58}},"13":{"start":{"line":27,"column":0},"end":{"line":27,"column":58}},"14":{"start":{"line":29,"column":18},"end":{"line":29,"column":60}},"15":{"start":{"line":30,"column":18},"end":{"line":30,"column":60}},"16":{"start":{"line":31,"column":16},"end":{"line":31,"column":60}},"17":{"start":{"line":33,"column":25},"end":{"line":33,"column":47}},"18":{"start":{"line":36,"column":22},"end":{"line":47,"column":1}},"19":{"start":{"line":37,"column":2},"end":{"line":46,"column":4}},"20":{"start":{"line":50,"column":22},"end":{"line":87,"column":1}},"21":{"start":{"line":51,"column":2},"end":{"line":86,"column":4}},"22":{"start":{"line":90,"column":22},"end":{"line":142,"column":1}},"23":{"start":{"line":91,"column":28},"end":{"line":91,"column":37}},"24":{"start":{"line":92,"column":34},"end":{"line":92,"column":65}},"25":{"start":{"line":93,"column":42},"end":{"line":93,"column":56}},"26":{"start":{"line":96,"column":2},"end":{"line":115,"column":22}},"27":{"start":{"line":97,"column":26},"end":{"line":110,"column":5}},"28":{"start":{"line":98,"column":6},"end":{"line":108,"column":7}},"29":{"start":{"line":99,"column":8},"end":{"line":105,"column":9}},"30":{"start":{"line":100,"column":31},"end":{"line":100,"column":79}},"31":{"start":{"line":101,"column":10},"end":{"line":101,"column":36}},"32":{"start":{"line":103,"column":10},"end":{"line":103,"column":74}},"33":{"start":{"line":104,"column":10},"end":{"line":104,"column":28}},"34":{"start":{"line":107,"column":8},"end":{"line":107,"column":26}},"35":{"start":{"line":109,"column":6},"end":{"line":109,"column":29}},"36":{"start":{"line":112,"column":4},"end":{"line":114,"column":5}},"37":{"start":{"line":113,"column":6},"end":{"line":113,"column":22}},"38":{"start":{"line":117,"column":2},"end":{"line":123,"column":3}},"39":{"start":{"line":118,"column":4},"end":{"line":122,"column":6}},"40":{"start":{"line":125,"column":2},"end":{"line":141,"column":4}},"41":{"start":{"line":144,"column":29},"end":{"line":150,"column":1}},"42":{"start":{"line":145,"column":2},"end":{"line":149,"column":4}},"43":{"start":{"line":144,"column":13},"end":{"line":144,"column":29}}},"fnMap":{"0":{"name":"(anonymous_10)","decl":{"start":{"line":36,"column":22},"end":{"line":36,"column":25}},"loc":{"start":{"line":36,"column":27},"end":{"line":47,"column":1}}},"1":{"name":"(anonymous_11)","decl":{"start":{"line":50,"column":22},"end":{"line":50,"column":25}},"loc":{"start":{"line":50,"column":27},"end":{"line":87,"column":1}}},"2":{"name":"(anonymous_12)","decl":{"start":{"line":90,"column":22},"end":{"line":90,"column":25}},"loc":{"start":{"line":90,"column":27},"end":{"line":142,"column":1}}},"3":{"name":"(anonymous_13)","decl":{"start":{"line":96,"column":12},"end":{"line":96,"column":15}},"loc":{"start":{"line":96,"column":17},"end":{"line":115,"column":3}}},"4":{"name":"(anonymous_14)","decl":{"start":{"line":97,"column":26},"end":{"line":97,"column":31}},"loc":{"start":{"line":97,"column":37},"end":{"line":110,"column":5}}},"5":{"name":"(anonymous_15)","decl":{"start":{"line":144,"column":29},"end":{"line":144,"column":32}},"loc":{"start":{"line":144,"column":34},"end":{"line":150,"column":1}}}},"branchMap":{"0":{"loc":{"start":{"line":98,"column":6},"end":{"line":108,"column":7}},"type":"if","locations":[{"start":{"line":98,"column":6},"end":{"line":108,"column":7}},{"start":{"line":106,"column":13},"end":{"line":108,"column":7}}]},"1":{"loc":{"start":{"line":112,"column":4},"end":{"line":114,"column":5}},"type":"if","locations":[{"start":{"line":112,"column":4},"end":{"line":114,"column":5}}]},"2":{"loc":{"start":{"line":117,"column":2},"end":{"line":123,"column":3}},"type":"if","locations":[{"start":{"line":117,"column":2},"end":{"line":123,"column":3}}]},"3":{"loc":{"start":{"line":117,"column":6},"end":{"line":117,"column":29}},"type":"binary-expr","locations":[{"start":{"line":117,"column":6},"end":{"line":117,"column":13}},{"start":{"line":117,"column":17},"end":{"line":117,"column":29}}]},"4":{"loc":{"start":{"line":130,"column":7},"end":{"line":138,"column":null}},"type":"cond-expr","locations":[{"start":{"line":132,"column":8},"end":{"line":135,"column":null}},{"start":{"line":138,"column":8},"end":{"line":138,"column":66}}]},"5":{"loc":{"start":{"line":132,"column":8},"end":{"line":135,"column":null}},"type":"cond-expr","locations":[{"start":{"line":133,"column":10},"end":{"line":133,"column":77}},{"start":{"line":135,"column":10},"end":{"line":135,"column":68}}]}},"s":{"0":2,"1":2,"2":2,"3":2,"4":2,"5":2,"6":2,"7":2,"8":2,"9":2,"10":2,"11":2,"12":2,"13":2,"14":2,"15":2,"16":2,"17":2,"18":2,"19":6,"20":2,"21":0,"22":2,"23":12,"24":12,"25":12,"26":12,"27":6,"28":6,"29":0,"30":0,"31":0,"32":0,"33":0,"34":6,"35":6,"36":6,"37":6,"38":12,"39":6,"40":6,"41":2,"42":6,"43":2},"f":{"0":6,"1":0,"2":12,"3":6,"4":6,"5":6},"b":{"0":[0,6],"1":[6],"2":[6],"3":[12,12],"4":[0,6],"5":[0,0]}}
,"/Users/fuchangwei/Projects/localite-v7/localite-app-main/src/navigation/MerchantNavigation.tsx": {"path":"/Users/fuchangwei/Projects/localite-v7/localite-app-main/src/navigation/MerchantNavigation.tsx","statementMap":{"0":{"start":{"line":5,"column":0},"end":{"line":5,"column":26}},"1":{"start":{"line":6,"column":0},"end":{"line":6,"column":63}},"2":{"start":{"line":10,"column":0},"end":{"line":10,"column":80}},"3":{"start":{"line":11,"column":0},"end":{"line":11,"column":82}},"4":{"start":{"line":12,"column":0},"end":{"line":12,"column":64}},"5":{"start":{"line":14,"column":22},"end":{"line":14,"column":68}},"6":{"start":{"line":16,"column":34},"end":{"line":79,"column":1}},"7":{"start":{"line":17,"column":2},"end":{"line":78,"column":4}},"8":{"start":{"line":44,"column":28},"end":{"line":44,"column":32}},"9":{"start":{"line":16,"column":13},"end":{"line":16,"column":34}}},"fnMap":{"0":{"name":"(anonymous_1)","decl":{"start":{"line":16,"column":34},"end":{"line":16,"column":37}},"loc":{"start":{"line":16,"column":39},"end":{"line":79,"column":1}}},"1":{"name":"(anonymous_2)","decl":{"start":{"line":44,"column":22},"end":{"line":44,"column":25}},"loc":{"start":{"line":44,"column":28},"end":{"line":44,"column":32}}}},"branchMap":{},"s":{"0":1,"1":1,"2":1,"3":1,"4":1,"5":1,"6":1,"7":0,"8":0,"9":1},"f":{"0":0,"1":0},"b":{}}
,"/Users/fuchangwei/Projects/localite-v7/localite-app-main/src/screens/auth/LoginScreen.tsx": {"path":"/Users/fuchangwei/Projects/localite-v7/localite-app-main/src/screens/auth/LoginScreen.tsx","statementMap":{"0":{"start":{"line":5,"column":0},"end":{"line":5,"column":40}},"1":{"start":{"line":6,"column":0},"end":{"line":6,"column":null}},"2":{"start":{"line":16,"column":0},"end":{"line":16,"column":53}},"3":{"start":{"line":20,"column":48},"end":{"line":116,"column":1}},"4":{"start":{"line":21,"column":28},"end":{"line":21,"column":40}},"5":{"start":{"line":22,"column":34},"end":{"line":22,"column":46}},"6":{"start":{"line":23,"column":32},"end":{"line":23,"column":47}},"7":{"start":{"line":24,"column":21},"end":{"line":24,"column":30}},"8":{"start":{"line":26,"column":22},"end":{"line":42,"column":3}},"9":{"start":{"line":27,"column":4},"end":{"line":30,"column":5}},"10":{"start":{"line":28,"column":6},"end":{"line":28,"column":41}},"11":{"start":{"line":29,"column":6},"end":{"line":29,"column":13}},"12":{"start":{"line":32,"column":4},"end":{"line":41,"column":5}},"13":{"start":{"line":33,"column":6},"end":{"line":33,"column":23}},"14":{"start":{"line":34,"column":6},"end":{"line":34,"column":36}},"15":{"start":{"line":37,"column":6},"end":{"line":37,"column":43}},"16":{"start":{"line":38,"column":6},"end":{"line":38,"column":62}},"17":{"start":{"line":40,"column":6},"end":{"line":40,"column":24}},"18":{"start":{"line":44,"column":26},"end":{"line":46,"column":3}},"19":{"start":{"line":45,"column":4},"end":{"line":45,"column":24}},"20":{"start":{"line":48,"column":30},"end":{"line":50,"column":3}},"21":{"start":{"line":49,"column":4},"end":{"line":49,"column":36}},"22":{"start":{"line":52,"column":2},"end":{"line":115,"column":4}},"23":{"start":{"line":118,"column":15},"end":{"line":197,"column":2}},"24":{"start":{"line":199,"column":0},"end":{"line":199,"column":27}}},"fnMap":{"0":{"name":"(anonymous_9)","decl":{"start":{"line":20,"column":48},"end":{"line":20,"column":49}},"loc":{"start":{"line":20,"column":67},"end":{"line":116,"column":1}}},"1":{"name":"(anonymous_10)","decl":{"start":{"line":26,"column":22},"end":{"line":26,"column":27}},"loc":{"start":{"line":26,"column":33},"end":{"line":42,"column":3}}},"2":{"name":"(anonymous_11)","decl":{"start":{"line":44,"column":26},"end":{"line":44,"column":29}},"loc":{"start":{"line":44,"column":31},"end":{"line":46,"column":3}}},"3":{"name":"(anonymous_12)","decl":{"start":{"line":48,"column":30},"end":{"line":48,"column":33}},"loc":{"start":{"line":48,"column":35},"end":{"line":50,"column":3}}}},"branchMap":{"0":{"loc":{"start":{"line":27,"column":4},"end":{"line":30,"column":5}},"type":"if","locations":[{"start":{"line":27,"column":4},"end":{"line":30,"column":5}}]},"1":{"loc":{"start":{"line":27,"column":8},"end":{"line":27,"column":27}},"type":"binary-expr","locations":[{"start":{"line":27,"column":8},"end":{"line":27,"column":14}},{"start":{"line":27,"column":18},"end":{"line":27,"column":27}}]},"2":{"loc":{"start":{"line":38,"column":26},"end":{"line":38,"column":60}},"type":"binary-expr","locations":[{"start":{"line":38,"column":26},"end":{"line":38,"column":39}},{"start":{"line":38,"column":43},"end":{"line":38,"column":60}}]},"3":{"loc":{"start":{"line":94,"column":40},"end":{"line":94,"column":72}},"type":"binary-expr","locations":[{"start":{"line":94,"column":40},"end":{"line":94,"column":47}},{"start":{"line":94,"column":51},"end":{"line":94,"column":72}}]},"4":{"loc":{"start":{"line":99,"column":13},"end":{"line":102,"column":null}},"type":"cond-expr","locations":[{"start":{"line":100,"column":14},"end":{"line":100,"column":51}},{"start":{"line":102,"column":14},"end":{"line":102,"column":60}}]}},"s":{"0":1,"1":1,"2":1,"3":1,"4":0,"5":0,"6":0,"7":0,"8":0,"9":0,"10":0,"11":0,"12":0,"13":0,"14":0,"15":0,"16":0,"17":0,"18":0,"19":0,"20":0,"21":0,"22":0,"23":1,"24":1},"f":{"0":0,"1":0,"2":0,"3":0},"b":{"0":[0],"1":[0,0],"2":[0,0],"3":[0,0],"4":[0,0]}}
,"/Users/fuchangwei/Projects/localite-v7/localite-app-main/src/screens/auth/RegisterScreen.tsx": {"path":"/Users/fuchangwei/Projects/localite-v7/localite-app-main/src/screens/auth/RegisterScreen.tsx","statementMap":{"0":{"start":{"line":5,"column":0},"end":{"line":5,"column":40}},"1":{"start":{"line":6,"column":0},"end":{"line":6,"column":null}},"2":{"start":{"line":16,"column":0},"end":{"line":16,"column":53}},"3":{"start":{"line":20,"column":54},"end":{"line":136,"column":1}},"4":{"start":{"line":21,"column":28},"end":{"line":21,"column":40}},"5":{"start":{"line":22,"column":34},"end":{"line":22,"column":46}},"6":{"start":{"line":23,"column":48},"end":{"line":23,"column":60}},"7":{"start":{"line":24,"column":32},"end":{"line":24,"column":47}},"8":{"start":{"line":25,"column":21},"end":{"line":25,"column":30}},"9":{"start":{"line":27,"column":25},"end":{"line":53,"column":3}},"10":{"start":{"line":28,"column":4},"end":{"line":31,"column":5}},"11":{"start":{"line":29,"column":6},"end":{"line":29,"column":35}},"12":{"start":{"line":30,"column":6},"end":{"line":30,"column":13}},"13":{"start":{"line":33,"column":4},"end":{"line":36,"column":5}},"14":{"start":{"line":34,"column":6},"end":{"line":34,"column":35}},"15":{"start":{"line":35,"column":6},"end":{"line":35,"column":13}},"16":{"start":{"line":38,"column":4},"end":{"line":41,"column":5}},"17":{"start":{"line":39,"column":6},"end":{"line":39,"column":42}},"18":{"start":{"line":40,"column":6},"end":{"line":40,"column":13}},"19":{"start":{"line":43,"column":4},"end":{"line":52,"column":5}},"20":{"start":{"line":44,"column":6},"end":{"line":44,"column":23}},"21":{"start":{"line":45,"column":6},"end":{"line":45,"column":36}},"22":{"start":{"line":48,"column":6},"end":{"line":48,"column":46}},"23":{"start":{"line":49,"column":6},"end":{"line":49,"column":56}},"24":{"start":{"line":51,"column":6},"end":{"line":51,"column":24}},"25":{"start":{"line":55,"column":26},"end":{"line":57,"column":3}},"26":{"start":{"line":56,"column":4},"end":{"line":56,"column":24}},"27":{"start":{"line":59,"column":27},"end":{"line":61,"column":3}},"28":{"start":{"line":60,"column":4},"end":{"line":60,"column":33}},"29":{"start":{"line":63,"column":2},"end":{"line":135,"column":4}},"30":{"start":{"line":138,"column":15},"end":{"line":217,"column":2}},"31":{"start":{"line":219,"column":0},"end":{"line":219,"column":30}}},"fnMap":{"0":{"name":"(anonymous_9)","decl":{"start":{"line":20,"column":54},"end":{"line":20,"column":55}},"loc":{"start":{"line":20,"column":73},"end":{"line":136,"column":1}}},"1":{"name":"(anonymous_10)","decl":{"start":{"line":27,"column":25},"end":{"line":27,"column":30}},"loc":{"start":{"line":27,"column":36},"end":{"line":53,"column":3}}},"2":{"name":"(anonymous_11)","decl":{"start":{"line":55,"column":26},"end":{"line":55,"column":29}},"loc":{"start":{"line":55,"column":31},"end":{"line":57,"column":3}}},"3":{"name":"(anonymous_12)","decl":{"start":{"line":59,"column":27},"end":{"line":59,"column":30}},"loc":{"start":{"line":59,"column":32},"end":{"line":61,"column":3}}}},"branchMap":{"0":{"loc":{"start":{"line":28,"column":4},"end":{"line":31,"column":5}},"type":"if","locations":[{"start":{"line":28,"column":4},"end":{"line":31,"column":5}}]},"1":{"loc":{"start":{"line":28,"column":8},"end":{"line":28,"column":47}},"type":"binary-expr","locations":[{"start":{"line":28,"column":8},"end":{"line":28,"column":14}},{"start":{"line":28,"column":18},"end":{"line":28,"column":27}},{"start":{"line":28,"column":31},"end":{"line":28,"column":47}}]},"2":{"loc":{"start":{"line":33,"column":4},"end":{"line":36,"column":5}},"type":"if","locations":[{"start":{"line":33,"column":4},"end":{"line":36,"column":5}}]},"3":{"loc":{"start":{"line":38,"column":4},"end":{"line":41,"column":5}},"type":"if","locations":[{"start":{"line":38,"column":4},"end":{"line":41,"column":5}}]},"4":{"loc":{"start":{"line":49,"column":26},"end":{"line":49,"column":54}},"type":"binary-expr","locations":[{"start":{"line":49,"column":26},"end":{"line":49,"column":39}},{"start":{"line":49,"column":43},"end":{"line":49,"column":54}}]},"5":{"loc":{"start":{"line":115,"column":43},"end":{"line":115,"column":75}},"type":"binary-expr","locations":[{"start":{"line":115,"column":43},"end":{"line":115,"column":50}},{"start":{"line":115,"column":54},"end":{"line":115,"column":75}}]},"6":{"loc":{"start":{"line":119,"column":13},"end":{"line":122,"column":null}},"type":"cond-expr","locations":[{"start":{"line":120,"column":14},"end":{"line":120,"column":51}},{"start":{"line":122,"column":14},"end":{"line":122,"column":63}}]}},"s":{"0":1,"1":1,"2":1,"3":1,"4":0,"5":0,"6":0,"7":0,"8":0,"9":0,"10":0,"11":0,"12":0,"13":0,"14":0,"15":0,"16":0,"17":0,"18":0,"19":0,"20":0,"21":0,"22":0,"23":0,"24":0,"25":0,"26":0,"27":0,"28":0,"29":0,"30":1,"31":1},"f":{"0":0,"1":0,"2":0,"3":0},"b":{"0":[0],"1":[0,0,0],"2":[0],"3":[0],"4":[0,0],"5":[0,0],"6":[0,0]}}
,"/Users/fuchangwei/Projects/localite-v7/localite-app-main/src/screens/auth/WelcomeScreen.tsx": {"path":"/Users/fuchangwei/Projects/localite-v7/localite-app-main/src/screens/auth/WelcomeScreen.tsx","statementMap":{"0":{"start":{"line":5,"column":0},"end":{"line":5,"column":26}},"1":{"start":{"line":6,"column":0},"end":{"line":6,"column":79}},"2":{"start":{"line":11,"column":52},"end":{"line":51,"column":1}},"3":{"start":{"line":12,"column":27},"end":{"line":14,"column":3}},"4":{"start":{"line":13,"column":4},"end":{"line":13,"column":33}},"5":{"start":{"line":16,"column":30},"end":{"line":18,"column":3}},"6":{"start":{"line":17,"column":4},"end":{"line":17,"column":36}},"7":{"start":{"line":20,"column":2},"end":{"line":50,"column":4}},"8":{"start":{"line":53,"column":15},"end":{"line":111,"column":2}},"9":{"start":{"line":113,"column":0},"end":{"line":113,"column":29}}},"fnMap":{"0":{"name":"(anonymous_1)","decl":{"start":{"line":11,"column":52},"end":{"line":11,"column":53}},"loc":{"start":{"line":11,"column":71},"end":{"line":51,"column":1}}},"1":{"name":"(anonymous_2)","decl":{"start":{"line":12,"column":27},"end":{"line":12,"column":30}},"loc":{"start":{"line":12,"column":32},"end":{"line":14,"column":3}}},"2":{"name":"(anonymous_3)","decl":{"start":{"line":16,"column":30},"end":{"line":16,"column":33}},"loc":{"start":{"line":16,"column":35},"end":{"line":18,"column":3}}}},"branchMap":{},"s":{"0":1,"1":1,"2":1,"3":0,"4":0,"5":0,"6":0,"7":0,"8":1,"9":1},"f":{"0":0,"1":0,"2":0},"b":{}}
,"/Users/fuchangwei/Projects/localite-v7/localite-app-main/src/screens/main/ExploreScreen.tsx": {"path":"/Users/fuchangwei/Projects/localite-v7/localite-app-main/src/screens/main/ExploreScreen.tsx","statementMap":{"0":{"start":{"line":5,"column":0},"end":{"line":5,"column":26}},"1":{"start":{"line":6,"column":0},"end":{"line":6,"column":54}},"2":{"start":{"line":11,"column":52},"end":{"line":19,"column":1}},"3":{"start":{"line":12,"column":2},"end":{"line":18,"column":4}},"4":{"start":{"line":21,"column":15},"end":{"line":40,"column":2}},"5":{"start":{"line":42,"column":0},"end":{"line":42,"column":29}}},"fnMap":{"0":{"name":"(anonymous_1)","decl":{"start":{"line":11,"column":52},"end":{"line":11,"column":55}},"loc":{"start":{"line":11,"column":57},"end":{"line":19,"column":1}}}},"branchMap":{},"s":{"0":1,"1":1,"2":1,"3":0,"4":1,"5":1},"f":{"0":0},"b":{}}
,"/Users/fuchangwei/Projects/localite-v7/localite-app-main/src/screens/main/ProfileScreen.tsx": {"path":"/Users/fuchangwei/Projects/localite-v7/localite-app-main/src/screens/main/ProfileScreen.tsx","statementMap":{"0":{"start":{"line":5,"column":0},"end":{"line":5,"column":26}},"1":{"start":{"line":6,"column":0},"end":{"line":6,"column":79}},"2":{"start":{"line":8,"column":0},"end":{"line":8,"column":53}},"3":{"start":{"line":12,"column":52},"end":{"line":72,"column":1}},"4":{"start":{"line":13,"column":28},"end":{"line":13,"column":37}},"5":{"start":{"line":15,"column":24},"end":{"line":38,"column":3}},"6":{"start":{"line":16,"column":4},"end":{"line":37,"column":6}},"7":{"start":{"line":28,"column":12},"end":{"line":33,"column":13}},"8":{"start":{"line":29,"column":14},"end":{"line":29,"column":30}},"9":{"start":{"line":31,"column":14},"end":{"line":31,"column":54}},"10":{"start":{"line":32,"column":14},"end":{"line":32,"column":46}},"11":{"start":{"line":40,"column":2},"end":{"line":71,"column":4}},"12":{"start":{"line":74,"column":15},"end":{"line":124,"column":2}},"13":{"start":{"line":126,"column":0},"end":{"line":126,"column":29}}},"fnMap":{"0":{"name":"(anonymous_1)","decl":{"start":{"line":12,"column":52},"end":{"line":12,"column":55}},"loc":{"start":{"line":12,"column":57},"end":{"line":72,"column":1}}},"1":{"name":"(anonymous_2)","decl":{"start":{"line":15,"column":24},"end":{"line":15,"column":29}},"loc":{"start":{"line":15,"column":35},"end":{"line":38,"column":3}}},"2":{"name":"(anonymous_3)","decl":{"start":{"line":27,"column":19},"end":{"line":27,"column":24}},"loc":{"start":{"line":27,"column":30},"end":{"line":34,"column":11}}}},"branchMap":{"0":{"loc":{"start":{"line":47,"column":9},"end":{"line":59,"column":null}},"type":"binary-expr","locations":[{"start":{"line":47,"column":9},"end":{"line":47,"column":13}},{"start":{"line":48,"column":10},"end":{"line":58,"column":null}}]},"1":{"loc":{"start":{"line":57,"column":15},"end":{"line":57,"column":49}},"type":"cond-expr","locations":[{"start":{"line":57,"column":36},"end":{"line":57,"column":41}},{"start":{"line":57,"column":44},"end":{"line":57,"column":49}}]}},"s":{"0":1,"1":1,"2":1,"3":1,"4":0,"5":0,"6":0,"7":0,"8":0,"9":0,"10":0,"11":0,"12":1,"13":1},"f":{"0":0,"1":0,"2":0},"b":{"0":[0,0],"1":[0,0]}}
,"/Users/fuchangwei/Projects/localite-v7/localite-app-main/src/screens/merchant/AddPlaceScreen.tsx": {"path":"/Users/fuchangwei/Projects/localite-v7/localite-app-main/src/screens/merchant/AddPlaceScreen.tsx","statementMap":{"0":{"start":{"line":32,"column":0},"end":{"line":32,"column":24}},"1":{"start":{"line":1,"column":0},"end":{"line":1,"column":40}},"2":{"start":{"line":2,"column":0},"end":{"line":2,"column":null}},"3":{"start":{"line":15,"column":0},"end":{"line":15,"column":57}},"4":{"start":{"line":16,"column":0},"end":{"line":16,"column":49}},"5":{"start":{"line":17,"column":0},"end":{"line":17,"column":53}},"6":{"start":{"line":18,"column":0},"end":{"line":18,"column":67}},"7":{"start":{"line":19,"column":0},"end":{"line":19,"column":79}},"8":{"start":{"line":23,"column":25},"end":{"line":23,"column":47}},"9":{"start":{"line":24,"column":23},"end":{"line":24,"column":51}},"10":{"start":{"line":33,"column":21},"end":{"line":33,"column":36}},"11":{"start":{"line":34,"column":19},"end":{"line":34,"column":28}},"12":{"start":{"line":36,"column":34},"end":{"line":48,"column":4}},"13":{"start":{"line":50,"column":30},"end":{"line":50,"column":56}},"14":{"start":{"line":51,"column":36},"end":{"line":51,"column":51}},"15":{"start":{"line":53,"column":21},"end":{"line":63,"column":4}},"16":{"start":{"line":65,"column":33},"end":{"line":72,"column":3}},"17":{"start":{"line":66,"column":23},"end":{"line":66,"column":78}},"18":{"start":{"line":67,"column":4},"end":{"line":70,"column":5}},"19":{"start":{"line":68,"column":6},"end":{"line":68,"column":43}},"20":{"start":{"line":69,"column":6},"end":{"line":69,"column":19}},"21":{"start":{"line":71,"column":4},"end":{"line":71,"column":16}},"22":{"start":{"line":74,"column":20},"end":{"line":99,"column":3}},"23":{"start":{"line":75,"column":26},"end":{"line":75,"column":56}},"24":{"start":{"line":76,"column":4},"end":{"line":76,"column":31}},"25":{"start":{"line":76,"column":24},"end":{"line":76,"column":31}},"26":{"start":{"line":78,"column":4},"end":{"line":98,"column":5}},"27":{"start":{"line":79,"column":21},"end":{"line":85,"column":8}},"28":{"start":{"line":87,"column":6},"end":{"line":94,"column":7}},"29":{"start":{"line":88,"column":26},"end":{"line":92,"column":11}},"30":{"start":{"line":88,"column":54},"end":{"line":92,"column":10}},"31":{"start":{"line":93,"column":8},"end":{"line":93,"column":51}},"32":{"start":{"line":93,"column":26},"end":{"line":93,"column":49}},"33":{"start":{"line":96,"column":6},"end":{"line":96,"column":51}},"34":{"start":{"line":97,"column":6},"end":{"line":97,"column":37}},"35":{"start":{"line":101,"column":20},"end":{"line":128,"column":3}},"36":{"start":{"line":102,"column":23},"end":{"line":102,"column":72}},"37":{"start":{"line":103,"column":4},"end":{"line":106,"column":5}},"38":{"start":{"line":104,"column":6},"end":{"line":104,"column":41}},"39":{"start":{"line":105,"column":6},"end":{"line":105,"column":13}},"40":{"start":{"line":108,"column":4},"end":{"line":127,"column":5}},"41":{"start":{"line":109,"column":21},"end":{"line":113,"column":8}},"42":{"start":{"line":115,"column":6},"end":{"line":123,"column":7}},"43":{"start":{"line":116,"column":22},"end":{"line":116,"column":38}},"44":{"start":{"line":117,"column":25},"end":{"line":121,"column":10}},"45":{"start":{"line":122,"column":8},"end":{"line":122,"column":47}},"46":{"start":{"line":122,"column":26},"end":{"line":122,"column":45}},"47":{"start":{"line":125,"column":6},"end":{"line":125,"column":50}},"48":{"start":{"line":126,"column":6},"end":{"line":126,"column":37}},"49":{"start":{"line":130,"column":22},"end":{"line":132,"column":3}},"50":{"start":{"line":131,"column":4},"end":{"line":131,"column":58}},"51":{"start":{"line":131,"column":22},"end":{"line":131,"column":56}},"52":{"start":{"line":131,"column":44},"end":{"line":131,"column":55}},"53":{"start":{"line":134,"column":26},"end":{"line":144,"column":3}},"54":{"start":{"line":135,"column":4},"end":{"line":143,"column":6}},"55":{"start":{"line":146,"column":23},"end":{"line":176,"column":3}},"56":{"start":{"line":147,"column":4},"end":{"line":147,"column":39}},"57":{"start":{"line":147,"column":29},"end":{"line":147,"column":39}},"58":{"start":{"line":149,"column":27},"end":{"line":173,"column":6}},"59":{"start":{"line":150,"column":23},"end":{"line":150,"column":57}},"60":{"start":{"line":153,"column":23},"end":{"line":153,"column":45}},"61":{"start":{"line":154,"column":19},"end":{"line":154,"column":40}},"62":{"start":{"line":156,"column":41},"end":{"line":169,"column":8}},"63":{"start":{"line":171,"column":27},"end":{"line":171,"column":71}},"64":{"start":{"line":172,"column":6},"end":{"line":172,"column":38}},"65":{"start":{"line":175,"column":4},"end":{"line":175,"column":39}},"66":{"start":{"line":178,"column":23},"end":{"line":246,"column":3}},"67":{"start":{"line":179,"column":4},"end":{"line":182,"column":5}},"68":{"start":{"line":180,"column":6},"end":{"line":180,"column":32}},"69":{"start":{"line":181,"column":6},"end":{"line":181,"column":13}},"70":{"start":{"line":184,"column":4},"end":{"line":187,"column":5}},"71":{"start":{"line":185,"column":6},"end":{"line":185,"column":35}},"72":{"start":{"line":186,"column":6},"end":{"line":186,"column":13}},"73":{"start":{"line":189,"column":4},"end":{"line":189,"column":23}},"74":{"start":{"line":191,"column":4},"end":{"line":245,"column":5}},"75":{"start":{"line":193,"column":24},"end":{"line":193,"column":44}},"76":{"start":{"line":196,"column":19},"end":{"line":199,"column":38}},"77":{"start":{"line":198,"column":20},"end":{"line":198,"column":30}},"78":{"start":{"line":199,"column":23},"end":{"line":199,"column":37}},"79":{"start":{"line":202,"column":28},"end":{"line":207,"column":8}},"80":{"start":{"line":209,"column":6},"end":{"line":214,"column":7}},"81":{"start":{"line":210,"column":8},"end":{"line":213,"column":10}},"82":{"start":{"line":216,"column":41},"end":{"line":226,"column":8}},"83":{"start":{"line":228,"column":6},"end":{"line":228,"column":52}},"84":{"start":{"line":230,"column":6},"end":{"line":239,"column":8}},"85":{"start":{"line":236,"column":27},"end":{"line":236,"column":46}},"86":{"start":{"line":241,"column":6},"end":{"line":241,"column":52}},"87":{"start":{"line":242,"column":6},"end":{"line":242,"column":35}},"88":{"start":{"line":244,"column":6},"end":{"line":244,"column":26}},"89":{"start":{"line":248,"column":22},"end":{"line":257,"column":null}},"90":{"start":{"line":249,"column":4},"end":{"line":256,"column":null}},"91":{"start":{"line":253,"column":23},"end":{"line":253,"column":41}},"92":{"start":{"line":260,"column":2},"end":{"line":447,"column":4}},"93":{"start":{"line":277,"column":38},"end":{"line":277,"column":78}},"94":{"start":{"line":287,"column":16},"end":{"line":288,"column":null}},"95":{"start":{"line":293,"column":33},"end":{"line":293,"column":94}},"96":{"start":{"line":313,"column":38},"end":{"line":313,"column":85}},"97":{"start":{"line":327,"column":38},"end":{"line":327,"column":78}},"98":{"start":{"line":344,"column":47},"end":{"line":344,"column":63}},"99":{"start":{"line":362,"column":38},"end":{"line":362,"column":80}},"100":{"start":{"line":374,"column":40},"end":{"line":374,"column":80}},"101":{"start":{"line":385,"column":40},"end":{"line":385,"column":86}},"102":{"start":{"line":399,"column":40},"end":{"line":399,"column":84}},"103":{"start":{"line":411,"column":40},"end":{"line":411,"column":85}},"104":{"start":{"line":423,"column":29},"end":{"line":423,"column":87}},"105":{"start":{"line":450,"column":15},"end":{"line":639,"column":2}}},"fnMap":{"0":{"name":"AddPlaceScreen","decl":{"start":{"line":32,"column":24},"end":{"line":32,"column":38}},"loc":{"start":{"line":32,"column":38},"end":{"line":448,"column":1}}},"1":{"name":"(anonymous_10)","decl":{"start":{"line":65,"column":33},"end":{"line":65,"column":38}},"loc":{"start":{"line":65,"column":44},"end":{"line":72,"column":3}}},"2":{"name":"(anonymous_11)","decl":{"start":{"line":74,"column":20},"end":{"line":74,"column":25}},"loc":{"start":{"line":74,"column":31},"end":{"line":99,"column":3}}},"3":{"name":"(anonymous_12)","decl":{"start":{"line":88,"column":44},"end":{"line":88,"column":49}},"loc":{"start":{"line":88,"column":54},"end":{"line":92,"column":10}}},"4":{"name":"(anonymous_13)","decl":{"start":{"line":93,"column":18},"end":{"line":93,"column":22}},"loc":{"start":{"line":93,"column":26},"end":{"line":93,"column":49}}},"5":{"name":"(anonymous_14)","decl":{"start":{"line":101,"column":20},"end":{"line":101,"column":25}},"loc":{"start":{"line":101,"column":31},"end":{"line":128,"column":3}}},"6":{"name":"(anonymous_15)","decl":{"start":{"line":122,"column":18},"end":{"line":122,"column":22}},"loc":{"start":{"line":122,"column":26},"end":{"line":122,"column":45}}},"7":{"name":"(anonymous_16)","decl":{"start":{"line":130,"column":22},"end":{"line":130,"column":23}},"loc":{"start":{"line":130,"column":40},"end":{"line":132,"column":3}}},"8":{"name":"(anonymous_17)","decl":{"start":{"line":131,"column":14},"end":{"line":131,"column":18}},"loc":{"start":{"line":131,"column":22},"end":{"line":131,"column":56}}},"9":{"name":"(anonymous_18)","decl":{"start":{"line":131,"column":34},"end":{"line":131,"column":35}},"loc":{"start":{"line":131,"column":44},"end":{"line":131,"column":55}}},"10":{"name":"(anonymous_19)","decl":{"start":{"line":134,"column":26},"end":{"line":134,"column":29}},"loc":{"start":{"line":134,"column":31},"end":{"line":144,"column":3}}},"11":{"name":"(anonymous_20)","decl":{"start":{"line":146,"column":23},"end":{"line":146,"column":28}},"loc":{"start":{"line":146,"column":53},"end":{"line":176,"column":3}}},"12":{"name":"(anonymous_21)","decl":{"start":{"line":149,"column":38},"end":{"line":149,"column":43}},"loc":{"start":{"line":149,"column":61},"end":{"line":173,"column":5}}},"13":{"name":"(anonymous_22)","decl":{"start":{"line":178,"column":23},"end":{"line":178,"column":28}},"loc":{"start":{"line":178,"column":34},"end":{"line":246,"column":3}}},"14":{"name":"(anonymous_23)","decl":{"start":{"line":198,"column":13},"end":{"line":198,"column":16}},"loc":{"start":{"line":198,"column":20},"end":{"line":198,"column":30}}},"15":{"name":"(anonymous_24)","decl":{"start":{"line":199,"column":16},"end":{"line":199,"column":19}},"loc":{"start":{"line":199,"column":23},"end":{"line":199,"column":37}}},"16":{"name":"(anonymous_25)","decl":{"start":{"line":236,"column":21},"end":{"line":236,"column":24}},"loc":{"start":{"line":236,"column":27},"end":{"line":236,"column":46}}},"17":{"name":"(anonymous_26)","decl":{"start":{"line":248,"column":22},"end":{"line":248,"column":23}},"loc":{"start":{"line":249,"column":4},"end":{"line":256,"column":null}}},"18":{"name":"(anonymous_27)","decl":{"start":{"line":253,"column":17},"end":{"line":253,"column":20}},"loc":{"start":{"line":253,"column":23},"end":{"line":253,"column":41}}},"19":{"name":"(anonymous_28)","decl":{"start":{"line":277,"column":28},"end":{"line":277,"column":29}},"loc":{"start":{"line":277,"column":38},"end":{"line":277,"column":78}}},"20":{"name":"(anonymous_29)","decl":{"start":{"line":286,"column":30},"end":{"line":286,"column":31}},"loc":{"start":{"line":287,"column":16},"end":{"line":288,"column":null}}},"21":{"name":"(anonymous_30)","decl":{"start":{"line":293,"column":27},"end":{"line":293,"column":30}},"loc":{"start":{"line":293,"column":33},"end":{"line":293,"column":94}}},"22":{"name":"(anonymous_31)","decl":{"start":{"line":313,"column":28},"end":{"line":313,"column":29}},"loc":{"start":{"line":313,"column":38},"end":{"line":313,"column":85}}},"23":{"name":"(anonymous_32)","decl":{"start":{"line":327,"column":28},"end":{"line":327,"column":29}},"loc":{"start":{"line":327,"column":38},"end":{"line":327,"column":78}}},"24":{"name":"(anonymous_33)","decl":{"start":{"line":344,"column":30},"end":{"line":344,"column":31}},"loc":{"start":{"line":344,"column":47},"end":{"line":344,"column":63}}},"25":{"name":"(anonymous_34)","decl":{"start":{"line":362,"column":28},"end":{"line":362,"column":29}},"loc":{"start":{"line":362,"column":38},"end":{"line":362,"column":80}}},"26":{"name":"(anonymous_35)","decl":{"start":{"line":374,"column":30},"end":{"line":374,"column":31}},"loc":{"start":{"line":374,"column":40},"end":{"line":374,"column":80}}},"27":{"name":"(anonymous_36)","decl":{"start":{"line":385,"column":30},"end":{"line":385,"column":31}},"loc":{"start":{"line":385,"column":40},"end":{"line":385,"column":86}}},"28":{"name":"(anonymous_37)","decl":{"start":{"line":399,"column":30},"end":{"line":399,"column":31}},"loc":{"start":{"line":399,"column":40},"end":{"line":399,"column":84}}},"29":{"name":"(anonymous_38)","decl":{"start":{"line":411,"column":30},"end":{"line":411,"column":31}},"loc":{"start":{"line":411,"column":40},"end":{"line":411,"column":85}}},"30":{"name":"(anonymous_39)","decl":{"start":{"line":423,"column":23},"end":{"line":423,"column":26}},"loc":{"start":{"line":423,"column":29},"end":{"line":423,"column":87}}}},"branchMap":{"0":{"loc":{"start":{"line":67,"column":4},"end":{"line":70,"column":5}},"type":"if","locations":[{"start":{"line":67,"column":4},"end":{"line":70,"column":5}}]},"1":{"loc":{"start":{"line":76,"column":4},"end":{"line":76,"column":31}},"type":"if","locations":[{"start":{"line":76,"column":4},"end":{"line":76,"column":31}}]},"2":{"loc":{"start":{"line":87,"column":6},"end":{"line":94,"column":7}},"type":"if","locations":[{"start":{"line":87,"column":6},"end":{"line":94,"column":7}}]},"3":{"loc":{"start":{"line":87,"column":10},"end":{"line":87,"column":43}},"type":"binary-expr","locations":[{"start":{"line":87,"column":10},"end":{"line":87,"column":26}},{"start":{"line":87,"column":30},"end":{"line":87,"column":43}}]},"4":{"loc":{"start":{"line":103,"column":4},"end":{"line":106,"column":5}},"type":"if","locations":[{"start":{"line":103,"column":4},"end":{"line":106,"column":5}}]},"5":{"loc":{"start":{"line":115,"column":6},"end":{"line":123,"column":7}},"type":"if","locations":[{"start":{"line":115,"column":6},"end":{"line":123,"column":7}}]},"6":{"loc":{"start":{"line":115,"column":10},"end":{"line":115,"column":50}},"type":"binary-expr","locations":[{"start":{"line":115,"column":10},"end":{"line":115,"column":26}},{"start":{"line":115,"column":30},"end":{"line":115,"column":48}}]},"7":{"loc":{"start":{"line":115,"column":30},"end":{"line":115,"column":48}},"type":"cond-expr","locations":[{"start":{"line":115,"column":43},"end":{"line":115,"column":46}},{"start":{"line":115,"column":43},"end":{"line":115,"column":48}}]},"8":{"loc":{"start":{"line":115,"column":30},"end":{"line":115,"column":46}},"type":"binary-expr","locations":[{"start":{"line":115,"column":30},"end":{"line":115,"column":46}},{"start":{"line":115,"column":43},"end":{"line":115,"column":46}}]},"9":{"loc":{"start":{"line":147,"column":4},"end":{"line":147,"column":39}},"type":"if","locations":[{"start":{"line":147,"column":4},"end":{"line":147,"column":39}}]},"10":{"loc":{"start":{"line":159,"column":16},"end":{"line":159,"column":31}},"type":"binary-expr","locations":[{"start":{"line":159,"column":16},"end":{"line":159,"column":25}},{"start":{"line":159,"column":29},"end":{"line":159,"column":31}}]},"11":{"loc":{"start":{"line":159,"column":16},"end":{"line":159,"column":25}},"type":"cond-expr","locations":[{"start":{"line":159,"column":20},"end":{"line":159,"column":22}},{"start":{"line":159,"column":16},"end":{"line":159,"column":25}}]},"12":{"loc":{"start":{"line":159,"column":16},"end":{"line":159,"column":22}},"type":"binary-expr","locations":[{"start":{"line":159,"column":16},"end":{"line":159,"column":22}},{"start":{"line":159,"column":16},"end":{"line":159,"column":22}}]},"13":{"loc":{"start":{"line":165,"column":24},"end":{"line":165,"column":41}},"type":"binary-expr","locations":[{"start":{"line":165,"column":24},"end":{"line":165,"column":35}},{"start":{"line":165,"column":39},"end":{"line":165,"column":41}}]},"14":{"loc":{"start":{"line":165,"column":24},"end":{"line":165,"column":35}},"type":"cond-expr","locations":[{"start":{"line":165,"column":28},"end":{"line":165,"column":30}},{"start":{"line":165,"column":24},"end":{"line":165,"column":35}}]},"15":{"loc":{"start":{"line":165,"column":24},"end":{"line":165,"column":30}},"type":"binary-expr","locations":[{"start":{"line":165,"column":24},"end":{"line":165,"column":30}},{"start":{"line":165,"column":24},"end":{"line":165,"column":30}}]},"16":{"loc":{"start":{"line":179,"column":4},"end":{"line":182,"column":5}},"type":"if","locations":[{"start":{"line":179,"column":4},"end":{"line":182,"column":5}}]},"17":{"loc":{"start":{"line":184,"column":4},"end":{"line":187,"column":5}},"type":"if","locations":[{"start":{"line":184,"column":4},"end":{"line":187,"column":5}}]},"18":{"loc":{"start":{"line":209,"column":6},"end":{"line":214,"column":7}},"type":"if","locations":[{"start":{"line":209,"column":6},"end":{"line":214,"column":7}}]},"19":{"loc":{"start":{"line":209,"column":10},"end":{"line":209,"column":49}},"type":"binary-expr","locations":[{"start":{"line":209,"column":10},"end":{"line":209,"column":27}},{"start":{"line":209,"column":31},"end":{"line":209,"column":49}}]},"20":{"loc":{"start":{"line":263,"column":16},"end":{"line":263,"column":60}},"type":"cond-expr","locations":[{"start":{"line":263,"column":40},"end":{"line":263,"column":49}},{"start":{"line":263,"column":52},"end":{"line":263,"column":60}}]},"21":{"loc":{"start":{"line":291,"column":20},"end":{"line":291,"column":87}},"type":"binary-expr","locations":[{"start":{"line":291,"column":20},"end":{"line":291,"column":56}},{"start":{"line":291,"column":60},"end":{"line":291,"column":87}}]},"22":{"loc":{"start":{"line":298,"column":22},"end":{"line":298,"column":87}},"type":"binary-expr","locations":[{"start":{"line":298,"column":22},"end":{"line":298,"column":58}},{"start":{"line":298,"column":62},"end":{"line":298,"column":87}}]},"23":{"loc":{"start":{"line":340,"column":13},"end":{"line":348,"column":null}},"type":"binary-expr","locations":[{"start":{"line":340,"column":13},"end":{"line":340,"column":30}},{"start":{"line":341,"column":14},"end":{"line":347,"column":null}}]},"24":{"loc":{"start":{"line":426,"column":43},"end":{"line":426,"column":83}},"type":"binary-expr","locations":[{"start":{"line":426,"column":43},"end":{"line":426,"column":60}},{"start":{"line":426,"column":64},"end":{"line":426,"column":83}}]},"25":{"loc":{"start":{"line":427,"column":50},"end":{"line":427,"column":95}},"type":"binary-expr","locations":[{"start":{"line":427,"column":50},"end":{"line":427,"column":67}},{"start":{"line":427,"column":71},"end":{"line":427,"column":95}}]},"26":{"loc":{"start":{"line":436,"column":41},"end":{"line":436,"column":81}},"type":"binary-expr","locations":[{"start":{"line":436,"column":41},"end":{"line":436,"column":50}},{"start":{"line":436,"column":54},"end":{"line":436,"column":81}}]},"27":{"loc":{"start":{"line":441,"column":15},"end":{"line":441,"column":44}},"type":"cond-expr","locations":[{"start":{"line":441,"column":27},"end":{"line":441,"column":35}},{"start":{"line":441,"column":38},"end":{"line":441,"column":44}}]}},"s":{"0":1,"1":1,"2":1,"3":1,"4":1,"5":1,"6":1,"7":1,"8":1,"9":1,"10":0,"11":0,"12":0,"13":0,"14":0,"15":0,"16":0,"17":0,"18":0,"19":0,"20":0,"21":0,"22":0,"23":0,"24":0,"25":0,"26":0,"27":0,"28":0,"29":0,"30":0,"31":0,"32":0,"33":0,"34":0,"35":0,"36":0,"37":0,"38":0,"39":0,"40":0,"41":0,"42":0,"43":0,"44":0,"45":0,"46":0,"47":0,"48":0,"49":0,"50":0,"51":0,"52":0,"53":0,"54":0,"55":0,"56":0,"57":0,"58":0,"59":0,"60":0,"61":0,"62":0,"63":0,"64":0,"65":0,"66":0,"67":0,"68":0,"69":0,"70":0,"71":0,"72":0,"73":0,"74":0,"75":0,"76":0,"77":0,"78":0,"79":0,"80":0,"81":0,"82":0,"83":0,"84":0,"85":0,"86":0,"87":0,"88":0,"89":0,"90":0,"91":0,"92":0,"93":0,"94":0,"95":0,"96":0,"97":0,"98":0,"99":0,"100":0,"101":0,"102":0,"103":0,"104":0,"105":1},"f":{"0":0,"1":0,"2":0,"3":0,"4":0,"5":0,"6":0,"7":0,"8":0,"9":0,"10":0,"11":0,"12":0,"13":0,"14":0,"15":0,"16":0,"17":0,"18":0,"19":0,"20":0,"21":0,"22":0,"23":0,"24":0,"25":0,"26":0,"27":0,"28":0,"29":0,"30":0},"b":{"0":[0],"1":[0],"2":[0],"3":[0,0],"4":[0],"5":[0],"6":[0,0],"7":[0,0],"8":[0,0],"9":[0],"10":[0,0],"11":[0,0],"12":[0,0],"13":[0,0],"14":[0,0],"15":[0,0],"16":[0],"17":[0],"18":[0],"19":[0,0],"20":[0,0],"21":[0,0],"22":[0,0],"23":[0,0],"24":[0,0],"25":[0,0],"26":[0,0],"27":[0,0]}}
,"/Users/fuchangwei/Projects/localite-v7/localite-app-main/src/screens/merchant/MerchantDashboardScreen.tsx": {"path":"/Users/fuchangwei/Projects/localite-v7/localite-app-main/src/screens/merchant/MerchantDashboardScreen.tsx","statementMap":{"0":{"start":{"line":28,"column":0},"end":{"line":28,"column":24}},"1":{"start":{"line":1,"column":0},"end":{"line":1,"column":64}},"2":{"start":{"line":2,"column":0},"end":{"line":2,"column":null}},"3":{"start":{"line":12,"column":0},"end":{"line":12,"column":73}},"4":{"start":{"line":15,"column":0},"end":{"line":15,"column":53}},"5":{"start":{"line":16,"column":0},"end":{"line":16,"column":67}},"6":{"start":{"line":19,"column":25},"end":{"line":19,"column":47}},"7":{"start":{"line":29,"column":21},"end":{"line":29,"column":81}},"8":{"start":{"line":30,"column":19},"end":{"line":30,"column":28}},"9":{"start":{"line":32,"column":34},"end":{"line":32,"column":65}},"10":{"start":{"line":33,"column":30},"end":{"line":33,"column":51}},"11":{"start":{"line":34,"column":28},"end":{"line":39,"column":4}},"12":{"start":{"line":40,"column":36},"end":{"line":40,"column":50}},"13":{"start":{"line":41,"column":38},"end":{"line":41,"column":53}},"14":{"start":{"line":43,"column":27},"end":{"line":84,"column":3}},"15":{"start":{"line":44,"column":4},"end":{"line":44,"column":22}},"16":{"start":{"line":44,"column":15},"end":{"line":44,"column":22}},"17":{"start":{"line":46,"column":4},"end":{"line":83,"column":5}},"18":{"start":{"line":47,"column":6},"end":{"line":47,"column":25}},"19":{"start":{"line":50,"column":27},"end":{"line":50,"column":75}},"20":{"start":{"line":51,"column":6},"end":{"line":59,"column":7}},"21":{"start":{"line":52,"column":8},"end":{"line":57,"column":11}},"22":{"start":{"line":55,"column":27},"end":{"line":55,"column":66}},"23":{"start":{"line":58,"column":8},"end":{"line":58,"column":15}},"24":{"start":{"line":61,"column":6},"end":{"line":61,"column":32}},"25":{"start":{"line":64,"column":25},"end":{"line":64,"column":75}},"26":{"start":{"line":65,"column":6},"end":{"line":65,"column":28}},"27":{"start":{"line":68,"column":27},"end":{"line":68,"column":87}},"28":{"start":{"line":68,"column":54},"end":{"line":68,"column":86}},"29":{"start":{"line":69,"column":25},"end":{"line":69,"column":60}},"30":{"start":{"line":70,"column":28},"end":{"line":70,"column":66}},"31":{"start":{"line":72,"column":6},"end":{"line":77,"column":9}},"32":{"start":{"line":79,"column":6},"end":{"line":79,"column":59}},"33":{"start":{"line":80,"column":6},"end":{"line":80,"column":40}},"34":{"start":{"line":82,"column":6},"end":{"line":82,"column":26}},"35":{"start":{"line":86,"column":20},"end":{"line":90,"column":8}},"36":{"start":{"line":87,"column":4},"end":{"line":87,"column":24}},"37":{"start":{"line":88,"column":4},"end":{"line":88,"column":29}},"38":{"start":{"line":89,"column":4},"end":{"line":89,"column":25}},"39":{"start":{"line":92,"column":2},"end":{"line":96,"column":4}},"40":{"start":{"line":94,"column":6},"end":{"line":94,"column":25}},"41":{"start":{"line":98,"column":25},"end":{"line":100,"column":3}},"42":{"start":{"line":99,"column":4},"end":{"line":99,"column":36}},"43":{"start":{"line":102,"column":26},"end":{"line":104,"column":3}},"44":{"start":{"line":103,"column":4},"end":{"line":103,"column":60}},"45":{"start":{"line":106,"column":28},"end":{"line":130,"column":3}},"46":{"start":{"line":107,"column":4},"end":{"line":129,"column":6}},"47":{"start":{"line":116,"column":12},"end":{"line":125,"column":13}},"48":{"start":{"line":117,"column":14},"end":{"line":121,"column":15}},"49":{"start":{"line":118,"column":16},"end":{"line":118,"column":79}},"50":{"start":{"line":119,"column":16},"end":{"line":119,"column":41}},"51":{"start":{"line":120,"column":16},"end":{"line":120,"column":43}},"52":{"start":{"line":123,"column":14},"end":{"line":123,"column":60}},"53":{"start":{"line":124,"column":14},"end":{"line":124,"column":43}},"54":{"start":{"line":132,"column":22},"end":{"line":177,"column":null}},"55":{"start":{"line":133,"column":4},"end":{"line":176,"column":null}},"56":{"start":{"line":165,"column":25},"end":{"line":165,"column":46}},"57":{"start":{"line":172,"column":25},"end":{"line":172,"column":48}},"58":{"start":{"line":180,"column":2},"end":{"line":186,"column":3}},"59":{"start":{"line":181,"column":4},"end":{"line":185,"column":6}},"60":{"start":{"line":188,"column":2},"end":{"line":194,"column":3}},"61":{"start":{"line":189,"column":4},"end":{"line":193,"column":6}},"62":{"start":{"line":196,"column":2},"end":{"line":273,"column":4}},"63":{"start":{"line":265,"column":36},"end":{"line":265,"column":43}},"64":{"start":{"line":276,"column":15},"end":{"line":490,"column":2}}},"fnMap":{"0":{"name":"MerchantDashboardScreen","decl":{"start":{"line":28,"column":24},"end":{"line":28,"column":47}},"loc":{"start":{"line":28,"column":47},"end":{"line":274,"column":1}}},"1":{"name":"(anonymous_10)","decl":{"start":{"line":43,"column":27},"end":{"line":43,"column":32}},"loc":{"start":{"line":43,"column":38},"end":{"line":84,"column":3}}},"2":{"name":"(anonymous_11)","decl":{"start":{"line":55,"column":21},"end":{"line":55,"column":24}},"loc":{"start":{"line":55,"column":27},"end":{"line":55,"column":66}}},"3":{"name":"(anonymous_12)","decl":{"start":{"line":68,"column":45},"end":{"line":68,"column":50}},"loc":{"start":{"line":68,"column":54},"end":{"line":68,"column":86}}},"4":{"name":"(anonymous_13)","decl":{"start":{"line":86,"column":32},"end":{"line":86,"column":37}},"loc":{"start":{"line":86,"column":43},"end":{"line":90,"column":3}}},"5":{"name":"(anonymous_14)","decl":{"start":{"line":93,"column":16},"end":{"line":93,"column":19}},"loc":{"start":{"line":93,"column":21},"end":{"line":95,"column":5}}},"6":{"name":"(anonymous_15)","decl":{"start":{"line":98,"column":25},"end":{"line":98,"column":28}},"loc":{"start":{"line":98,"column":30},"end":{"line":100,"column":3}}},"7":{"name":"(anonymous_16)","decl":{"start":{"line":102,"column":26},"end":{"line":102,"column":27}},"loc":{"start":{"line":102,"column":43},"end":{"line":104,"column":3}}},"8":{"name":"(anonymous_17)","decl":{"start":{"line":106,"column":28},"end":{"line":106,"column":29}},"loc":{"start":{"line":106,"column":45},"end":{"line":130,"column":3}}},"9":{"name":"(anonymous_18)","decl":{"start":{"line":115,"column":19},"end":{"line":115,"column":24}},"loc":{"start":{"line":115,"column":30},"end":{"line":126,"column":11}}},"10":{"name":"(anonymous_19)","decl":{"start":{"line":132,"column":22},"end":{"line":132,"column":23}},"loc":{"start":{"line":133,"column":4},"end":{"line":176,"column":null}}},"11":{"name":"(anonymous_20)","decl":{"start":{"line":165,"column":19},"end":{"line":165,"column":22}},"loc":{"start":{"line":165,"column":25},"end":{"line":165,"column":46}}},"12":{"name":"(anonymous_21)","decl":{"start":{"line":172,"column":19},"end":{"line":172,"column":22}},"loc":{"start":{"line":172,"column":25},"end":{"line":172,"column":48}}},"13":{"name":"(anonymous_22)","decl":{"start":{"line":265,"column":26},"end":{"line":265,"column":27}},"loc":{"start":{"line":265,"column":36},"end":{"line":265,"column":43}}}},"branchMap":{"0":{"loc":{"start":{"line":44,"column":4},"end":{"line":44,"column":22}},"type":"if","locations":[{"start":{"line":44,"column":4},"end":{"line":44,"column":22}}]},"1":{"loc":{"start":{"line":51,"column":6},"end":{"line":59,"column":7}},"type":"if","locations":[{"start":{"line":51,"column":6},"end":{"line":59,"column":7}}]},"2":{"loc":{"start":{"line":68,"column":54},"end":{"line":68,"column":86}},"type":"binary-expr","locations":[{"start":{"line":68,"column":54},"end":{"line":68,"column":68}},{"start":{"line":68,"column":72},"end":{"line":68,"column":86}}]},"3":{"loc":{"start":{"line":69,"column":25},"end":{"line":69,"column":60}},"type":"binary-expr","locations":[{"start":{"line":69,"column":25},"end":{"line":69,"column":55}},{"start":{"line":69,"column":59},"end":{"line":69,"column":60}}]},"4":{"loc":{"start":{"line":69,"column":25},"end":{"line":69,"column":55}},"type":"cond-expr","locations":[{"start":{"line":69,"column":43},"end":{"line":69,"column":45}},{"start":{"line":69,"column":43},"end":{"line":69,"column":55}}]},"5":{"loc":{"start":{"line":69,"column":25},"end":{"line":69,"column":45}},"type":"binary-expr","locations":[{"start":{"line":69,"column":25},"end":{"line":69,"column":45}},{"start":{"line":69,"column":43},"end":{"line":69,"column":45}}]},"6":{"loc":{"start":{"line":70,"column":28},"end":{"line":70,"column":66}},"type":"binary-expr","locations":[{"start":{"line":70,"column":28},"end":{"line":70,"column":61}},{"start":{"line":70,"column":65},"end":{"line":70,"column":66}}]},"7":{"loc":{"start":{"line":70,"column":28},"end":{"line":70,"column":61}},"type":"cond-expr","locations":[{"start":{"line":70,"column":46},"end":{"line":70,"column":48}},{"start":{"line":70,"column":46},"end":{"line":70,"column":61}}]},"8":{"loc":{"start":{"line":70,"column":28},"end":{"line":70,"column":48}},"type":"binary-expr","locations":[{"start":{"line":70,"column":28},"end":{"line":70,"column":48}},{"start":{"line":70,"column":46},"end":{"line":70,"column":48}}]},"9":{"loc":{"start":{"line":117,"column":14},"end":{"line":121,"column":15}},"type":"if","locations":[{"start":{"line":117,"column":14},"end":{"line":121,"column":15}}]},"10":{"loc":{"start":{"line":140,"column":33},"end":{"line":140,"column":87}},"type":"cond-expr","locations":[{"start":{"line":140,"column":66},"end":{"line":140,"column":75}},{"start":{"line":140,"column":78},"end":{"line":140,"column":87}}]},"11":{"loc":{"start":{"line":140,"column":33},"end":{"line":140,"column":63}},"type":"binary-expr","locations":[{"start":{"line":140,"column":33},"end":{"line":140,"column":46}},{"start":{"line":140,"column":50},"end":{"line":140,"column":63}}]},"12":{"loc":{"start":{"line":144,"column":13},"end":{"line":144,"column":58}},"type":"cond-expr","locations":[{"start":{"line":144,"column":46},"end":{"line":144,"column":50}},{"start":{"line":144,"column":53},"end":{"line":144,"column":58}}]},"13":{"loc":{"start":{"line":144,"column":13},"end":{"line":144,"column":43}},"type":"binary-expr","locations":[{"start":{"line":144,"column":13},"end":{"line":144,"column":26}},{"start":{"line":144,"column":30},"end":{"line":144,"column":43}}]},"14":{"loc":{"start":{"line":149,"column":7},"end":{"line":152,"column":null}},"type":"binary-expr","locations":[{"start":{"line":149,"column":7},"end":{"line":149,"column":23}},{"start":{"line":150,"column":8},"end":{"line":151,"column":null}}]},"15":{"loc":{"start":{"line":180,"column":2},"end":{"line":186,"column":3}},"type":"if","locations":[{"start":{"line":180,"column":2},"end":{"line":186,"column":3}}]},"16":{"loc":{"start":{"line":188,"column":2},"end":{"line":194,"column":3}},"type":"if","locations":[{"start":{"line":188,"column":2},"end":{"line":194,"column":3}}]},"17":{"loc":{"start":{"line":211,"column":35},"end":{"line":211,"column":78}},"type":"cond-expr","locations":[{"start":{"line":211,"column":57},"end":{"line":211,"column":66}},{"start":{"line":211,"column":69},"end":{"line":211,"column":78}}]},"18":{"loc":{"start":{"line":215,"column":15},"end":{"line":215,"column":50}},"type":"cond-expr","locations":[{"start":{"line":215,"column":37},"end":{"line":215,"column":42}},{"start":{"line":215,"column":45},"end":{"line":215,"column":50}}]},"19":{"loc":{"start":{"line":220,"column":9},"end":{"line":221,"column":null}},"type":"binary-expr","locations":[{"start":{"line":220,"column":9},"end":{"line":220,"column":37}},{"start":{"line":221,"column":10},"end":{"line":221,"column":88}}]},"20":{"loc":{"start":{"line":257,"column":9},"end":{"line":269,"column":null}},"type":"cond-expr","locations":[{"start":{"line":258,"column":10},"end":{"line":260,"column":null}},{"start":{"line":263,"column":10},"end":{"line":268,"column":null}}]}},"s":{"0":1,"1":1,"2":1,"3":1,"4":1,"5":1,"6":1,"7":0,"8":0,"9":0,"10":0,"11":0,"12":0,"13":0,"14":0,"15":0,"16":0,"17":0,"18":0,"19":0,"20":0,"21":0,"22":0,"23":0,"24":0,"25":0,"26":0,"27":0,"28":0,"29":0,"30":0,"31":0,"32":0,"33":0,"34":0,"35":0,"36":0,"37":0,"38":0,"39":0,"40":0,"41":0,"42":0,"43":0,"44":0,"45":0,"46":0,"47":0,"48":0,"49":0,"50":0,"51":0,"52":0,"53":0,"54":0,"55":0,"56":0,"57":0,"58":0,"59":0,"60":0,"61":0,"62":0,"63":0,"64":1},"f":{"0":0,"1":0,"2":0,"3":0,"4":0,"5":0,"6":0,"7":0,"8":0,"9":0,"10":0,"11":0,"12":0,"13":0},"b":{"0":[0],"1":[0],"2":[0,0],"3":[0,0],"4":[0,0],"5":[0,0],"6":[0,0],"7":[0,0],"8":[0,0],"9":[0],"10":[0,0],"11":[0,0],"12":[0,0],"13":[0,0],"14":[0,0],"15":[0],"16":[0],"17":[0,0],"18":[0,0],"19":[0,0],"20":[0,0]}}
,"/Users/fuchangwei/Projects/localite-v7/localite-app-main/src/screens/merchant/MerchantRegisterScreen.tsx": {"path":"/Users/fuchangwei/Projects/localite-v7/localite-app-main/src/screens/merchant/MerchantRegisterScreen.tsx","statementMap":{"0":{"start":{"line":22,"column":0},"end":{"line":22,"column":24}},"1":{"start":{"line":1,"column":0},"end":{"line":1,"column":40}},"2":{"start":{"line":2,"column":0},"end":{"line":2,"column":null}},"3":{"start":{"line":13,"column":0},"end":{"line":13,"column":57}},"4":{"start":{"line":16,"column":0},"end":{"line":16,"column":53}},"5":{"start":{"line":17,"column":0},"end":{"line":17,"column":67}},"6":{"start":{"line":20,"column":25},"end":{"line":20,"column":47}},"7":{"start":{"line":23,"column":21},"end":{"line":23,"column":81}},"8":{"start":{"line":24,"column":19},"end":{"line":24,"column":28}},"9":{"start":{"line":26,"column":34},"end":{"line":35,"column":4}},"10":{"start":{"line":37,"column":36},"end":{"line":37,"column":51}},"11":{"start":{"line":39,"column":24},"end":{"line":46,"column":4}},"12":{"start":{"line":48,"column":23},"end":{"line":105,"column":3}},"13":{"start":{"line":49,"column":4},"end":{"line":52,"column":5}},"14":{"start":{"line":50,"column":6},"end":{"line":50,"column":32}},"15":{"start":{"line":51,"column":6},"end":{"line":51,"column":13}},"16":{"start":{"line":54,"column":4},"end":{"line":57,"column":5}},"17":{"start":{"line":55,"column":6},"end":{"line":55,"column":35}},"18":{"start":{"line":56,"column":6},"end":{"line":56,"column":13}},"19":{"start":{"line":59,"column":4},"end":{"line":62,"column":5}},"20":{"start":{"line":60,"column":6},"end":{"line":60,"column":35}},"21":{"start":{"line":61,"column":6},"end":{"line":61,"column":13}},"22":{"start":{"line":64,"column":4},"end":{"line":64,"column":23}},"23":{"start":{"line":66,"column":4},"end":{"line":104,"column":5}},"24":{"start":{"line":67,"column":47},"end":{"line":82,"column":8}},"25":{"start":{"line":84,"column":6},"end":{"line":84,"column":58}},"26":{"start":{"line":86,"column":6},"end":{"line":98,"column":8}},"27":{"start":{"line":94,"column":14},"end":{"line":94,"column":55}},"28":{"start":{"line":100,"column":6},"end":{"line":100,"column":59}},"29":{"start":{"line":101,"column":6},"end":{"line":101,"column":35}},"30":{"start":{"line":103,"column":6},"end":{"line":103,"column":26}},"31":{"start":{"line":107,"column":2},"end":{"line":229,"column":4}},"32":{"start":{"line":124,"column":38},"end":{"line":124,"column":86}},"33":{"start":{"line":134,"column":16},"end":{"line":135,"column":null}},"34":{"start":{"line":140,"column":33},"end":{"line":140,"column":94}},"35":{"start":{"line":160,"column":38},"end":{"line":160,"column":93}},"36":{"start":{"line":174,"column":38},"end":{"line":174,"column":79}},"37":{"start":{"line":186,"column":38},"end":{"line":186,"column":81}},"38":{"start":{"line":198,"column":40},"end":{"line":198,"column":80}},"39":{"start":{"line":209,"column":40},"end":{"line":209,"column":86}},"40":{"start":{"line":232,"column":15},"end":{"line":330,"column":2}}},"fnMap":{"0":{"name":"MerchantRegisterScreen","decl":{"start":{"line":22,"column":24},"end":{"line":22,"column":46}},"loc":{"start":{"line":22,"column":46},"end":{"line":230,"column":1}}},"1":{"name":"(anonymous_10)","decl":{"start":{"line":48,"column":23},"end":{"line":48,"column":28}},"loc":{"start":{"line":48,"column":34},"end":{"line":105,"column":3}}},"2":{"name":"(anonymous_11)","decl":{"start":{"line":92,"column":21},"end":{"line":92,"column":24}},"loc":{"start":{"line":92,"column":26},"end":{"line":95,"column":13}}},"3":{"name":"(anonymous_12)","decl":{"start":{"line":124,"column":28},"end":{"line":124,"column":29}},"loc":{"start":{"line":124,"column":38},"end":{"line":124,"column":86}}},"4":{"name":"(anonymous_13)","decl":{"start":{"line":133,"column":33},"end":{"line":133,"column":34}},"loc":{"start":{"line":134,"column":16},"end":{"line":135,"column":null}}},"5":{"name":"(anonymous_14)","decl":{"start":{"line":140,"column":27},"end":{"line":140,"column":30}},"loc":{"start":{"line":140,"column":33},"end":{"line":140,"column":94}}},"6":{"name":"(anonymous_15)","decl":{"start":{"line":160,"column":28},"end":{"line":160,"column":29}},"loc":{"start":{"line":160,"column":38},"end":{"line":160,"column":93}}},"7":{"name":"(anonymous_16)","decl":{"start":{"line":174,"column":28},"end":{"line":174,"column":29}},"loc":{"start":{"line":174,"column":38},"end":{"line":174,"column":79}}},"8":{"name":"(anonymous_17)","decl":{"start":{"line":186,"column":28},"end":{"line":186,"column":29}},"loc":{"start":{"line":186,"column":38},"end":{"line":186,"column":81}}},"9":{"name":"(anonymous_18)","decl":{"start":{"line":198,"column":30},"end":{"line":198,"column":31}},"loc":{"start":{"line":198,"column":40},"end":{"line":198,"column":80}}},"10":{"name":"(anonymous_19)","decl":{"start":{"line":209,"column":30},"end":{"line":209,"column":31}},"loc":{"start":{"line":209,"column":40},"end":{"line":209,"column":86}}}},"branchMap":{"0":{"loc":{"start":{"line":49,"column":4},"end":{"line":52,"column":5}},"type":"if","locations":[{"start":{"line":49,"column":4},"end":{"line":52,"column":5}}]},"1":{"loc":{"start":{"line":54,"column":4},"end":{"line":57,"column":5}},"type":"if","locations":[{"start":{"line":54,"column":4},"end":{"line":57,"column":5}}]},"2":{"loc":{"start":{"line":59,"column":4},"end":{"line":62,"column":5}},"type":"if","locations":[{"start":{"line":59,"column":4},"end":{"line":62,"column":5}}]},"3":{"loc":{"start":{"line":69,"column":15},"end":{"line":69,"column":31}},"type":"binary-expr","locations":[{"start":{"line":69,"column":15},"end":{"line":69,"column":25}},{"start":{"line":69,"column":29},"end":{"line":69,"column":31}}]},"4":{"loc":{"start":{"line":110,"column":16},"end":{"line":110,"column":60}},"type":"cond-expr","locations":[{"start":{"line":110,"column":40},"end":{"line":110,"column":49}},{"start":{"line":110,"column":52},"end":{"line":110,"column":60}}]},"5":{"loc":{"start":{"line":138,"column":20},"end":{"line":138,"column":91}},"type":"binary-expr","locations":[{"start":{"line":138,"column":20},"end":{"line":138,"column":56}},{"start":{"line":138,"column":60},"end":{"line":138,"column":91}}]},"6":{"loc":{"start":{"line":145,"column":22},"end":{"line":145,"column":91}},"type":"binary-expr","locations":[{"start":{"line":145,"column":22},"end":{"line":145,"column":58}},{"start":{"line":145,"column":62},"end":{"line":145,"column":91}}]},"7":{"loc":{"start":{"line":218,"column":41},"end":{"line":218,"column":81}},"type":"binary-expr","locations":[{"start":{"line":218,"column":41},"end":{"line":218,"column":50}},{"start":{"line":218,"column":54},"end":{"line":218,"column":81}}]},"8":{"loc":{"start":{"line":223,"column":15},"end":{"line":223,"column":46}},"type":"cond-expr","locations":[{"start":{"line":223,"column":27},"end":{"line":223,"column":35}},{"start":{"line":223,"column":38},"end":{"line":223,"column":46}}]}},"s":{"0":1,"1":1,"2":1,"3":1,"4":1,"5":1,"6":1,"7":0,"8":0,"9":0,"10":0,"11":0,"12":0,"13":0,"14":0,"15":0,"16":0,"17":0,"18":0,"19":0,"20":0,"21":0,"22":0,"23":0,"24":0,"25":0,"26":0,"27":0,"28":0,"29":0,"30":0,"31":0,"32":0,"33":0,"34":0,"35":0,"36":0,"37":0,"38":0,"39":0,"40":1},"f":{"0":0,"1":0,"2":0,"3":0,"4":0,"5":0,"6":0,"7":0,"8":0,"9":0,"10":0},"b":{"0":[0],"1":[0],"2":[0],"3":[0,0],"4":[0,0],"5":[0,0],"6":[0,0],"7":[0,0],"8":[0,0]}}
,"/Users/fuchangwei/Projects/localite-v7/localite-app-main/src/services/APIService.ts": {"path":"/Users/fuchangwei/Projects/localite-v7/localite-app-main/src/services/APIService.ts","statementMap":{"0":{"start":{"line":8,"column":0},"end":{"line":8,"column":54}},"1":{"start":{"line":9,"column":0},"end":{"line":9,"column":52}},"2":{"start":{"line":10,"column":0},"end":{"line":10,"column":54}},"3":{"start":{"line":11,"column":0},"end":{"line":11,"column":null}},"4":{"start":{"line":43,"column":4},"end":{"line":43,"column":85}},"5":{"start":{"line":44,"column":4},"end":{"line":44,"column":70}},"6":{"start":{"line":45,"column":4},"end":{"line":45,"column":73}},"7":{"start":{"line":48,"column":4},"end":{"line":56,"column":6}},"8":{"start":{"line":68,"column":4},"end":{"line":142,"column":5}},"9":{"start":{"line":70,"column":6},"end":{"line":76,"column":7}},"10":{"start":{"line":71,"column":8},"end":{"line":75,"column":10}},"11":{"start":{"line":78,"column":24},"end":{"line":78,"column":34}},"12":{"start":{"line":79,"column":24},"end":{"line":79,"column":48}},"13":{"start":{"line":82,"column":39},"end":{"line":86,"column":8}},"14":{"start":{"line":89,"column":39},"end":{"line":93,"column":8}},"15":{"start":{"line":96,"column":27},"end":{"line":96,"column":50}},"16":{"start":{"line":97,"column":6},"end":{"line":106,"column":7}},"17":{"start":{"line":98,"column":29},"end":{"line":104,"column":10}},"18":{"start":{"line":105,"column":8},"end":{"line":105,"column":41}},"19":{"start":{"line":109,"column":25},"end":{"line":109,"column":83}},"20":{"start":{"line":112,"column":34},"end":{"line":114,"column":null}},"21":{"start":{"line":117,"column":6},"end":{"line":120,"column":8}},"22":{"start":{"line":122,"column":29},"end":{"line":122,"column":51}},"23":{"start":{"line":124,"column":6},"end":{"line":138,"column":8}},"24":{"start":{"line":141,"column":6},"end":{"line":141,"column":56}},"25":{"start":{"line":153,"column":4},"end":{"line":194,"column":5}},"26":{"start":{"line":154,"column":24},"end":{"line":154,"column":34}},"27":{"start":{"line":155,"column":24},"end":{"line":155,"column":48}},"28":{"start":{"line":158,"column":29},"end":{"line":158,"column":71}},"29":{"start":{"line":161,"column":33},"end":{"line":161,"column":35}},"30":{"start":{"line":162,"column":6},"end":{"line":171,"column":7}},"31":{"start":{"line":163,"column":25},"end":{"line":163,"column":52}},"32":{"start":{"line":164,"column":8},"end":{"line":170,"column":11}},"33":{"start":{"line":173,"column":29},"end":{"line":173,"column":51}},"34":{"start":{"line":175,"column":6},"end":{"line":190,"column":8}},"35":{"start":{"line":193,"column":6},"end":{"line":193,"column":66}},"36":{"start":{"line":205,"column":4},"end":{"line":235,"column":5}},"37":{"start":{"line":206,"column":24},"end":{"line":206,"column":34}},"38":{"start":{"line":207,"column":24},"end":{"line":207,"column":48}},"39":{"start":{"line":210,"column":25},"end":{"line":212,"column":8}},"40":{"start":{"line":214,"column":26},"end":{"line":216,"column":null}},"41":{"start":{"line":219,"column":29},"end":{"line":219,"column":51}},"42":{"start":{"line":221,"column":6},"end":{"line":231,"column":8}},"43":{"start":{"line":234,"column":6},"end":{"line":234,"column":59}},"44":{"start":{"line":243,"column":4},"end":{"line":276,"column":5}},"45":{"start":{"line":244,"column":24},"end":{"line":244,"column":34}},"46":{"start":{"line":245,"column":24},"end":{"line":245,"column":48}},"47":{"start":{"line":248,"column":30},"end":{"line":248,"column":63}},"48":{"start":{"line":249,"column":23},"end":{"line":249,"column":56}},"49":{"start":{"line":250,"column":24},"end":{"line":250,"column":58}},"50":{"start":{"line":253,"column":23},"end":{"line":253,"column":83}},"51":{"start":{"line":254,"column":22},"end":{"line":254,"column":59}},"52":{"start":{"line":256,"column":29},"end":{"line":256,"column":51}},"53":{"start":{"line":258,"column":6},"end":{"line":272,"column":8}},"54":{"start":{"line":275,"column":6},"end":{"line":275,"column":56}},"55":{"start":{"line":284,"column":4},"end":{"line":298,"column":5}},"56":{"start":{"line":285,"column":20},"end":{"line":285,"column":30}},"57":{"start":{"line":286,"column":6},"end":{"line":286,"column":62}},"58":{"start":{"line":287,"column":6},"end":{"line":291,"column":8}},"59":{"start":{"line":293,"column":6},"end":{"line":297,"column":8}},"60":{"start":{"line":302,"column":4},"end":{"line":320,"column":5}},"61":{"start":{"line":303,"column":20},"end":{"line":303,"column":30}},"62":{"start":{"line":304,"column":6},"end":{"line":308,"column":9}},"63":{"start":{"line":309,"column":6},"end":{"line":313,"column":8}},"64":{"start":{"line":315,"column":6},"end":{"line":319,"column":8}},"65":{"start":{"line":325,"column":4},"end":{"line":329,"column":6}},"66":{"start":{"line":333,"column":21},"end":{"line":333,"column":82}},"67":{"start":{"line":333,"column":67},"end":{"line":333,"column":81}},"68":{"start":{"line":335,"column":4},"end":{"line":341,"column":5}},"69":{"start":{"line":335,"column":33},"end":{"line":335,"column":53}},"70":{"start":{"line":336,"column":6},"end":{"line":336,"column":23}},"71":{"start":{"line":337,"column":11},"end":{"line":341,"column":5}},"72":{"start":{"line":337,"column":39},"end":{"line":337,"column":59}},"73":{"start":{"line":338,"column":6},"end":{"line":338,"column":24}},"74":{"start":{"line":340,"column":6},"end":{"line":340,"column":25}},"75":{"start":{"line":347,"column":4},"end":{"line":377,"column":5}},"76":{"start":{"line":348,"column":6},"end":{"line":348,"column":23}},"77":{"start":{"line":351,"column":31},"end":{"line":351,"column":46}},"78":{"start":{"line":352,"column":20},"end":{"line":352,"column":41}},"79":{"start":{"line":353,"column":22},"end":{"line":353,"column":27}},"80":{"start":{"line":355,"column":6},"end":{"line":368,"column":7}},"81":{"start":{"line":356,"column":8},"end":{"line":356,"column":32}},"82":{"start":{"line":357,"column":8},"end":{"line":357,"column":46}},"83":{"start":{"line":358,"column":13},"end":{"line":368,"column":7}},"84":{"start":{"line":359,"column":8},"end":{"line":359,"column":34}},"85":{"start":{"line":360,"column":8},"end":{"line":360,"column":37}},"86":{"start":{"line":361,"column":13},"end":{"line":368,"column":7}},"87":{"start":{"line":362,"column":8},"end":{"line":362,"column":33}},"88":{"start":{"line":363,"column":8},"end":{"line":363,"column":36}},"89":{"start":{"line":364,"column":8},"end":{"line":364,"column":25}},"90":{"start":{"line":365,"column":13},"end":{"line":368,"column":7}},"91":{"start":{"line":366,"column":8},"end":{"line":366,"column":39}},"92":{"start":{"line":367,"column":8},"end":{"line":367,"column":42}},"93":{"start":{"line":370,"column":6},"end":{"line":376,"column":8}},"94":{"start":{"line":379,"column":4},"end":{"line":388,"column":6}},"95":{"start":{"line":392,"column":4},"end":{"line":392,"column":74}},"96":{"start":{"line":401,"column":4},"end":{"line":432,"column":5}},"97":{"start":{"line":403,"column":35},"end":{"line":414,"column":8}},"98":{"start":{"line":416,"column":21},"end":{"line":418,"column":null}},"99":{"start":{"line":420,"column":6},"end":{"line":426,"column":8}},"100":{"start":{"line":428,"column":6},"end":{"line":431,"column":8}},"101":{"start":{"line":439,"column":4},"end":{"line":465,"column":5}},"102":{"start":{"line":441,"column":27},"end":{"line":449,"column":8}},"103":{"start":{"line":451,"column":21},"end":{"line":451,"column":75}},"104":{"start":{"line":453,"column":6},"end":{"line":459,"column":8}},"105":{"start":{"line":461,"column":6},"end":{"line":464,"column":8}},"106":{"start":{"line":472,"column":4},"end":{"line":497,"column":5}},"107":{"start":{"line":474,"column":20},"end":{"line":486,"column":8}},"108":{"start":{"line":488,"column":6},"end":{"line":491,"column":8}},"109":{"start":{"line":493,"column":6},"end":{"line":496,"column":8}},"110":{"start":{"line":35,"column":0},"end":{"line":35,"column":13}}},"fnMap":{"0":{"name":"(anonymous_0)","decl":{"start":{"line":41,"column":2},"end":{"line":41,"column":14}},"loc":{"start":{"line":41,"column":96},"end":{"line":57,"column":3}}},"1":{"name":"(anonymous_1)","decl":{"start":{"line":63,"column":2},"end":{"line":63,"column":7}},"loc":{"start":{"line":66,"column":32},"end":{"line":143,"column":3}}},"2":{"name":"(anonymous_2)","decl":{"start":{"line":149,"column":2},"end":{"line":149,"column":7}},"loc":{"start":{"line":151,"column":36},"end":{"line":195,"column":3}}},"3":{"name":"(anonymous_3)","decl":{"start":{"line":201,"column":2},"end":{"line":201,"column":7}},"loc":{"start":{"line":203,"column":31},"end":{"line":236,"column":3}}},"4":{"name":"(anonymous_4)","decl":{"start":{"line":242,"column":2},"end":{"line":242,"column":7}},"loc":{"start":{"line":242,"column":23},"end":{"line":277,"column":3}}},"5":{"name":"(anonymous_5)","decl":{"start":{"line":283,"column":10},"end":{"line":283,"column":15}},"loc":{"start":{"line":283,"column":36},"end":{"line":299,"column":3}}},"6":{"name":"(anonymous_6)","decl":{"start":{"line":301,"column":10},"end":{"line":301,"column":15}},"loc":{"start":{"line":301,"column":36},"end":{"line":321,"column":3}}},"7":{"name":"(anonymous_7)","decl":{"start":{"line":323,"column":10},"end":{"line":323,"column":15}},"loc":{"start":{"line":323,"column":37},"end":{"line":330,"column":3}}},"8":{"name":"(anonymous_8)","decl":{"start":{"line":332,"column":10},"end":{"line":332,"column":32}},"loc":{"start":{"line":332,"column":46},"end":{"line":342,"column":3}}},"9":{"name":"(anonymous_9)","decl":{"start":{"line":333,"column":49},"end":{"line":333,"column":50}},"loc":{"start":{"line":333,"column":67},"end":{"line":333,"column":81}}},"10":{"name":"(anonymous_10)","decl":{"start":{"line":335,"column":23},"end":{"line":335,"column":29}},"loc":{"start":{"line":335,"column":33},"end":{"line":335,"column":53}}},"11":{"name":"(anonymous_11)","decl":{"start":{"line":337,"column":29},"end":{"line":337,"column":35}},"loc":{"start":{"line":337,"column":39},"end":{"line":337,"column":59}}},"12":{"name":"(anonymous_12)","decl":{"start":{"line":344,"column":10},"end":{"line":344,"column":21}},"loc":{"start":{"line":344,"column":51},"end":{"line":389,"column":3}}},"13":{"name":"(anonymous_13)","decl":{"start":{"line":391,"column":10},"end":{"line":391,"column":27}},"loc":{"start":{"line":391,"column":27},"end":{"line":393,"column":3}}},"14":{"name":"(anonymous_14)","decl":{"start":{"line":400,"column":2},"end":{"line":400,"column":7}},"loc":{"start":{"li
[...]
nonymous_7)","decl":{"start":{"line":128,"column":2},"end":{"line":128,"column":17}},"loc":{"start":{"line":128,"column":45},"end":{"line":130,"column":3}}},"8":{"name":"(anonymous_8)","decl":{"start":{"line":136,"column":2},"end":{"line":136,"column":9}},"loc":{"start":{"line":136,"column":50},"end":{"line":144,"column":3}}},"9":{"name":"(anonymous_9)","decl":{"start":{"line":147,"column":2},"end":{"line":147,"column":10}},"loc":{"start":{"line":147,"column":54},"end":{"line":153,"column":3}}},"10":{"name":"(anonymous_10)","decl":{"start":{"line":149,"column":17},"end":{"line":149,"column":20}},"loc":{"start":{"line":149,"column":23},"end":{"line":151,"column":5}}},"11":{"name":"(anonymous_11)","decl":{"start":{"line":159,"column":2},"end":{"line":159,"column":16}},"loc":{"start":{"line":159,"column":65},"end":{"line":168,"column":3}}},"12":{"name":"(anonymous_12)","decl":{"start":{"line":171,"column":2},"end":{"line":171,"column":20}},"loc":{"start":{"line":171,"column":63},"end":{"line":174,"column":3}}},"13":{"name":"(anonymous_13)","decl":{"start":{"line":180,"column":2},"end":{"line":180,"column":24}},"loc":{"start":{"line":180,"column":52},"end":{"line":188,"column":3}}},"14":{"name":"(anonymous_14)","decl":{"start":{"line":190,"column":2},"end":{"line":190,"column":24}},"loc":{"start":{"line":190,"column":24},"end":{"line":199,"column":3}}},"15":{"name":"(anonymous_15)","decl":{"start":{"line":206,"column":2},"end":{"line":206,"column":24}},"loc":{"start":{"line":206,"column":89},"end":{"line":221,"column":3}}},"16":{"name":"(anonymous_16)","decl":{"start":{"line":208,"column":56},"end":{"line":208,"column":60}},"loc":{"start":{"line":208,"column":64},"end":{"line":208,"column":86}}},"17":{"name":"(anonymous_17)","decl":{"start":{"line":224,"column":2},"end":{"line":224,"column":7}},"loc":{"start":{"line":224,"column":36},"end":{"line":228,"column":3}}},"18":{"name":"(anonymous_18)","decl":{"start":{"line":226,"column":56},"end":{"line":226,"column":57}},"loc":{"start":{"line":226,"column":61},"end":{"line":226,"column":76}}},"19":{"name":"(anonymous_19)","decl":{"start":{"line":231,"column":2},"end":{"line":231,"column":17}},"loc":{"start":{"line":231,"column":45},"end":{"line":234,"column":3}}},"20":{"name":"(anonymous_20)","decl":{"start":{"line":232,"column":56},"end":{"line":232,"column":60}},"loc":{"start":{"line":232,"column":64},"end":{"line":232,"column":86}}},"21":{"name":"(anonymous_21)","decl":{"start":{"line":241,"column":2},"end":{"line":241,"column":7}},"loc":{"start":{"line":241,"column":47},"end":{"line":255,"column":3}}}},"branchMap":{"0":{"loc":{"start":{"line":85,"column":25},"end":{"line":85,"column":67}},"type":"cond-expr","locations":[{"start":{"line":85,"column":42},"end":{"line":85,"column":63}},{"start":{"line":85,"column":66},"end":{"line":85,"column":67}}]},"1":{"loc":{"start":{"line":86,"column":25},"end":{"line":86,"column":67}},"type":"cond-expr","locations":[{"start":{"line":86,"column":42},"end":{"line":86,"column":63}},{"start":{"line":86,"column":66},"end":{"line":86,"column":67}}]},"2":{"loc":{"start":{"line":89,"column":4},"end":{"line":91,"column":5}},"type":"if","locations":[{"start":{"line":89,"column":4},"end":{"line":91,"column":5}}]},"3":{"loc":{"start":{"line":94,"column":4},"end":{"line":96,"column":5}},"type":"if","locations":[{"start":{"line":94,"column":4},"end":{"line":96,"column":5}}]},"4":{"loc":{"start":{"line":107,"column":4},"end":{"line":109,"column":5}},"type":"if","locations":[{"start":{"line":107,"column":4},"end":{"line":109,"column":5}}]},"5":{"loc":{"start":{"line":129,"column":11},"end":{"line":129,"column":70}},"type":"binary-expr","locations":[{"start":{"line":129,"column":11},"end":{"line":129,"column":39}},{"start":{"line":129,"column":43},"end":{"line":129,"column":70}}]},"6":{"loc":{"start":{"line":138,"column":4},"end":{"line":140,"column":5}},"type":"if","locations":[{"start":{"line":138,"column":4},"end":{"line":140,"column":5}}]},"7":{"loc":{"start":{"line":138,"column":8},"end":{"line":138,"column":46}},"type":"binary-expr","locations":[{"start":{"line":138,"column":8},"end":{"line":138,"column":20}},{"start":{"line":138,"column":24},"end":{"line":138,"column":46}}]},"8":{"loc":{"start":{"line":163,"column":32},"end":{"line":165,"column":36}},"type":"cond-expr","locations":[{"start":{"line":164,"column":8},"end":{"line":164,"column":19}},{"start":{"line":165,"column":8},"end":{"line":165,"column":36}}]},"9":{"loc":{"start":{"line":207,"column":27},"end":{"line":207,"column":66}},"type":"binary-expr","locations":[{"start":{"line":207,"column":27},"end":{"line":207,"column":42}},{"start":{"line":207,"column":46},"end":{"line":207,"column":66}}]},"10":{"loc":{"start":{"line":210,"column":4},"end":{"line":212,"column":5}},"type":"if","locations":[{"start":{"line":210,"column":4},"end":{"line":212,"column":5}}]},"11":{"loc":{"start":{"line":215,"column":4},"end":{"line":217,"column":5}},"type":"if","locations":[{"start":{"line":215,"column":4},"end":{"line":217,"column":5}}]},"12":{"loc":{"start":{"line":225,"column":17},"end":{"line":225,"column":49}},"type":"binary-expr","locations":[{"start":{"line":225,"column":17},"end":{"line":225,"column":25}},{"start":{"line":225,"column":29},"end":{"line":225,"column":49}}]},"13":{"loc":{"start":{"line":227,"column":11},"end":{"line":227,"column":39}},"type":"binary-expr","locations":[{"start":{"line":227,"column":11},"end":{"line":227,"column":30}},{"start":{"line":227,"column":34},"end":{"line":227,"column":39}}]},"14":{"loc":{"start":{"line":227,"column":11},"end":{"line":227,"column":30}},"type":"cond-expr","locations":[{"start":{"line":227,"column":25},"end":{"line":227,"column":27}},{"start":{"line":227,"column":11},"end":{"line":227,"column":30}}]},"15":{"loc":{"start":{"line":227,"column":11},"end":{"line":227,"column":27}},"type":"binary-expr","locations":[{"start":{"line":227,"column":11},"end":{"line":227,"column":27}},{"start":{"line":227,"column":11},"end":{"line":227,"column":27}}]},"16":{"loc":{"start":{"line":233,"column":11},"end":{"line":233,"column":39}},"type":"binary-expr","locations":[{"start":{"line":233,"column":11},"end":{"line":233,"column":31}},{"start":{"line":233,"column":35},"end":{"line":233,"column":39}}]},"17":{"loc":{"start":{"line":233,"column":11},"end":{"line":233,"column":31}},"type":"cond-expr","locations":[{"start":{"line":233,"column":25},"end":{"line":233,"column":27}},{"start":{"line":233,"column":11},"end":{"line":233,"column":31}}]},"18":{"loc":{"start":{"line":233,"column":11},"end":{"line":233,"column":27}},"type":"binary-expr","locations":[{"start":{"line":233,"column":11},"end":{"line":233,"column":27}},{"start":{"line":233,"column":11},"end":{"line":233,"column":27}}]}},"s":{"0":20,"1":20,"2":20,"3":20,"4":4,"5":4,"6":4,"7":4,"8":4,"9":4,"10":4,"11":2,"12":2,"13":1,"14":1,"15":4,"16":4,"17":2,"18":6,"19":11,"20":2,"21":4,"22":9,"23":9,"24":8,"25":1,"26":0,"27":0,"28":0,"29":0,"30":2,"31":2,"32":2,"33":0,"34":0,"35":1,"36":1,"37":0,"38":0,"39":0,"40":0,"41":0,"42":0,"43":0,"44":0,"45":0,"46":0,"47":0,"48":0,"49":0,"50":0,"51":0,"52":0,"53":0,"54":0,"55":0,"56":0,"57":1,"58":1,"59":1,"60":1,"61":0,"62":3},"f":{"0":20,"1":4,"2":4,"3":2,"4":6,"5":11,"6":2,"7":4,"8":9,"9":0,"10":0,"11":2,"12":0,"13":1,"14":0,"15":0,"16":0,"17":0,"18":0,"19":0,"20":0,"21":1},"b":{"0":[2,2],"1":[1,3],"2":[2],"3":[1],"4":[4],"5":[4,0],"6":[8],"7":[9,8],"8":[1,1],"9":[0,0],"10":[0],"11":[0],"12":[0,0],"13":[0,0],"14":[0,0],"15":[0,0],"16":[0,0],"17":[0,0],"18":[0,0]}}
,"/Users/fuchangwei/Projects/localite-v7/localite-app-main/src/services/ServiceManager.ts": {"path":"/Users/fuchangwei/Projects/localite-v7/localite-app-main/src/services/ServiceManager.ts","statementMap":{"0":{"start":{"line":8,"column":0},"end":{"line":8,"column":42}},"1":{"start":{"line":9,"column":0},"end":{"line":9,"column":62}},"2":{"start":{"line":10,"column":0},"end":{"line":10,"column":62}},"3":{"start":{"line":11,"column":0},"end":{"line":11,"column":54}},"4":{"start":{"line":12,"column":0},"end":{"line":12,"column":52}},"5":{"start":{"line":13,"column":0},"end":{"line":13,"column":54}},"6":{"start":{"line":14,"column":0},"end":{"line":14,"column":66}},"7":{"start":{"line":31,"column":4},"end":{"line":63,"column":5}},"8":{"start":{"line":33,"column":6},"end":{"line":33,"column":75}},"9":{"start":{"line":34,"column":6},"end":{"line":34,"column":60}},"10":{"start":{"line":35,"column":6},"end":{"line":35,"column":63}},"11":{"start":{"line":36,"column":6},"end":{"line":36,"column":77}},"12":{"start":{"line":37,"column":6},"end":{"line":37,"column":87}},"13":{"start":{"line":38,"column":6},"end":{"line":38,"column":82}},"14":{"start":{"line":39,"column":6},"end":{"line":44,"column":9}},"15":{"start":{"line":47,"column":6},"end":{"line":47,"column":53}},"16":{"start":{"line":48,"column":6},"end":{"line":48,"column":45}},"17":{"start":{"line":49,"column":6},"end":{"line":49,"column":47}},"18":{"start":{"line":50,"column":6},"end":{"line":50,"column":57}},"19":{"start":{"line":53,"column":6},"end":{"line":53,"column":61}},"20":{"start":{"line":54,"column":6},"end":{"line":54,"column":61}},"21":{"start":{"line":57,"column":6},"end":{"line":62,"column":9}},"22":{"start":{"line":68,"column":4},"end":{"line":70,"column":5}},"23":{"start":{"line":69,"column":6},"end":{"line":69,"column":53}},"24":{"start":{"line":71,"column":4},"end":{"line":71,"column":35}},"25":{"start":{"line":76,"column":4},"end":{"line":76,"column":51}},"26":{"start":{"line":85,"column":26},"end":{"line":93,"column":6}},"27":{"start":{"line":96,"column":4},"end":{"line":107,"column":5}},"28":{"start":{"line":98,"column":6},"end":{"line":98,"column":56}},"29":{"start":{"line":101,"column":6},"end":{"line":101,"column":48}},"30":{"start":{"line":106,"column":6},"end":{"line":106,"column":64}},"31":{"start":{"line":109,"column":4},"end":{"line":113,"column":6}},"32":{"start":{"line":118,"column":4},"end":{"line":123,"column":7}},"33":{"start":{"line":125,"column":4},"end":{"line":125,"column":43}},"34":{"start":{"line":126,"column":4},"end":{"line":126,"column":53}},"35":{"start":{"line":133,"column":4},"end":{"line":133,"column":48}},"36":{"start":{"line":135,"column":4},"end":{"line":146,"column":5}},"37":{"start":{"line":137,"column":6},"end":{"line":140,"column":9}},"38":{"start":{"line":142,"column":6},"end":{"line":142,"column":47}},"39":{"start":{"line":144,"column":6},"end":{"line":144,"column":54}},"40":{"start":{"line":145,"column":6},"end":{"line":145,"column":18}},"41":{"start":{"line":153,"column":4},"end":{"line":166,"column":6}},"42":{"start":{"line":173,"column":4},"end":{"line":185,"column":6}},"43":{"start":{"line":192,"column":4},"end":{"line":192,"column":55}},"44":{"start":{"line":195,"column":24},"end":{"line":195,"column":63}},"45":{"start":{"line":197,"column":4},"end":{"line":204,"column":6}},"46":{"start":{"line":211,"column":4},"end":{"line":211,"column":42}},"47":{"start":{"line":16,"column":0},"end":{"line":16,"column":13}}},"fnMap":{"0":{"name":"(anonymous_0)","decl":{"start":{"line":30,"column":2},"end":{"line":30,"column":21}},"loc":{"start":{"line":30,"column":35},"end":{"line":64,"column":3}}},"1":{"name":"(anonymous_1)","decl":{"start":{"line":67,"column":9},"end":{"line":67,"column":15}},"loc":{"start":{"line":67,"column":27},"end":{"line":72,"column":3}}},"2":{"name":"(anonymous_2)","decl":{"start":{"line":75,"column":9},"end":{"line":75,"column":14}},"loc":{"start":{"line":75,"column":37},"end":{"line":77,"column":3}}},"3":{"name":"(anonymous_3)","decl":{"start":{"line":80,"column":9},"end":{"line":80,"column":14}},"loc":{"start":{"line":80,"column":26},"end":{"line":114,"column":3}}},"4":{"name":"(anonymous_4)","decl":{"start":{"line":117,"column":9},"end":{"line":117,"column":14}},"loc":{"start":{"line":117,"column":22},"end":{"line":127,"column":3}}},"5":{"name":"(anonymous_5)","decl":{"start":{"line":132,"column":9},"end":{"line":132,"column":14}},"loc":{"start":{"line":132,"column":25},"end":{"line":147,"column":3}}},"6":{"name":"(anonymous_6)","decl":{"start":{"line":152,"column":9},"end":{"line":152,"column":24}},"loc":{"start":{"line":152,"column":24},"end":{"line":167,"column":3}}},"7":{"name":"(anonymous_7)","decl":{"start":{"line":172,"column":9},"end":{"line":172,"column":30}},"loc":{"start":{"line":172,"column":30},"end":{"line":186,"column":3}}},"8":{"name":"(anonymous_8)","decl":{"start":{"line":191,"column":9},"end":{"line":191,"column":14}},"loc":{"start":{"line":191,"column":47},"end":{"line":205,"column":3}}},"9":{"name":"(anonymous_9)","decl":{"start":{"line":210,"column":9},"end":{"line":210,"column":15}},"loc":{"start":{"line":210,"column":29},"end":{"line":212,"column":3}}}},"branchMap":{"0":{"loc":{"start":{"line":31,"column":4},"end":{"line":63,"column":5}},"type":"if","locations":[{"start":{"line":31,"column":4},"end":{"line":63,"column":5}},{"start":{"line":45,"column":11},"end":{"line":63,"column":5}}]},"1":{"loc":{"start":{"line":33,"column":30},"end":{"line":33,"column":74}},"type":"binary-expr","locations":[{"start":{"line":33,"column":30},"end":{"line":33,"column":48}},{"start":{"line":33,"column":52},"end":{"line":33,"column":74}}]},"2":{"loc":{"start":{"line":34,"column":23},"end":{"line":34,"column":59}},"type":"binary-expr","locations":[{"start":{"line":34,"column":23},"end":{"line":34,"column":34}},{"start":{"line":34,"column":38},"end":{"line":34,"column":59}}]},"3":{"loc":{"start":{"line":35,"column":24},"end":{"line":35,"column":62}},"type":"binary-expr","locations":[{"start":{"line":35,"column":24},"end":{"line":35,"column":36}},{"start":{"line":35,"column":40},"end":{"line":35,"column":62}}]},"4":{"loc":{"start":{"line":36,"column":28},"end":{"line":36,"column":76}},"type":"binary-expr","locations":[{"start":{"line":36,"column":28},"end":{"line":36,"column":44}},{"start":{"line":36,"column":48},"end":{"line":36,"column":76}}]},"5":{"loc":{"start":{"line":37,"column":34},"end":{"line":37,"column":86}},"type":"binary-expr","locations":[{"start":{"line":37,"column":34},"end":{"line":37,"column":56}},{"start":{"line":37,"column":60},"end":{"line":37,"column":86}}]},"6":{"loc":{"start":{"line":38,"column":34},"end":{"line":38,"column":81}},"type":"binary-expr","locations":[{"start":{"line":38,"column":34},"end":{"line":38,"column":51}},{"start":{"line":38,"column":55},"end":{"line":38,"column":81}}]},"7":{"loc":{"start":{"line":39,"column":24},"end":{"line":44,"column":8}},"type":"binary-expr","locations":[{"start":{"line":39,"column":24},"end":{"line":39,"column":36}},{"start":{"line":39,"column":40},"end":{"line":44,"column":8}}]},"8":{"loc":{"start":{"line":68,"column":4},"end":{"line":70,"column":5}},"type":"if","locations":[{"start":{"line":68,"column":4},"end":{"line":70,"column":5}}]},"9":{"loc":{"start":{"line":195,"column":24},"end":{"line":195,"column":63}},"type":"binary-expr","locations":[{"start":{"line":195,"column":24},"end":{"line":195,"column":58}},{"start":{"line":195,"column":62},"end":{"line":195,"column":63}}]},"10":{"loc":{"start":{"line":195,"column":24},"end":{"line":195,"column":58}},"type":"cond-expr","locations":[{"start":{"line":195,"column":50},"end":{"line":195,"column":52}},{"start":{"line":195,"column":50},"end":{"line":195,"column":58}}]},"11":{"loc":{"start":{"line":195,"column":24},"end":{"line":195,"column":52}},"type":"binary-expr","locations":[{"start":{"line":195,"column":24},"end":{"line":195,"column":52}},{"start":{"line":195,"column":50},"end":{"line":195,"column":52}}]}},"s":{"0":2,"1":2,"2":2,"3":2,"4":2,"5":2,"6":2,"7":10,"8":1,"9":1,"10":1,"11":1,"12":1,"13":1,"14":1,"15":9,"16":9,"17":9,"18":9,"19":9,"20":9,"21":9,"22":11,"23":9,"24":11,"25":0,"26":1,"27":1,"28":1,"29":1,"30":0,"31":1,"32":3,"33":3,"34":3,"35":1,"36":1,"37":1,"38":1,"39":0,"40":0,"41":1,"42":1,"43":1,"44":1,"45":1,"46":9,"47":2},"f":{"0":10,"1":11,"2":0,"3":1,"4":3,"5":1,"6":1,"7":1,"8":1,"9":9},"b":{"0":[1,9],"1":[1,0],"2":[1,0],"3":[1,0],"4":[1,1],"5":[1,1],"6":[1,0],"7":[1,0],"8":[9],"9":[1,0],"10":[0,1],"11":[1,1]}}
,"/Users/fuchangwei/Projects/localite-v7/localite-app-main/src/types/ai.types.ts": {"path":"/Users/fuchangwei/Projects/localite-v7/localite-app-main/src/types/ai.types.ts","statementMap":{"0":{"start":{"line":212,"column":4},"end":{"line":212,"column":19}},"1":{"start":{"line":208,"column":20},"end":{"line":208,"column":32}},"2":{"start":{"line":209,"column":20},"end":{"line":209,"column":39}},"3":{"start":{"line":210,"column":20},"end":{"line":210,"column":33}},"4":{"start":{"line":213,"column":4},"end":{"line":213,"column":33}},"5":{"start":{"line":205,"column":0},"end":{"line":205,"column":13}}},"fnMap":{"0":{"name":"(anonymous_0)","decl":{"start":{"line":206,"column":2},"end":{"line":206,"column":null}},"loc":{"start":{"line":210,"column":33},"end":{"line":214,"column":3}}}},"branchMap":{},"s":{"0":4,"1":4,"2":4,"3":4,"4":4,"5":6},"f":{"0":4},"b":{}}
,"/Users/fuchangwei/Projects/localite-v7/localite-app-main/src/types/api.types.ts": {"path":"/Users/fuchangwei/Projects/localite-v7/localite-app-main/src/types/api.types.ts","statementMap":{"0":{"start":{"line":35,"column":4},"end":{"line":35,"column":19}},"1":{"start":{"line":30,"column":20},"end":{"line":30,"column":38}},"2":{"start":{"line":31,"column":20},"end":{"line":31,"column":41}},"3":{"start":{"line":32,"column":20},"end":{"line":32,"column":33}},"4":{"start":{"line":33,"column":20},"end":{"line":33,"column":41}},"5":{"start":{"line":36,"column":4},"end":{"line":36,"column":27}},"6":{"start":{"line":27,"column":0},"end":{"line":27,"column":13}}},"fnMap":{"0":{"name":"(anonymous_0)","decl":{"start":{"line":28,"column":2},"end":{"line":28,"column":null}},"loc":{"start":{"line":33,"column":46},"end":{"line":37,"column":3}}}},"branchMap":{"0":{"loc":{"start":{"line":31,"column":20},"end":{"line":31,"column":44}},"type":"default-arg","locations":[{"start":{"line":31,"column":41},"end":{"line":31,"column":44}}]},"1":{"loc":{"start":{"line":33,"column":20},"end":{"line":33,"column":46}},"type":"default-arg","locations":[{"start":{"line":33,"column":41},"end":{"line":33,"column":46}}]}},"s":{"0":20,"1":20,"2":20,"3":20,"4":20,"5":20,"6":5},"f":{"0":20},"b":{"0":[2],"1":[8]}}
,"/Users/fuchangwei/Projects/localite-v7/localite-app-main/src/types/storage.types.ts": {"path":"/Users/fuchangwei/Projects/localite-v7/localite-app-main/src/types/storage.types.ts","statementMap":{"0":{"start":{"line":142,"column":4},"end":{"line":142,"column":19}},"1":{"start":{"line":139,"column":20},"end":{"line":139,"column":33}},"2":{"start":{"line":140,"column":20},"end":{"line":140,"column":33}},"3":{"start":{"line":143,"column":4},"end":{"line":143,"column":31}},"4":{"start":{"line":136,"column":0},"end":{"line":136,"column":13}}},"fnMap":{"0":{"name":"(anonymous_0)","decl":{"start":{"line":137,"column":2},"end":{"line":137,"column":null}},"loc":{"start":{"line":140,"column":33},"end":{"line":144,"column":3}}}},"branchMap":{},"s":{"0":5,"1":5,"2":5,"3":5,"4":4},"f":{"0":5},"b":{}}
,"/Users/fuchangwei/Projects/localite-v7/localite-app-main/src/types/tts.types.ts": {"path":"/Users/fuchangwei/Projects/localite-v7/localite-app-main/src/types/tts.types.ts","statementMap":{"0":{"start":{"line":196,"column":4},"end":{"line":196,"column":19}},"1":{"start":{"line":191,"column":20},"end":{"line":191,"column":32}},"2":{"start":{"line":192,"column":20},"end":{"line":192,"column":39}},"3":{"start":{"line":193,"column":20},"end":{"line":193,"column":39}},"4":{"start":{"line":194,"column":20},"end":{"line":194,"column":33}},"5":{"start":{"line":197,"column":4},"end":{"line":197,"column":34}},"6":{"start":{"line":188,"column":0},"end":{"line":188,"column":13}}},"fnMap":{"0":{"name":"(anonymous_0)","decl":{"start":{"line":189,"column":2},"end":{"line":189,"column":null}},"loc":{"start":{"line":194,"column":33},"end":{"line":198,"column":3}}}},"branchMap":{},"s":{"0":0,"1":0,"2":0,"3":0,"4":0,"5":0,"6":1},"f":{"0":0},"b":{}}
}
