TN:
SF:src/components/SyncedSpeechText.tsx
FN:28,(anonymous_0)
FN:45,(anonymous_1)
FN:47,(anonymous_2)
FN:48,(anonymous_3)
FN:59,(anonymous_4)
FN:66,(anonymous_5)
FN:68,(anonymous_6)
FN:71,(anonymous_7)
FN:82,(anonymous_8)
FN:98,(anonymous_9)
FN:109,(anonymous_10)
FN:128,(anonymous_11)
FN:137,(anonymous_12)
FN:148,(anonymous_13)
FN:159,(anonymous_14)
FN:189,(anonymous_15)
FNF:16
FNH:0
FNDA:0,(anonymous_0)
FNDA:0,(anonymous_1)
FNDA:0,(anonymous_2)
FNDA:0,(anonymous_3)
FNDA:0,(anonymous_4)
FNDA:0,(anonymous_5)
FNDA:0,(anonymous_6)
FNDA:0,(anonymous_7)
FNDA:0,(anonymous_8)
FNDA:0,(anonymous_9)
FNDA:0,(anonymous_10)
FNDA:0,(anonymous_11)
FNDA:0,(anonymous_12)
FNDA:0,(anonymous_13)
FNDA:0,(anonymous_14)
FNDA:0,(anonymous_15)
DA:7,0
DA:8,0
DA:9,0
DA:28,0
DA:37,0
DA:38,0
DA:39,0
DA:40,0
DA:41,0
DA:42,0
DA:45,0
DA:46,0
DA:47,0
DA:48,0
DA:54,0
DA:59,0
DA:60,0
DA:61,0
DA:66,0
DA:67,0
DA:68,0
DA:69,0
DA:70,0
DA:71,0
DA:74,0
DA:75,0
DA:78,0
DA:83,0
DA:92,0
DA:93,0
DA:98,0
DA:99,0
DA:101,0
DA:102,0
DA:103,0
DA:104,0
DA:109,0
DA:110,0
DA:112,0
DA:113,0
DA:114,0
DA:116,0
DA:123,0
DA:124,0
DA:128,0
DA:129,0
DA:130,0
DA:131,0
DA:133,0
DA:137,0
DA:138,0
DA:139,0
DA:140,0
DA:141,0
DA:143,0
DA:144,0
DA:148,0
DA:149,0
DA:150,0
DA:151,0
DA:152,0
DA:153,0
DA:155,0
DA:159,0
DA:160,0
DA:161,0
DA:166,0
DA:185,0
DA:189,0
DA:241,0
LF:70
LH:0
BRDA:30,0,0,0
BRDA:31,1,0,0
BRDA:32,2,0,0
BRDA:33,3,0,0
BRDA:46,4,0,0
BRDA:60,5,0,0
BRDA:60,6,0,0
BRDA:60,6,1,0
BRDA:60,6,2,0
BRDA:67,7,0,0
BRDA:67,7,1,0
BRDA:67,8,0,0
BRDA:67,8,1,0
BRDA:71,9,0,0
BRDA:71,9,1,0
BRDA:74,10,0,0
BRDA:74,11,0,0
BRDA:74,11,1,0
BRDA:92,12,0,0
BRDA:92,13,0,0
BRDA:92,13,1,0
BRDA:99,14,0,0
BRDA:99,15,0,0
BRDA:99,15,1,0
BRDA:103,16,0,0
BRDA:110,17,0,0
BRDA:172,18,0,0
BRDA:172,18,1,0
BRDA:193,19,0,0
BRDA:193,19,1,0
BRDA:195,20,0,0
BRDA:195,20,1,0
BRDA:220,21,0,0
BRDA:220,21,1,0
BRF:34
BRH:0
end_of_record
TN:
SF:src/config/firebase.ts
FNF:0
FNH:0
DA:6,11
DA:7,11
DA:8,11
DA:9,11
DA:12,11
DA:27,11
DA:28,11
DA:29,11
DA:30,11
DA:31,0
DA:33,11
DA:38,11
LF:12
LH:11
BRDA:13,0,0,11
BRDA:13,0,1,11
BRDA:14,1,0,11
BRDA:14,1,1,11
BRDA:15,2,0,11
BRDA:15,2,1,11
BRDA:16,3,0,11
BRDA:16,3,1,11
BRDA:17,4,0,11
BRDA:17,4,1,11
BRDA:18,5,0,11
BRDA:18,5,1,11
BRF:12
BRH:12
end_of_record
TN:
SF:src/contexts/AuthContext.tsx
FN:26,(anonymous_0)
FN:32,(anonymous_1)
FN:33,(anonymous_2)
FN:48,(anonymous_3)
FN:61,(anonymous_4)
FN:74,(anonymous_5)
FN:88,(anonymous_6)
FN:93,(anonymous_7)
FN:97,(anonymous_8)
FN:129,(anonymous_9)
FNF:10
FNH:0
FNDA:0,(anonymous_0)
FNDA:0,(anonymous_1)
FNDA:0,(anonymous_2)
FNDA:0,(anonymous_3)
FNDA:0,(anonymous_4)
FNDA:0,(anonymous_5)
FNDA:0,(anonymous_6)
FNDA:0,(anonymous_7)
FNDA:0,(anonymous_8)
FNDA:0,(anonymous_9)
DA:5,1
DA:6,1
DA:20,1
DA:26,1
DA:27,0
DA:28,0
DA:29,0
DA:30,0
DA:32,0
DA:33,0
DA:34,0
DA:35,0
DA:39,0
DA:40,0
DA:41,0
DA:43,0
DA:45,0
DA:48,0
DA:49,0
DA:50,0
DA:51,0
DA:52,0
DA:54,0
DA:55,0
DA:57,0
DA:61,0
DA:62,0
DA:63,0
DA:64,0
DA:65,0
DA:67,0
DA:68,0
DA:70,0
DA:74,0
DA:75,0
DA:76,0
DA:77,0
DA:78,0
DA:79,0
DA:81,0
DA:82,0
DA:84,0
DA:88,0
DA:89,0
DA:90,0
DA:93,0
DA:94,0
DA:97,0
DA:99,0
DA:107,0
DA:110,0
DA:122,0
DA:129,1
DA:130,0
DA:131,0
DA:132,0
DA:134,0
LF:57
LH:5
BRDA:40,0,0,0
BRDA:107,1,0,0
BRDA:107,1,1,0
BRDA:131,2,0,0
BRF:4
BRH:0
end_of_record
TN:
SF:src/contexts/SpeechContext.tsx
FN:33,(anonymous_0)
FN:59,(anonymous_1)
FNF:2
FNH:0
FNDA:0,(anonymous_0)
FNDA:0,(anonymous_1)
DA:7,0
DA:8,0
DA:27,0
DA:33,0
DA:34,0
DA:36,0
DA:52,0
DA:59,0
DA:60,0
DA:61,0
DA:62,0
DA:64,0
LF:12
LH:0
BRDA:61,0,0,0
BRF:1
BRH:0
end_of_record
TN:
SF:src/contexts/VenueEntryContext.tsx
FN:33,(anonymous_0)
FN:47,(anonymous_1)
FNF:2
FNH:0
FNDA:0,(anonymous_0)
FNDA:0,(anonymous_1)
DA:7,0
DA:8,0
DA:27,0
DA:33,0
DA:34,0
DA:36,0
DA:40,0
DA:47,0
DA:48,0
DA:49,0
DA:50,0
DA:52,0
LF:12
LH:0
BRDA:49,0,0,0
BRF:1
BRH:0
end_of_record
TN:
SF:src/hooks/useSpeech.ts
FN:12,(anonymous_0)
FN:15,(anonymous_1)
FN:20,(anonymous_2)
FN:24,(anonymous_3)
FN:28,(anonymous_4)
FN:32,(anonymous_5)
FN:36,(anonymous_6)
FN:40,(anonymous_7)
FN:44,(anonymous_8)
FNF:9
FNH:0
FNDA:0,(anonymous_0)
FNDA:0,(anonymous_1)
FNDA:0,(anonymous_2)
FNDA:0,(anonymous_3)
FNDA:0,(anonymous_4)
FNDA:0,(anonymous_5)
FNDA:0,(anonymous_6)
FNDA:0,(anonymous_7)
FNDA:0,(anonymous_8)
DA:7,0
DA:8,0
DA:10,0
DA:12,0
DA:13,0
DA:15,0
DA:16,0
DA:17,0
DA:20,0
DA:21,0
DA:24,0
DA:25,0
DA:28,0
DA:29,0
DA:32,0
DA:33,0
DA:36,0
DA:37,0
DA:40,0
DA:41,0
DA:44,0
DA:45,0
DA:48,0
LF:23
LH:0
BRF:0
BRH:0
end_of_record
TN:
SF:src/hooks/useVenueEntry.ts
FN:12,(anonymous_0)
FN:15,(anonymous_1)
FN:20,(anonymous_2)
FN:24,(anonymous_3)
FN:28,(anonymous_4)
FN:32,(anonymous_5)
FN:36,(anonymous_6)
FN:40,(anonymous_7)
FNF:8
FNH:0
FNDA:0,(anonymous_0)
FNDA:0,(anonymous_1)
FNDA:0,(anonymous_2)
FNDA:0,(anonymous_3)
FNDA:0,(anonymous_4)
FNDA:0,(anonymous_5)
FNDA:0,(anonymous_6)
FNDA:0,(anonymous_7)
DA:7,0
DA:8,0
DA:10,0
DA:12,0
DA:13,0
DA:15,0
DA:16,0
DA:17,0
DA:20,0
DA:21,0
DA:24,0
DA:25,0
DA:28,0
DA:29,0
DA:32,0
DA:33,0
DA:36,0
DA:37,0
DA:40,0
DA:41,0
DA:44,0
LF:21
LH:0
BRF:0
BRH:0
end_of_record
TN:
SF:src/navigation/AppNavigation.tsx
FN:36,(anonymous_1)
FN:50,(anonymous_2)
FN:90,(anonymous_3)
FN:96,(anonymous_4)
FN:97,(anonymous_5)
FN:144,(anonymous_6)
FNF:6
FNH:6
FNDA:2,(anonymous_1)
FNDA:5,(anonymous_2)
FNDA:13,(anonymous_3)
FNDA:6,(anonymous_4)
FNDA:6,(anonymous_5)
FNDA:7,(anonymous_6)
DA:5,2
DA:6,2
DA:7,2
DA:8,2
DA:9,2
DA:11,2
DA:13,2
DA:17,2
DA:18,2
DA:19,2
DA:22,2
DA:23,2
DA:24,2
DA:27,2
DA:29,2
DA:30,2
DA:31,2
DA:33,2
DA:36,2
DA:37,2
DA:50,2
DA:51,5
DA:90,2
DA:91,13
DA:92,13
DA:93,13
DA:96,13
DA:97,6
DA:98,6
DA:99,4
DA:100,4
DA:101,4
DA:103,0
DA:104,0
DA:107,2
DA:109,6
DA:112,6
DA:113,6
DA:117,13
DA:118,6
DA:125,7
DA:144,2
DA:145,7
LF:43
LH:41
BRDA:98,0,0,4
BRDA:98,0,1,2
BRDA:112,1,0,6
BRDA:117,2,0,6
BRDA:117,3,0,13
BRDA:117,3,1,13
BRDA:130,4,0,5
BRDA:130,4,1,2
BRDA:132,5,0,0
BRDA:132,5,1,5
BRF:10
BRH:9
end_of_record
TN:
SF:src/navigation/MerchantNavigation.tsx
FN:16,(anonymous_1)
FN:44,(anonymous_2)
FNF:2
FNH:0
FNDA:0,(anonymous_1)
FNDA:0,(anonymous_2)
DA:6,1
DA:10,1
DA:11,1
DA:12,1
DA:14,1
DA:16,1
DA:17,0
DA:44,0
LF:8
LH:6
BRF:0
BRH:0
end_of_record
TN:
SF:src/screens/auth/LoginScreen.tsx
FN:20,(anonymous_0)
FN:26,(anonymous_1)
FN:44,(anonymous_2)
FN:48,(anonymous_3)
FNF:4
FNH:0
FNDA:0,(anonymous_0)
FNDA:0,(anonymous_1)
FNDA:0,(anonymous_2)
FNDA:0,(anonymous_3)
DA:5,1
DA:6,1
DA:16,1
DA:20,1
DA:21,0
DA:22,0
DA:23,0
DA:24,0
DA:26,0
DA:27,0
DA:28,0
DA:29,0
DA:32,0
DA:33,0
DA:34,0
DA:37,0
DA:38,0
DA:40,0
DA:44,0
DA:45,0
DA:48,0
DA:49,0
DA:52,0
DA:118,1
DA:199,1
LF:25
LH:6
BRDA:27,0,0,0
BRDA:27,1,0,0
BRDA:27,1,1,0
BRDA:38,2,0,0
BRDA:38,2,1,0
BRDA:94,3,0,0
BRDA:94,3,1,0
BRDA:99,4,0,0
BRDA:99,4,1,0
BRF:9
BRH:0
end_of_record
TN:
SF:src/screens/auth/RegisterScreen.tsx
FN:20,(anonymous_0)
FN:27,(anonymous_1)
FN:55,(anonymous_2)
FN:59,(anonymous_3)
FNF:4
FNH:0
FNDA:0,(anonymous_0)
FNDA:0,(anonymous_1)
FNDA:0,(anonymous_2)
FNDA:0,(anonymous_3)
DA:5,1
DA:6,1
DA:16,1
DA:20,1
DA:21,0
DA:22,0
DA:23,0
DA:24,0
DA:25,0
DA:27,0
DA:28,0
DA:29,0
DA:30,0
DA:33,0
DA:34,0
DA:35,0
DA:38,0
DA:39,0
DA:40,0
DA:43,0
DA:44,0
DA:45,0
DA:48,0
DA:49,0
DA:51,0
DA:55,0
DA:56,0
DA:59,0
DA:60,0
DA:63,0
DA:138,1
DA:219,1
LF:32
LH:6
BRDA:28,0,0,0
BRDA:28,1,0,0
BRDA:28,1,1,0
BRDA:28,1,2,0
BRDA:33,2,0,0
BRDA:38,3,0,0
BRDA:49,4,0,0
BRDA:49,4,1,0
BRDA:115,5,0,0
BRDA:115,5,1,0
BRDA:119,6,0,0
BRDA:119,6,1,0
BRF:12
BRH:0
end_of_record
TN:
SF:src/screens/auth/WelcomeScreen.tsx
FN:11,(anonymous_0)
FN:12,(anonymous_1)
FN:16,(anonymous_2)
FNF:3
FNH:0
FNDA:0,(anonymous_0)
FNDA:0,(anonymous_1)
FNDA:0,(anonymous_2)
DA:6,1
DA:11,1
DA:12,0
DA:13,0
DA:16,0
DA:17,0
DA:20,0
DA:53,1
DA:113,1
LF:9
LH:4
BRF:0
BRH:0
end_of_record
TN:
SF:src/screens/main/ExploreScreen.tsx
FN:11,(anonymous_0)
FNF:1
FNH:0
FNDA:0,(anonymous_0)
DA:6,1
DA:11,1
DA:12,0
DA:21,1
DA:42,1
LF:5
LH:4
BRF:0
BRH:0
end_of_record
TN:
SF:src/screens/main/ProfileScreen.tsx
FN:12,(anonymous_0)
FN:15,(anonymous_1)
FN:27,(anonymous_2)
FNF:3
FNH:0
FNDA:0,(anonymous_0)
FNDA:0,(anonymous_1)
FNDA:0,(anonymous_2)
DA:6,1
DA:8,1
DA:12,1
DA:13,0
DA:15,0
DA:16,0
DA:28,0
DA:29,0
DA:31,0
DA:32,0
DA:40,0
DA:74,1
DA:126,1
LF:13
LH:5
BRDA:47,0,0,0
BRDA:47,0,1,0
BRDA:57,1,0,0
BRDA:57,1,1,0
BRF:4
BRH:0
end_of_record
TN:
SF:src/screens/merchant/AddPlaceScreen.tsx
FN:32,AddPlaceScreen
FN:65,(anonymous_10)
FN:74,(anonymous_11)
FN:88,(anonymous_12)
FN:93,(anonymous_13)
FN:101,(anonymous_14)
FN:122,(anonymous_15)
FN:130,(anonymous_16)
FN:131,(anonymous_17)
FN:131,(anonymous_18)
FN:134,(anonymous_19)
FN:146,(anonymous_20)
FN:149,(anonymous_21)
FN:178,(anonymous_22)
FN:198,(anonymous_23)
FN:199,(anonymous_24)
FN:236,(anonymous_25)
FN:248,(anonymous_26)
FN:253,(anonymous_27)
FN:277,(anonymous_28)
FN:286,(anonymous_29)
FN:293,(anonymous_30)
FN:313,(anonymous_31)
FN:327,(anonymous_32)
FN:344,(anonymous_33)
FN:362,(anonymous_34)
FN:374,(anonymous_35)
FN:385,(anonymous_36)
FN:399,(anonymous_37)
FN:411,(anonymous_38)
FN:423,(anonymous_39)
FNF:31
FNH:0
FNDA:0,AddPlaceScreen
FNDA:0,(anonymous_10)
FNDA:0,(anonymous_11)
FNDA:0,(anonymous_12)
FNDA:0,(anonymous_13)
FNDA:0,(anonymous_14)
FNDA:0,(anonymous_15)
FNDA:0,(anonymous_16)
FNDA:0,(anonymous_17)
FNDA:0,(anonymous_18)
FNDA:0,(anonymous_19)
FNDA:0,(anonymous_20)
FNDA:0,(anonymous_21)
FNDA:0,(anonymous_22)
FNDA:0,(anonymous_23)
FNDA:0,(anonymous_24)
FNDA:0,(anonymous_25)
FNDA:0,(anonymous_26)
FNDA:0,(anonymous_27)
FNDA:0,(anonymous_28)
FNDA:0,(anonymous_29)
FNDA:0,(anonymous_30)
FNDA:0,(anonymous_31)
FNDA:0,(anonymous_32)
FNDA:0,(anonymous_33)
FNDA:0,(anonymous_34)
FNDA:0,(anonymous_35)
FNDA:0,(anonymous_36)
FNDA:0,(anonymous_37)
FNDA:0,(anonymous_38)
FNDA:0,(anonymous_39)
DA:1,1
DA:2,1
DA:15,1
DA:16,1
DA:17,1
DA:18,1
DA:19,1
DA:23,1
DA:24,1
DA:32,1
DA:33,0
DA:34,0
DA:36,0
DA:50,0
DA:51,0
DA:53,0
DA:65,0
DA:66,0
DA:67,0
DA:68,0
DA:69,0
DA:71,0
DA:74,0
DA:75,0
DA:76,0
DA:78,0
DA:79,0
DA:87,0
DA:88,0
DA:93,0
DA:96,0
DA:97,0
DA:101,0
DA:102,0
DA:103,0
DA:104,0
DA:105,0
DA:108,0
DA:109,0
DA:115,0
DA:116,0
DA:117,0
DA:122,0
DA:125,0
DA:126,0
DA:130,0
DA:131,0
DA:134,0
DA:135,0
DA:146,0
DA:147,0
DA:149,0
DA:150,0
DA:153,0
DA:154,0
DA:156,0
DA:171,0
DA:172,0
DA:175,0
DA:178,0
DA:179,0
DA:180,0
DA:181,0
DA:184,0
DA:185,0
DA:186,0
DA:189,0
DA:191,0
DA:193,0
DA:196,0
DA:198,0
DA:199,0
DA:202,0
DA:209,0
DA:210,0
DA:216,0
DA:228,0
DA:230,0
DA:236,0
DA:241,0
DA:242,0
DA:244,0
DA:248,0
DA:249,0
DA:253,0
DA:260,0
DA:277,0
DA:287,0
DA:293,0
DA:313,0
DA:327,0
DA:344,0
DA:362,0
DA:374,0
DA:385,0
DA:399,0
DA:411,0
DA:423,0
DA:450,1
LF:99
LH:11
BRDA:67,0,0,0
BRDA:76,1,0,0
BRDA:87,2,0,0
BRDA:87,3,0,0
BRDA:87,3,1,0
BRDA:103,4,0,0
BRDA:115,5,0,0
BRDA:115,6,0,0
BRDA:115,6,1,0
BRDA:147,7,0,0
BRDA:159,8,0,0
BRDA:159,8,1,0
BRDA:165,9,0,0
BRDA:165,9,1,0
BRDA:179,10,0,0
BRDA:184,11,0,0
BRDA:209,12,0,0
BRDA:209,13,0,0
BRDA:209,13,1,0
BRDA:263,14,0,0
BRDA:263,14,1,0
BRDA:291,15,0,0
BRDA:291,15,1,0
BRDA:298,16,0,0
BRDA:298,16,1,0
BRDA:340,17,0,0
BRDA:340,17,1,0
BRDA:426,18,0,0
BRDA:426,18,1,0
BRDA:427,19,0,0
BRDA:427,19,1,0
BRDA:436,20,0,0
BRDA:436,20,1,0
BRDA:441,21,0,0
BRDA:441,21,1,0
BRF:35
BRH:0
end_of_record
TN:
SF:src/screens/merchant/MerchantDashboardScreen.tsx
FN:28,MerchantDashboardScreen
FN:43,(anonymous_1)
FN:55,(anonymous_2)
FN:68,(anonymous_3)
FN:86,(anonymous_4)
FN:93,(anonymous_5)
FN:98,(anonymous_6)
FN:102,(anonymous_7)
FN:106,(anonymous_8)
FN:115,(anonymous_9)
FN:132,(anonymous_10)
FN:165,(anonymous_11)
FN:172,(anonymous_12)
FN:265,(anonymous_13)
FNF:14
FNH:0
FNDA:0,MerchantDashboardScreen
FNDA:0,(anonymous_1)
FNDA:0,(anonymous_2)
FNDA:0,(anonymous_3)
FNDA:0,(anonymous_4)
FNDA:0,(anonymous_5)
FNDA:0,(anonymous_6)
FNDA:0,(anonymous_7)
FNDA:0,(anonymous_8)
FNDA:0,(anonymous_9)
FNDA:0,(anonymous_10)
FNDA:0,(anonymous_11)
FNDA:0,(anonymous_12)
FNDA:0,(anonymous_13)
DA:1,1
DA:2,1
DA:12,1
DA:15,1
DA:16,1
DA:19,1
DA:28,1
DA:29,0
DA:30,0
DA:32,0
DA:33,0
DA:34,0
DA:40,0
DA:41,0
DA:43,0
DA:44,0
DA:46,0
DA:47,0
DA:50,0
DA:51,0
DA:52,0
DA:55,0
DA:58,0
DA:61,0
DA:64,0
DA:65,0
DA:68,0
DA:69,0
DA:70,0
DA:72,0
DA:79,0
DA:80,0
DA:82,0
DA:86,0
DA:87,0
DA:88,0
DA:89,0
DA:92,0
DA:94,0
DA:98,0
DA:99,0
DA:102,0
DA:103,0
DA:106,0
DA:107,0
DA:116,0
DA:117,0
DA:118,0
DA:119,0
DA:120,0
DA:123,0
DA:124,0
DA:132,0
DA:133,0
DA:165,0
DA:172,0
DA:180,0
DA:181,0
DA:188,0
DA:189,0
DA:196,0
DA:265,0
DA:276,1
LF:63
LH:8
BRDA:44,0,0,0
BRDA:51,1,0,0
BRDA:68,2,0,0
BRDA:68,2,1,0
BRDA:69,3,0,0
BRDA:69,3,1,0
BRDA:70,4,0,0
BRDA:70,4,1,0
BRDA:117,5,0,0
BRDA:140,6,0,0
BRDA:140,6,1,0
BRDA:140,7,0,0
BRDA:140,7,1,0
BRDA:144,8,0,0
BRDA:144,8,1,0
BRDA:144,9,0,0
BRDA:144,9,1,0
BRDA:149,10,0,0
BRDA:149,10,1,0
BRDA:180,11,0,0
BRDA:188,12,0,0
BRDA:211,13,0,0
BRDA:211,13,1,0
BRDA:215,14,0,0
BRDA:215,14,1,0
BRDA:220,15,0,0
BRDA:220,15,1,0
BRDA:257,16,0,0
BRDA:257,16,1,0
BRF:29
BRH:0
end_of_record
TN:
SF:src/screens/merchant/MerchantRegisterScreen.tsx
FN:22,MerchantRegisterScreen
FN:48,(anonymous_1)
FN:92,(anonymous_2)
FN:124,(anonymous_3)
FN:133,(anonymous_4)
FN:140,(anonymous_5)
FN:160,(anonymous_6)
FN:174,(anonymous_7)
FN:186,(anonymous_8)
FN:198,(anonymous_9)
FN:209,(anonymous_10)
FNF:11
FNH:0
FNDA:0,MerchantRegisterScreen
FNDA:0,(anonymous_1)
FNDA:0,(anonymous_2)
FNDA:0,(anonymous_3)
FNDA:0,(anonymous_4)
FNDA:0,(anonymous_5)
FNDA:0,(anonymous_6)
FNDA:0,(anonymous_7)
FNDA:0,(anonymous_8)
FNDA:0,(anonymous_9)
FNDA:0,(anonymous_10)
DA:1,1
DA:2,1
DA:13,1
DA:16,1
DA:17,1
DA:20,1
DA:22,1
DA:23,0
DA:24,0
DA:26,0
DA:37,0
DA:39,0
DA:48,0
DA:49,0
DA:50,0
DA:51,0
DA:54,0
DA:55,0
DA:56,0
DA:59,0
DA:60,0
DA:61,0
DA:64,0
DA:66,0
DA:67,0
DA:84,0
DA:86,0
DA:94,0
DA:100,0
DA:101,0
DA:103,0
DA:107,0
DA:124,0
DA:134,0
DA:140,0
DA:160,0
DA:174,0
DA:186,0
DA:198,0
DA:209,0
DA:232,1
LF:41
LH:8
BRDA:49,0,0,0
BRDA:54,1,0,0
BRDA:59,2,0,0
BRDA:69,3,0,0
BRDA:69,3,1,0
BRDA:110,4,0,0
BRDA:110,4,1,0
BRDA:138,5,0,0
BRDA:138,5,1,0
BRDA:145,6,0,0
BRDA:145,6,1,0
BRDA:218,7,0,0
BRDA:218,7,1,0
BRDA:223,8,0,0
BRDA:223,8,1,0
BRF:15
BRH:0
end_of_record
TN:
SF:src/services/APIService.ts
FN:41,(anonymous_0)
FN:63,(anonymous_1)
FN:149,(anonymous_2)
FN:201,(anonymous_3)
FN:242,(anonymous_4)
FN:283,(anonymous_5)
FN:301,(anonymous_6)
FN:323,(anonymous_7)
FN:332,(anonymous_8)
FN:333,(anonymous_9)
FN:335,(anonymous_10)
FN:337,(anonymous_11)
FN:344,(anonymous_12)
FN:399,(anonymous_13)
FN:408,(anonymous_14)
FN:469,(anonymous_15)
FN:502,(anonymous_16)
FNF:17
FNH:16
FNDA:31,(anonymous_0)
FNDA:19,(anonymous_1)
FNDA:2,(anonymous_2)
FNDA:4,(anonymous_3)
FNDA:2,(anonymous_4)
FNDA:2,(anonymous_5)
FNDA:2,(anonymous_6)
FNDA:2,(anonymous_7)
FNDA:2,(anonymous_8)
FNDA:6,(anonymous_9)
FNDA:6,(anonymous_10)
FNDA:0,(anonymous_11)
FNDA:9,(anonymous_12)
FNDA:30,(anonymous_13)
FNDA:1,(anonymous_14)
FNDA:1,(anonymous_15)
FNDA:1,(anonymous_16)
DA:8,4
DA:9,4
DA:10,4
DA:11,4
DA:35,4
DA:43,31
DA:44,31
DA:45,31
DA:48,31
DA:68,19
DA:70,19
DA:71,6
DA:78,13
DA:79,13
DA:82,13
DA:89,13
DA:96,13
DA:97,13
DA:98,13
DA:105,12
DA:109,12
DA:112,10
DA:117,10
DA:122,10
DA:124,10
DA:141,9
DA:153,2
DA:154,2
DA:155,2
DA:158,2
DA:161,2
DA:162,2
DA:163,2
DA:164,2
DA:173,2
DA:175,2
DA:193,0
DA:205,4
DA:206,4
DA:207,4
DA:210,4
DA:214,4
DA:219,4
DA:221,4
DA:234,0
DA:243,2
DA:244,2
DA:245,2
DA:248,2
DA:249,2
DA:250,2
DA:253,2
DA:254,2
DA:256,2
DA:258,2
DA:275,0
DA:284,2
DA:285,2
DA:286,2
DA:287,2
DA:293,0
DA:302,2
DA:303,2
DA:304,2
DA:309,2
DA:315,0
DA:325,2
DA:333,6
DA:335,6
DA:336,2
DA:337,0
DA:338,0
DA:340,0
DA:347,9
DA:348,6
DA:351,3
DA:352,3
DA:353,3
DA:357,3
DA:358,1
DA:359,1
DA:360,2
DA:364,1
DA:365,1
DA:366,1
DA:370,1
DA:371,1
DA:372,1
DA:373,0
DA:374,0
DA:375,0
DA:378,3
DA:387,9
DA:400,30
DA:409,1
DA:411,1
DA:429,1
DA:437,1
DA:443,1
DA:445,1
DA:447,1
DA:457,0
DA:459,0
DA:470,1
DA:472,1
DA:482,1
DA:484,1
DA:492,0
DA:503,1
DA:505,1
DA:519,1
DA:524,0
LF:112
LH:97
BRDA:43,0,0,31
BRDA:43,0,1,11
BRDA:44,1,0,31
BRDA:44,1,1,11
BRDA:45,2,0,31
BRDA:45,2,1,11
BRDA:70,3,0,6
BRDA:70,4,0,19
BRDA:70,4,1,14
BRDA:90,5,0,13
BRDA:90,5,1,6
BRDA:97,6,0,13
BRDA:102,7,0,13
BRDA:102,7,1,0
BRDA:162,8,0,2
BRDA:162,9,0,2
BRDA:162,9,1,2
BRDA:169,10,0,2
BRDA:169,10,1,2
BRDA:180,11,0,1
BRDA:180,11,1,1
BRDA:335,12,0,2
BRDA:335,12,1,0
BRDA:337,13,0,0
BRDA:337,13,1,0
BRDA:347,14,0,6
BRDA:347,14,1,3
BRDA:357,15,0,1
BRDA:357,15,1,2
BRDA:357,16,0,3
BRDA:357,16,1,2
BRDA:360,17,0,1
BRDA:360,17,1,1
BRDA:360,18,0,2
BRDA:360,18,1,2
BRDA:360,18,2,1
BRDA:360,18,3,1
BRDA:365,19,0,1
BRDA:365,19,1,0
BRDA:366,20,0,1
BRDA:366,20,1,0
BRDA:366,21,0,1
BRDA:366,21,1,0
BRDA:366,21,2,0
BRDA:366,21,3,0
BRDA:371,22,0,1
BRDA:371,22,1,0
BRDA:373,23,0,0
BRDA:381,24,0,3
BRDA:381,24,1,3
BRDA:412,25,0,1
BRDA:412,25,1,0
BRDA:419,26,0,1
BRDA:419,26,1,0
BRDA:422,27,0,1
BRDA:422,27,1,0
BRDA:434,28,0,1
BRDA:434,28,1,1
BRDA:438,29,0,1
BRDA:438,29,1,1
BRDA:443,30,0,1
BRDA:443,31,0,1
BRDA:443,31,1,1
BRDA:451,32,0,1
BRDA:451,32,1,0
BRDA:479,33,0,1
BRDA:479,33,1,1
BRF:67
BRH:52
end_of_record
TN:
SF:src/services/ErrorHandlingService.ts
FN:102,(anonymous_0)
FN:129,(anonymous_1)
FN:183,(anonymous_2)
FN:198,(anonymous_3)
FN:206,(anonymous_4)
FN:219,(anonymous_5)
FN:231,(anonymous_6)
FN:239,(anonymous_7)
FN:244,(anonymous_8)
FN:270,(anonymous_9)
FN:286,(anonymous_10)
FN:294,(anonymous_11)
FN:310,(anonymous_12)
FN:320,(anonymous_13)
FN:342,(anonymous_14)
FN:363,(anonymous_15)
FN:371,(anonymous_16)
FNF:17
FNH:17
FNDA:7,(anonymous_0)
FNDA:7,(anonymous_1)
FNDA:9,(anonymous_2)
FNDA:11,(anonymous_3)
FNDA:77,(anonymous_4)
FNDA:8,(anonymous_5)
FNDA:3,(anonymous_6)
FNDA:2,(anonymous_7)
FNDA:2,(anonymous_8)
FNDA:2,(anonymous_9)
FNDA:2,(anonymous_10)
FNDA:5,(anonymous_11)
FNDA:1,(anonymous_12)
FNDA:2,(anonymous_13)
FNDA:1,(anonymous_14)
FNDA:3,(anonymous_15)
FNDA:3,(anonymous_16)
DA:8,3
DA:44,3
DA:45,24
DA:51,24
DA:52,24
DA:53,24
DA:56,24
DA:67,24
DA:104,7
DA:105,0
DA:106,0
DA:107,0
DA:111,7
DA:114,7
DA:123,7
DA:124,7
DA:126,7
DA:135,7
DA:136,2
DA:139,5
DA:140,1
DA:143,4
DA:144,1
DA:147,3
DA:148,0
DA:151,3
DA:152,1
DA:155,2
DA:156,0
DA:159,2
DA:160,0
DA:163,2
DA:164,0
DA:167,2
DA:168,0
DA:171,2
DA:172,0
DA:176,2
DA:184,9
DA:192,9
DA:199,11
DA:200,0
DA:203,11
DA:206,11
DA:207,77
DA:208,2
DA:212,11
DA:220,8
DA:221,8
DA:222,8
DA:224,8
DA:232,3
DA:240,2
DA:241,2
DA:245,2
DA:246,1
DA:247,1
DA:249,0
DA:250,0
DA:252,0
DA:255,1
DA:256,0
DA:259,1
DA:260,1
DA:263,0
DA:271,2
DA:287,2
DA:295,5
DA:300,5
DA:301,5
DA:303,5
DA:304,1
DA:307,5
DA:311,1
DA:312,1
DA:313,1
DA:314,1
DA:315,1
DA:316,1
DA:321,2
DA:322,2
DA:323,1
DA:327,1
DA:329,0
DA:330,0
DA:331,0
DA:332,0
DA:335,1
DA:343,1
DA:344,1
DA:349,1
DA:350,1
DA:352,1
DA:354,0
DA:355,0
DA:364,3
DA:372,3
LF:97
LH:76
BRDA:104,0,0,0
BRDA:115,1,0,7
BRDA:115,1,1,0
BRDA:135,2,0,2
BRDA:135,3,0,7
BRDA:135,3,1,5
BRDA:139,4,0,1
BRDA:139,5,0,5
BRDA:139,5,1,4
BRDA:143,6,0,1
BRDA:143,7,0,4
BRDA:143,7,1,3
BRDA:147,8,0,0
BRDA:147,9,0,3
BRDA:147,9,1,3
BRDA:151,10,0,1
BRDA:151,11,0,3
BRDA:151,11,1,3
BRDA:155,12,0,0
BRDA:155,13,0,2
BRDA:155,13,1,2
BRDA:159,14,0,0
BRDA:159,15,0,2
BRDA:159,15,1,2
BRDA:163,16,0,0
BRDA:163,17,0,2
BRDA:163,17,1,2
BRDA:167,18,0,0
BRDA:171,19,0,0
BRDA:199,20,0,0
BRDA:199,21,0,11
BRDA:199,21,1,11
BRDA:207,22,0,2
BRDA:221,23,0,8
BRDA:221,23,1,7
BRDA:222,24,0,8
BRDA:222,24,1,8
BRDA:239,25,0,0
BRDA:241,26,0,2
BRDA:241,26,1,0
BRDA:245,27,0,1
BRDA:246,28,0,1
BRDA:246,29,0,1
BRDA:246,29,1,0
BRDA:249,30,0,0
BRDA:255,31,0,0
BRDA:259,32,0,1
BRDA:281,33,0,2
BRDA:281,33,1,0
BRDA:282,34,0,2
BRDA:282,34,1,0
BRDA:295,35,0,5
BRDA:295,35,1,2
BRDA:303,36,0,1
BRDA:312,37,0,1
BRDA:322,38,0,1
BRDA:322,39,0,2
BRDA:322,39,1,2
BRDA:327,40,0,0
BRDA:327,41,0,1
BRDA:327,41,1,1
BRF:61
BRH:44
end_of_record
TN:
SF:src/services/ExpoSpeechService.ts
FN:32,(anonymous_9)
FN:39,(anonymous_10)
FN:43,(anonymous_11)
FN:54,(anonymous_12)
FN:55,(anonymous_13)
FN:61,(anonymous_14)
FN:74,(anonymous_15)
FN:95,(anonymous_16)
FN:99,(anonymous_17)
FN:104,(anonymous_18)
FN:110,(anonymous_19)
FN:129,(anonymous_20)
FN:144,(anonymous_21)
FN:156,(anonymous_22)
FN:168,(anonymous_23)
FN:175,(anonymous_24)
FN:182,(anonymous_25)
FN:189,(anonymous_26)
FN:190,(anonymous_27)
FN:198,(anonymous_28)
FN:209,(anonymous_29)
FN:216,(anonymous_30)
FN:217,(anonymous_31)
FN:224,(anonymous_32)
FNF:24
FNH:0
FNDA:0,(anonymous_9)
FNDA:0,(anonymous_10)
FNDA:0,(anonymous_11)
FNDA:0,(anonymous_12)
FNDA:0,(anonymous_13)
FNDA:0,(anonymous_14)
FNDA:0,(anonymous_15)
FNDA:0,(anonymous_16)
FNDA:0,(anonymous_17)
FNDA:0,(anonymous_18)
FNDA:0,(anonymous_19)
FNDA:0,(anonymous_20)
FNDA:0,(anonymous_21)
FNDA:0,(anonymous_22)
FNDA:0,(anonymous_23)
FNDA:0,(anonymous_24)
FNDA:0,(anonymous_25)
FNDA:0,(anonymous_26)
FNDA:0,(anonymous_27)
FNDA:0,(anonymous_28)
FNDA:0,(anonymous_29)
FNDA:0,(anonymous_30)
FNDA:0,(anonymous_31)
FNDA:0,(anonymous_32)
DA:7,0
DA:23,0
DA:24,0
DA:30,0
DA:33,0
DA:40,0
DA:43,0
DA:44,0
DA:45,0
DA:46,0
DA:55,0
DA:62,0
DA:63,0
DA:64,0
DA:65,0
DA:67,0
DA:75,0
DA:76,0
DA:80,0
DA:81,0
DA:84,0
DA:85,0
DA:86,0
DA:88,0
DA:89,0
DA:96,0
DA:97,0
DA:100,0
DA:101,0
DA:102,0
DA:105,0
DA:106,0
DA:107,0
DA:108,0
DA:111,0
DA:112,0
DA:113,0
DA:117,0
DA:119,0
DA:120,0
DA:121,0
DA:122,0
DA:130,0
DA:131,0
DA:132,0
DA:133,0
DA:134,0
DA:136,0
DA:137,0
DA:145,0
DA:146,0
DA:148,0
DA:149,0
DA:157,0
DA:158,0
DA:160,0
DA:161,0
DA:169,0
DA:176,0
DA:183,0
DA:190,0
DA:191,0
DA:194,0
DA:198,0
DA:199,0
DA:200,0
DA:203,0
DA:210,0
DA:217,0
DA:218,0
DA:225,0
LF:71
LH:0
BRDA:45,0,0,0
BRDA:74,1,0,0
BRDA:75,2,0,0
BRDA:75,3,0,0
BRDA:75,3,1,0
BRDA:80,4,0,0
BRDA:90,5,0,0
BRDA:90,5,1,0
BRDA:91,6,0,0
BRDA:91,6,1,0
BRDA:92,7,0,0
BRDA:92,7,1,0
BRDA:94,8,0,0
BRDA:94,8,1,0
BRDA:191,9,0,0
BRDA:198,10,0,0
BRDA:198,10,1,0
BRDA:199,11,0,0
BRDA:203,12,0,0
BRDA:203,12,1,0
BRDA:224,13,0,0
BRF:21
BRH:0
end_of_record
TN:
SF:src/services/FirebaseAuthService.ts
FN:31,(anonymous_0)
FN:38,(anonymous_1)
FN:50,(anonymous_2)
FN:59,(anonymous_3)
FN:86,(anonymous_4)
FN:113,(anonymous_5)
FN:127,(anonymous_6)
FN:139,(anonymous_7)
FN:155,(anonymous_8)
FN:159,(anonymous_9)
FN:173,(anonymous_10)
FN:175,(anonymous_11)
FN:185,(anonymous_12)
FN:196,(anonymous_13)
FN:206,(anonymous_14)
FN:215,(anonymous_15)
FN:248,(anonymous_16)
FN:259,(anonymous_17)
FN:265,(anonymous_18)
FN:277,(anonymous_19)
FN:286,(anonymous_20)
FNF:21
FNH:17
FNDA:3,(anonymous_0)
FNDA:2,(anonymous_1)
FNDA:10,(anonymous_2)
FNDA:8,(anonymous_3)
FNDA:2,(anonymous_4)
FNDA:1,(anonymous_5)
FNDA:13,(anonymous_6)
FNDA:7,(anonymous_7)
FNDA:1,(anonymous_8)
FNDA:0,(anonymous_9)
FNDA:10,(anonymous_10)
FNDA:0,(anonymous_11)
FNDA:0,(anonymous_12)
FNDA:10,(anonymous_13)
FNDA:9,(anonymous_14)
FNDA:2,(anonymous_15)
FNDA:6,(anonymous_16)
FNDA:1,(anonymous_17)
FNDA:2,(anonymous_18)
FNDA:0,(anonymous_19)
FNDA:1,(anonymous_20)
DA:8,3
DA:17,3
DA:30,3
DA:31,3
DA:32,3
DA:33,3
DA:37,3
DA:39,2
DA:40,2
DA:44,3
DA:46,10
DA:48,10
DA:51,10
DA:52,10
DA:53,10
DA:60,8
DA:61,8
DA:62,7
DA:64,6
DA:66,6
DA:69,0
DA:75,0
DA:76,0
DA:79,2
DA:87,2
DA:88,2
DA:89,2
DA:91,2
DA:93,2
DA:96,0
DA:102,0
DA:103,0
DA:106,0
DA:114,1
DA:116,1
DA:121,0
DA:128,13
DA:129,13
DA:132,0
DA:133,0
DA:140,7
DA:141,7
DA:142,7
DA:143,7
DA:145,0
DA:148,0
DA:156,1
DA:158,1
DA:159,0
DA:160,0
DA:161,0
DA:174,10
DA:175,0
DA:176,0
DA:177,0
DA:186,0
DA:197,10
DA:198,10
DA:199,1
DA:207,9
DA:208,1
DA:216,2
DA:217,2
DA:219,2
DA:223,0
DA:224,0
DA:226,0
DA:227,0
DA:229,0
DA:230,0
DA:232,0
DA:233,0
DA:235,0
DA:236,0
DA:238,2
DA:241,2
DA:249,6
DA:255,6
DA:258,6
DA:259,1
DA:262,6
DA:266,2
DA:267,1
DA:273,1
DA:276,1
DA:277,0
DA:280,1
DA:283,1
DA:287,1
LF:89
LH:59
BRDA:64,0,0,6
BRDA:91,1,0,2
BRDA:114,2,0,1
BRDA:128,3,0,13
BRDA:133,4,0,0
BRDA:133,4,1,0
BRDA:141,5,0,7
BRDA:141,5,1,0
BRDA:158,6,0,0
BRDA:160,7,0,0
BRDA:160,7,1,0
BRDA:174,8,0,0
BRDA:176,9,0,0
BRDA:176,9,1,0
BRDA:188,10,0,0
BRDA:188,10,1,0
BRDA:198,11,0,1
BRDA:207,12,0,1
BRDA:219,13,0,0
BRDA:219,13,1,0
BRDA:219,13,2,0
BRDA:219,13,3,0
BRDA:219,13,4,0
BRDA:219,13,5,0
BRDA:219,13,6,0
BRDA:219,13,7,2
BRDA:238,14,0,2
BRDA:238,14,1,0
BRDA:258,15,0,1
BRDA:266,16,0,1
BRDA:266,17,0,2
BRDA:266,17,1,2
BRDA:276,18,0,0
BRF:33
BRH:13
end_of_record
TN:
SF:src/services/FirebaseStorageService.ts
FN:67,(anonymous_0)
FN:76,(anonymous_1)
FN:100,(anonymous_2)
FN:111,(anonymous_3)
FN:127,(anonymous_4)
FN:150,(anonymous_5)
FN:154,(anonymous_6)
FN:158,(anonymous_7)
FN:174,(anonymous_8)
FN:195,(anonymous_9)
FN:207,(anonymous_10)
FN:210,(anonymous_11)
FN:212,(anonymous_12)
FN:237,(anonymous_13)
FN:262,(anonymous_14)
FN:274,(anonymous_15)
FN:281,(anonymous_16)
FN:315,(anonymous_17)
FN:366,(anonymous_18)
FN:398,(anonymous_19)
FN:412,(anonymous_20)
FN:414,(anonymous_21)
FN:417,(anonymous_22)
FN:418,(anonymous_23)
FN:463,(anonymous_24)
FNF:25
FNH:20
FNDA:25,(anonymous_0)
FNDA:18,(anonymous_1)
FNDA:1,(anonymous_2)
FNDA:5,(anonymous_3)
FNDA:4,(anonymous_4)
FNDA:2,(anonymous_5)
FNDA:20,(anonymous_6)
FNDA:8,(anonymous_7)
FNDA:3,(anonymous_8)
FNDA:1,(anonymous_9)
FNDA:2,(anonymous_10)
FNDA:2,(anonymous_11)
FNDA:1,(anonymous_12)
FNDA:1,(anonymous_13)
FNDA:19,(anonymous_14)
FNDA:17,(anonymous_15)
FNDA:2,(anonymous_16)
FNDA:17,(anonymous_17)
FNDA:3,(anonymous_18)
FNDA:0,(anonymous_19)
FNDA:0,(anonymous_20)
FNDA:0,(anonymous_21)
FNDA:0,(anonymous_22)
FNDA:0,(anonymous_23)
FNDA:17,(anonymous_24)
DA:8,4
DA:23,4
DA:24,4
DA:41,4
DA:44,25
DA:47,25
DA:68,25
DA:69,25
DA:80,18
DA:82,18
DA:84,16
DA:86,16
DA:87,16
DA:91,0
DA:93,2
DA:94,2
DA:96,0
DA:105,1
DA:106,1
DA:108,1
DA:110,1
DA:111,5
DA:113,1
DA:117,0
DA:119,0
DA:128,4
DA:129,4
DA:130,4
DA:131,4
DA:132,1
DA:136,3
DA:137,1
DA:140,2
DA:144,0
DA:146,2
DA:151,2
DA:152,2
DA:153,2
DA:155,20
DA:159,8
DA:160,8
DA:162,8
DA:163,8
DA:165,8
DA:166,8
DA:168,0
DA:172,2
DA:173,2
DA:174,3
DA:176,2
DA:177,2
DA:178,2
DA:180,2
DA:189,0
DA:191,0
DA:196,1
DA:197,1
DA:198,1
DA:199,1
DA:200,0
DA:203,1
DA:206,1
DA:207,2
DA:209,1
DA:210,2
DA:212,1
DA:213,1
DA:214,1
DA:218,1
DA:220,1
DA:227,0
DA:229,0
DA:238,1
DA:239,1
DA:240,1
DA:241,1
DA:242,0
DA:246,1
DA:247,1
DA:248,1
DA:252,0
DA:254,0
DA:264,19
DA:265,1
DA:269,18
DA:270,1
DA:276,17
DA:277,17
DA:278,17
DA:282,2
DA:283,2
DA:285,2
DA:286,0
DA:289,2
DA:290,0
DA:291,0
DA:293,0
DA:294,0
DA:296,0
DA:297,0
DA:299,0
DA:300,0
DA:302,0
DA:305,2
DA:308,2
DA:319,17
DA:321,17
DA:323,17
DA:332,17
DA:333,16
DA:339,17
DA:351,17
DA:358,17
DA:364,17
DA:365,16
DA:366,1
DA:367,3
DA:370,15
DA:371,15
DA:374,15
DA:375,15
DA:384,17
DA:402,0
DA:403,0
DA:405,0
DA:407,0
DA:412,0
DA:413,0
DA:417,0
DA:418,0
DA:423,0
DA:426,0
DA:428,0
DA:436,0
DA:448,0
DA:455,0
DA:464,17
DA:465,17
LF:138
LH:100
BRDA:86,0,0,16
BRDA:93,1,0,2
BRDA:108,2,0,1
BRDA:129,3,0,4
BRDA:131,4,0,1
BRDA:136,5,0,1
BRDA:136,6,0,3
BRDA:136,6,1,2
BRDA:136,6,2,1
BRDA:152,7,0,2
BRDA:155,8,0,20
BRDA:155,8,1,20
BRDA:159,9,0,8
BRDA:159,9,1,0
BRDA:160,10,0,8
BRDA:160,10,1,0
BRDA:165,11,0,8
BRDA:165,11,1,0
BRDA:166,12,0,0
BRDA:166,12,1,8
BRDA:168,13,0,0
BRDA:168,13,1,0
BRDA:172,14,0,2
BRDA:172,14,1,0
BRDA:173,15,0,1
BRDA:173,15,1,1
BRDA:178,16,0,1
BRDA:178,16,1,1
BRDA:197,17,0,1
BRDA:199,18,0,0
BRDA:206,19,0,1
BRDA:206,20,0,1
BRDA:206,20,1,1
BRDA:206,20,2,1
BRDA:239,21,0,1
BRDA:241,22,0,0
BRDA:264,23,0,1
BRDA:269,24,0,1
BRDA:285,25,0,0
BRDA:289,26,0,0
BRDA:289,26,1,2
BRDA:291,27,0,0
BRDA:291,27,1,0
BRDA:291,27,2,0
BRDA:291,27,3,0
BRDA:325,28,0,17
BRDA:325,28,1,1
BRDA:326,29,0,17
BRDA:326,29,1,1
BRDA:327,30,0,17
BRDA:327,30,1,1
BRDA:328,31,0,17
BRDA:328,31,1,16
BRDA:328,32,0,15
BRDA:328,32,1,1
BRDA:332,33,0,16
BRDA:332,34,0,17
BRDA:332,34,1,16
BRDA:346,35,0,17
BRDA:346,35,1,16
BRDA:364,36,0,16
BRDA:365,37,0,1
BRDA:365,37,1,15
BRDA:365,38,0,16
BRDA:365,38,1,1
BRDA:370,39,0,15
BRDA:370,39,1,0
BRDA:438,40,0,0
BRDA:438,40,1,0
BRDA:440,41,0,0
BRDA:440,41,1,0
BRDA:441,42,0,0
BRDA:441,42,1,0
BRDA:442,43,0,0
BRDA:442,43,1,0
BRDA:444,44,0,0
BRDA:444,44,1,0
BRDA:464,45,0,17
BRF:78
BRH:52
end_of_record
TN:
SF:src/services/FirestoreService.ts
FN:45,(anonymous_0)
FN:65,(anonymous_1)
FN:71,(anonymous_2)
FN:85,(anonymous_3)
FN:142,(anonymous_4)
FN:165,(anonymous_5)
FN:226,(anonymous_6)
FN:262,(anonymous_7)
FN:294,(anonymous_8)
FN:313,(anonymous_9)
FN:338,(anonymous_10)
FN:368,(anonymous_11)
FN:372,(anonymous_12)
FN:383,(anonymous_13)
FN:405,(anonymous_14)
FN:409,(anonymous_15)
FN:423,(anonymous_16)
FN:437,(anonymous_17)
FN:470,(anonymous_18)
FN:506,(anonymous_19)
FN:532,(anonymous_20)
FN:551,(anonymous_21)
FN:559,(anonymous_22)
FN:562,(anonymous_23)
FN:572,(anonymous_24)
FN:600,(anonymous_25)
FN:619,(anonymous_26)
FN:638,(anonymous_27)
FN:657,(anonymous_28)
FN:688,(anonymous_29)
FN:701,(anonymous_30)
FN:719,(anonymous_31)
FN:747,(anonymous_32)
FNF:33
FNH:23
FNDA:0,(anonymous_0)
FNDA:42,(anonymous_1)
FNDA:57,(anonymous_2)
FNDA:5,(anonymous_3)
FNDA:3,(anonymous_4)
FNDA:5,(anonymous_5)
FNDA:5,(anonymous_6)
FNDA:2,(anonymous_7)
FNDA:0,(anonymous_8)
FNDA:0,(anonymous_9)
FNDA:5,(anonymous_10)
FNDA:3,(anonymous_11)
FNDA:6,(anonymous_12)
FNDA:0,(anonymous_13)
FNDA:2,(anonymous_14)
FNDA:1,(anonymous_15)
FNDA:0,(anonymous_16)
FNDA:0,(anonymous_17)
FNDA:0,(anonymous_18)
FNDA:12,(anonymous_19)
FNDA:18,(anonymous_20)
FNDA:1,(anonymous_21)
FNDA:1,(anonymous_22)
FNDA:1,(anonymous_23)
FNDA:1,(anonymous_24)
FNDA:4,(anonymous_25)
FNDA:0,(anonymous_26)
FNDA:0,(anonymous_27)
FNDA:0,(anonymous_28)
FNDA:15,(anonymous_29)
FNDA:1,(anonymous_30)
FNDA:1,(anonymous_31)
FNDA:1,(anonymous_32)
DA:8,8
DA:26,8
DA:44,8
DA:45,0
DA:46,0
DA:47,0
DA:51,8
DA:54,42
DA:57,8
DA:66,42
DA:67,42
DA:68,42
DA:72,57
DA:73,57
DA:74,57
DA:75,57
DA:76,57
DA:77,57
DA:86,5
DA:87,5
DA:88,5
DA:120,5
DA:121,5
DA:122,5
DA:126,0
DA:127,0
DA:129,0
DA:131,0
DA:143,3
DA:144,3
DA:145,3
DA:148,0
DA:149,0
DA:151,0
DA:152,0
DA:155,0
DA:157,0
DA:166,5
DA:167,5
DA:168,5
DA:169,5
DA:171,3
DA:189,5
DA:190,1
DA:192,5
DA:193,5
DA:194,5
DA:195,5
DA:198,0
DA:199,0
DA:204,0
DA:207,0
DA:208,0
DA:209,0
DA:212,0
DA:214,0
DA:227,5
DA:228,5
DA:229,5
DA:247,5
DA:248,5
DA:249,5
DA:253,0
DA:254,0
DA:256,0
DA:258,0
DA:263,2
DA:264,2
DA:265,2
DA:266,2
DA:267,2
DA:268,2
DA:269,2
DA:270,2
DA:271,2
DA:273,0
DA:277,0
DA:278,0
DA:283,0
DA:284,0
DA:287,0
DA:288,0
DA:290,0
DA:295,0
DA:296,0
DA:297,0
DA:298,0
DA:301,0
DA:302,0
DA:303,0
DA:304,0
DA:307,0
DA:309,0
DA:314,0
DA:315,0
DA:316,0
DA:317,0
DA:318,0
DA:319,0
DA:321,0
DA:324,0
DA:325,0
DA:330,0
DA:339,5
DA:340,5
DA:361,5
DA:362,5
DA:365,5
DA:369,3
DA:370,3
DA:372,3
DA:373,6
DA:375,6
DA:376,0
DA:379,6
DA:380,1
DA:383,6
DA:384,0
DA:388,6
DA:389,4
DA:393,4
DA:394,1
DA:398,6
DA:402,0
DA:406,2
DA:407,2
DA:408,2
DA:409,2
DA:413,0
DA:414,0
DA:420,0
DA:422,0
DA:423,0
DA:424,0
DA:428,0
DA:431,0
DA:433,0
DA:438,0
DA:439,0
DA:440,0
DA:441,0
DA:442,0
DA:443,0
DA:445,0
DA:449,0
DA:450,0
DA:452,0
DA:453,0
DA:456,0
DA:457,0
DA:458,0
DA:461,0
DA:466,0
DA:471,0
DA:472,0
DA:473,0
DA:474,0
DA:475,0
DA:477,0
DA:481,0
DA:482,0
DA:484,0
DA:485,0
DA:488,0
DA:489,0
DA:490,0
DA:493,0
DA:498,0
DA:507,12
DA:508,12
DA:525,12
DA:526,12
DA:529,12
DA:533,18
DA:534,18
DA:535,18
DA:536,18
DA:540,18
DA:541,18
DA:542,18
DA:543,18
DA:544,18
DA:548,0
DA:552,1
DA:553,1
DA:556,0
DA:560,1
DA:561,1
DA:562,1
DA:565,0
DA:573,1
DA:574,1
DA:589,1
DA:590,1
DA:593,1
DA:602,4
DA:603,4
DA:604,4
DA:605,4
DA:608,4
DA:609,4
DA:620,0
DA:622,0
DA:623,0
DA:624,0
DA:625,0
DA:626,0
DA:627,0
DA:629,0
DA:632,0
DA:639,0
DA:641,0
DA:642,0
DA:643,0
DA:644,0
DA:645,0
DA:646,0
DA:648,0
DA:651,0
DA:658,0
DA:659,0
DA:661,0
DA:662,0
DA:663,0
DA:665,0
DA:666,0
DA:668,0
DA:669,0
DA:671,0
DA:672,0
DA:674,0
DA:675,0
DA:677,0
DA:681,0
DA:689,15
DA:690,15
DA:691,15
DA:702,1
DA:703,1
DA:704,1
DA:709,0
DA:720,1
DA:722,1
DA:723,1
DA:726,1
DA:732,1
DA:737,0
DA:748,1
DA:749,1
DA:750,1
DA:755,0
LF:251
LH:116
BRDA:72,0,0,57
BRDA:91,1,0,5
BRDA:91,1,1,0
BRDA:94,2,0,5
BRDA:94,2,1,3
BRDA:95,3,0,5
BRDA:95,3,1,4
BRDA:105,4,0,5
BRDA:105,4,1,3
BRDA:120,5,0,5
BRDA:144,6,0,3
BRDA:145,7,0,3
BRDA:145,7,1,1
BRDA:151,8,0,0
BRDA:167,9,0,5
BRDA:169,10,0,3
BRDA:189,11,0,1
BRDA:208,12,0,0
BRDA:234,13,0,5
BRDA:234,13,1,3
BRDA:237,14,0,5
BRDA:237,14,1,5
BRDA:247,15,0,5
BRDA:264,16,0,2
BRDA:266,17,0,2
BRDA:283,18,0,0
BRDA:296,19,0,0
BRDA:298,20,0,0
BRDA:298,20,1,0
BRDA:303,21,0,0
BRDA:315,22,0,0
BRDA:317,23,0,0
BRDA:346,24,0,5
BRDA:346,24,1,2
BRDA:352,25,0,5
BRDA:352,25,1,3
BRDA:353,26,0,5
BRDA:353,26,1,5
BRDA:361,27,0,5
BRDA:369,28,0,3
BRDA:370,29,0,3
BRDA:370,29,1,0
BRDA:375,30,0,0
BRDA:375,31,0,6
BRDA:375,31,1,2
BRDA:379,32,0,1
BRDA:379,33,0,6
BRDA:379,33,1,2
BRDA:383,34,0,0
BRDA:383,35,0,6
BRDA:383,35,1,0
BRDA:388,36,0,4
BRDA:388,37,0,6
BRDA:388,37,1,6
BRDA:393,38,0,1
BRDA:398,39,0,6
BRDA:398,39,1,4
BRDA:407,40,0,2
BRDA:408,41,0,2
BRDA:408,41,1,0
BRDA:439,42,0,0
BRDA:441,43,0,0
BRDA:441,44,0,0
BRDA:441,44,1,0
BRDA:452,45,0,0
BRDA:457,46,0,0
BRDA:472,47,0,0
BRDA:474,48,0,0
BRDA:474,49,0,0
BRDA:474,49,1,0
BRDA:484,50,0,0
BRDA:489,51,0,0
BRDA:525,52,0,12
BRDA:533,53,0,18
BRDA:535,54,0,18
BRDA:552,55,0,1
BRDA:553,56,0,1
BRDA:553,56,1,0
BRDA:560,57,0,1
BRDA:561,58,0,1
BRDA:561,58,1,0
BRDA:581,59,0,1
BRDA:581,59,1,0
BRDA:589,60,0,1
BRDA:620,61,0,0
BRDA:624,62,0,0
BRDA:624,62,1,0
BRDA:626,63,0,0
BRDA:626,63,1,0
BRDA:626,64,0,0
BRDA:626,64,1,0
BRDA:639,65,0,0
BRDA:643,66,0,0
BRDA:643,66,1,0
BRDA:645,67,0,0
BRDA:645,67,1,0
BRDA:645,68,0,0
BRDA:645,68,1,0
BRDA:661,69,0,0
BRDA:663,70,0,0
BRDA:663,70,1,0
BRDA:663,70,2,0
BRDA:663,70,3,0
BRDA:663,70,4,0
BRDA:689,71,0,15
BRDA:722,72,0,1
BRDA:722,72,1,0
BRF:107
BRH:56
end_of_record
TN:
SF:src/services/GoogleAIService.ts
FN:46,(anonymous_0)
FN:77,(anonymous_1)
FN:83,(anonymous_2)
FN:106,(anonymous_3)
FN:126,(anonymous_4)
FN:143,(anonymous_5)
FN:168,(anonymous_6)
FN:191,(anonymous_7)
FN:207,(anonymous_8)
FN:228,(anonymous_9)
FN:236,(anonymous_10)
FN:250,(anonymous_11)
FN:257,(anonymous_12)
FN:286,(anonymous_13)
FN:297,(anonymous_14)
FN:345,(anonymous_15)
FN:357,(anonymous_16)
FN:374,(anonymous_17)
FN:376,(anonymous_18)
FN:419,(anonymous_19)
FN:427,(anonymous_20)
FN:451,(anonymous_21)
FN:477,(anonymous_22)
FN:517,(anonymous_23)
FN:522,(anonymous_24)
FN:535,(anonymous_25)
FN:547,(anonymous_26)
FN:570,(anonymous_27)
FN:581,(anonymous_28)
FN:599,(anonymous_29)
FN:643,(anonymous_30)
FN:684,(anonymous_31)
FNF:32
FNH:27
FNDA:39,(anonymous_0)
FNDA:39,(anonymous_1)
FNDA:0,(anonymous_2)
FNDA:0,(anonymous_3)
FNDA:38,(anonymous_4)
FNDA:1,(anonymous_5)
FNDA:6,(anonymous_6)
FNDA:7,(anonymous_7)
FNDA:1,(anonymous_8)
FNDA:1,(anonymous_9)
FNDA:6,(anonymous_10)
FNDA:43,(anonymous_11)
FNDA:1,(anonymous_12)
FNDA:39,(anonymous_13)
FNDA:37,(anonymous_14)
FNDA:1,(anonymous_15)
FNDA:8,(anonymous_16)
FNDA:5,(anonymous_17)
FNDA:5,(anonymous_18)
FNDA:7,(anonymous_19)
FNDA:0,(anonymous_20)
FNDA:37,(anonymous_21)
FNDA:1,(anonymous_22)
FNDA:5,(anonymous_23)
FNDA:6,(anonymous_24)
FNDA:5,(anonymous_25)
FNDA:5,(anonymous_26)
FNDA:1,(anonymous_27)
FNDA:43,(anonymous_28)
FNDA:0,(anonymous_29)
FNDA:0,(anonymous_30)
FNDA:19,(anonymous_31)
DA:9,7
DA:10,7
DA:27,7
DA:31,39
DA:36,39
DA:47,39
DA:48,39
DA:49,39
DA:51,39
DA:53,39
DA:56,0
DA:59,39
DA:79,39
DA:80,39
DA:84,0
DA:86,0
DA:87,0
DA:93,0
DA:94,0
DA:95,0
DA:97,0
DA:107,0
DA:109,0
DA:110,0
DA:111,0
DA:113,0
DA:127,38
DA:128,38
DA:129,38
DA:133,0
DA:135,0
DA:148,1
DA:149,1
DA:150,1
DA:154,0
DA:156,0
DA:169,6
DA:170,6
DA:172,5
DA:173,5
DA:177,0
DA:179,1
DA:192,7
DA:193,7
DA:194,7
DA:198,0
DA:200,0
DA:208,1
DA:209,1
DA:210,1
DA:211,1
DA:215,0
DA:217,0
DA:229,1
DA:237,6
DA:238,0
DA:241,6
DA:242,1
DA:245,5
DA:246,0
DA:252,43
DA:253,43
DA:254,43
DA:258,1
DA:259,1
DA:262,0
DA:263,0
DA:265,0
DA:266,0
DA:267,0
DA:268,0
DA:269,0
DA:270,0
DA:271,0
DA:272,0
DA:273,0
DA:276,0
DA:288,39
DA:289,2
DA:292,37
DA:293,0
DA:297,37
DA:299,37
DA:300,37
DA:303,37
DA:304,37
DA:305,1
DA:309,37
DA:314,37
DA:330,37
DA:336,37
DA:337,37
DA:340,37
DA:342,37
DA:350,1
DA:353,1
DA:355,1
DA:356,8
DA:357,8
DA:360,1
DA:368,1
DA:369,1
DA:371,1
DA:376,5
DA:378,5
DA:379,5
DA:382,5
DA:383,2
DA:389,2
DA:395,2
DA:398,5
DA:401,5
DA:420,7
DA:421,7
DA:423,7
DA:426,7
DA:427,0
DA:428,0
DA:432,7
DA:433,7
DA:435,7
DA:452,37
DA:455,37
DA:456,4
DA:457,4
DA:460,0
DA:461,0
DA:466,33
DA:467,2
DA:471,31
DA:476,1
DA:478,1
DA:485,1
DA:488,1
DA:489,1
DA:493,30
DA:494,2
DA:497,28
DA:498,1
DA:501,27
DA:502,1
DA:505,26
DA:506,1
DA:509,25
DA:510,0
DA:514,25
DA:518,5
DA:521,5
DA:522,6
DA:523,2
DA:524,1
DA:528,4
DA:529,1
DA:532,3
DA:536,5
DA:548,5
DA:571,1
DA:572,1
DA:574,1
DA:575,8
DA:578,1
DA:582,43
DA:583,43
DA:584,43
DA:585,43
DA:587,43
DA:588,43
DA:589,43
DA:591,43
DA:600,0
DA:602,0
DA:605,0
DA:611,0
DA:617,0
DA:618,0
DA:620,0
DA:635,0
DA:638,0
DA:639,0
DA:644,0
DA:646,0
DA:654,0
DA:657,0
DA:658,0
DA:660,0
DA:675,0
DA:676,0
DA:685,19
DA:686,19
DA:687,19
LF:190
LH:130
BRDA:51,0,0,39
BRDA:51,0,1,0
BRDA:84,1,0,0
BRDA:84,1,1,0
BRDA:84,1,2,0
BRDA:86,2,0,0
BRDA:107,3,0,0
BRDA:128,4,0,38
BRDA:149,5,0,1
BRDA:172,6,0,5
BRDA:193,7,0,7
BRDA:209,8,0,1
BRDA:237,9,0,0
BRDA:237,10,0,6
BRDA:237,10,1,6
BRDA:241,11,0,1
BRDA:245,12,0,0
BRDA:252,13,0,43
BRDA:252,13,1,4
BRDA:258,14,0,1
BRDA:265,15,0,0
BRDA:265,15,1,0
BRDA:268,16,0,0
BRDA:268,16,1,0
BRDA:268,17,0,0
BRDA:268,17,1,0
BRDA:271,18,0,0
BRDA:276,19,0,0
BRDA:276,19,1,0
BRDA:288,20,0,2
BRDA:292,21,0,0
BRDA:292,22,0,37
BRDA:292,22,1,37
BRDA:304,23,0,1
BRDA:311,24,0,37
BRDA:311,24,1,37
BRDA:324,25,0,37
BRDA:324,25,1,28
BRDA:325,26,0,37
BRDA:325,26,1,37
BRDA:326,27,0,37
BRDA:326,27,1,1
BRDA:382,28,0,2
BRDA:420,29,0,7
BRDA:420,29,1,5
BRDA:421,30,0,7
BRDA:421,30,1,6
BRDA:426,31,0,0
BRDA:455,32,0,4
BRDA:455,33,0,37
BRDA:455,33,1,34
BRDA:456,34,0,4
BRDA:456,35,0,4
BRDA:456,35,1,0
BRDA:460,36,0,0
BRDA:460,37,0,0
BRDA:460,37,1,0
BRDA:466,38,0,2
BRDA:466,39,0,33
BRDA:466,39,1,31
BRDA:471,40,0,1
BRDA:471,41,0,31
BRDA:471,41,1,30
BRDA:471,41,2,0
BRDA:471,41,3,30
BRDA:476,42,0,1
BRDA:476,42,1,1
BRDA:478,43,0,1
BRDA:478,43,1,0
BRDA:478,43,2,0
BRDA:478,43,3,0
BRDA:485,44,0,1
BRDA:485,44,1,0
BRDA:488,45,0,1
BRDA:488,46,0,1
BRDA:488,46,1,0
BRDA:493,47,0,2
BRDA:493,48,0,30
BRDA:493,48,1,28
BRDA:497,49,0,1
BRDA:501,50,0,1
BRDA:505,51,0,1
BRDA:509,52,0,0
BRDA:509,53,0,25
BRDA:509,53,1,25
BRDA:521,54,0,2
BRDA:523,55,0,1
BRDA:528,56,0,1
BRDA:528,57,0,4
BRDA:528,57,1,3
BRDA:587,58,0,37
BRDA:588,59,0,5
BRDA:589,60,0,1
BRDA:592,61,0,43
BRDA:592,61,1,20
BRDA:612,62,0,0
BRDA:612,62,1,0
BRDA:612,62,2,0
BRDA:613,63,0,0
BRDA:613,63,1,0
BRDA:613,63,2,0
BRDA:630,64,0,0
BRDA:630,64,1,0
BRDA:631,65,0,0
BRDA:631,65,1,0
BRDA:685,66,0,19
BRF:106
BRH:66
end_of_record
TN:
SF:src/services/GoogleTTSService.ts
FN:43,(anonymous_0)
FN:58,(anonymous_1)
FN:94,(anonymous_2)
FN:120,(anonymous_3)
FN:155,(anonymous_4)
FN:156,(anonymous_5)
FN:162,(anonymous_6)
FN:172,(anonymous_7)
FN:225,(anonymous_8)
FN:265,(anonymous_9)
FN:295,(anonymous_10)
FN:312,(anonymous_11)
FN:317,(anonymous_12)
FN:321,(anonymous_13)
FN:332,(anonymous_14)
FN:337,(anonymous_15)
FN:342,(anonymous_16)
FN:350,(anonymous_17)
FN:352,(anonymous_18)
FN:360,(anonymous_19)
FN:375,(anonymous_20)
FN:382,(anonymous_21)
FN:395,(anonymous_22)
FN:402,(anonymous_23)
FN:420,(anonymous_24)
FN:426,(anonymous_25)
FN:432,(anonymous_26)
FN:453,(anonymous_27)
FN:479,(anonymous_28)
FN:500,(anonymous_29)
FN:501,(anonymous_30)
FN:509,(anonymous_31)
FN:532,(anonymous_32)
FN:569,(anonymous_33)
FN:592,(anonymous_34)
FN:604,(anonymous_35)
FN:622,(anonymous_36)
FN:634,(anonymous_37)
FN:649,(anonymous_38)
FN:680,(anonymous_39)
FN:700,(anonymous_40)
FN:704,(anonymous_41)
FN:731,(anonymous_42)
FN:749,(anonymous_43)
FN:768,(anonymous_44)
FNF:45
FNH:29
FNDA:43,(anonymous_0)
FNDA:43,(anonymous_1)
FNDA:89,(anonymous_2)
FNDA:26,(anonymous_3)
FNDA:6,(anonymous_4)
FNDA:6,(anonymous_5)
FNDA:4,(anonymous_6)
FNDA:20,(anonymous_7)
FNDA:5,(anonymous_8)
FNDA:0,(anonymous_9)
FNDA:3,(anonymous_10)
FNDA:2,(anonymous_11)
FNDA:4,(anonymous_12)
FNDA:2,(anonymous_13)
FNDA:0,(anonymous_14)
FNDA:0,(anonymous_15)
FNDA:0,(anonymous_16)
FNDA:5,(anonymous_17)
FNDA:20,(anonymous_18)
FNDA:0,(anonymous_19)
FNDA:1,(anonymous_20)
FNDA:2,(anonymous_21)
FNDA:0,(anonymous_22)
FNDA:0,(anonymous_23)
FNDA:0,(anonymous_24)
FNDA:0,(anonymous_25)
FNDA:0,(anonymous_26)
FNDA:1,(anonymous_27)
FNDA:1,(anonymous_28)
FNDA:2,(anonymous_29)
FNDA:2,(anonymous_30)
FNDA:1,(anonymous_31)
FNDA:1,(anonymous_32)
FNDA:1,(anonymous_33)
FNDA:4,(anonymous_34)
FNDA:4,(anonymous_35)
FNDA:1,(anonymous_36)
FNDA:0,(anonymous_37)
FNDA:1,(anonymous_38)
FNDA:0,(anonymous_39)
FNDA:0,(anonymous_40)
FNDA:0,(anonymous_41)
FNDA:0,(anonymous_42)
FNDA:46,(anonymous_43)
FNDA:0,(anonymous_44)
DA:8,6
DA:34,6
DA:36,43
DA:37,43
DA:41,43
DA:44,43
DA:54,43
DA:55,43
DA:60,43
DA:95,89
DA:121,26
DA:124,26
DA:125,26
DA:126,2
DA:130,24
DA:131,2
DA:135,22
DA:136,22
DA:137,1
DA:139,22
DA:140,1
DA:142,22
DA:143,1
DA:147,22
DA:148,22
DA:150,22
DA:153,2
DA:154,6
DA:155,6
DA:156,6
DA:159,6
DA:160,6
DA:162,4
DA:163,4
DA:166,2
DA:167,2
DA:170,0
DA:172,20
DA:176,20
DA:177,20
DA:180,20
DA:181,20
DA:182,20
DA:183,20
DA:186,20
DA:187,20
DA:188,20
DA:192,20
DA:193,20
DA:194,12
DA:196,20
DA:199,20
DA:226,5
DA:229,5
DA:230,0
DA:233,5
DA:234,2
DA:237,3
DA:239,3
DA:273,0
DA:289,0
DA:300,3
DA:306,3
DA:313,2
DA:314,2
DA:316,2
DA:317,4
DA:321,2
DA:322,2
DA:323,0
DA:326,2
DA:333,0
DA:338,0
DA:343,0
DA:351,5
DA:352,20
DA:354,1
DA:361,0
DA:376,1
DA:383,2
DA:396,0
DA:404,0
DA:406,0
DA:426,0
DA:427,0
DA:428,0
DA:429,0
DA:432,0
DA:457,1
DA:459,1
DA:461,1
DA:462,3
DA:463,3
DA:466,3
DA:467,3
DA:470,3
DA:473,1
DA:483,1
DA:485,1
DA:488,1
DA:489,1
DA:491,1
DA:492,1
DA:493,2
DA:496,1
DA:497,1
DA:500,1
DA:501,2
DA:502,2
DA:503,2
DA:504,2
DA:509,1
DA:510,1
DA:511,1
DA:524,1
DA:537,1
DA:538,1
DA:539,1
DA:540,1
DA:541,2
DA:545,1
DA:548,1
DA:551,1
DA:570,1
DA:572,1
DA:574,1
DA:593,4
DA:595,4
DA:598,4
DA:605,4
DA:607,4
DA:623,1
DA:625,1
DA:636,0
DA:637,0
DA:639,0
DA:650,1
DA:652,1
DA:653,1
DA:656,1
DA:662,1
DA:687,0
DA:701,0
DA:704,0
DA:705,0
DA:707,0
DA:732,0
DA:750,46
DA:752,46
DA:755,46
DA:758,46
DA:760,46
DA:762,0
DA:763,0
DA:769,0
DA:770,0
DA:771,0
DA:772,0
LF:158
LH:126
BRDA:43,0,0,41
BRDA:125,1,0,2
BRDA:130,2,0,2
BRDA:130,3,0,24
BRDA:130,3,1,22
BRDA:136,4,0,1
BRDA:136,5,0,22
BRDA:136,5,1,22
BRDA:136,5,2,21
BRDA:139,6,0,1
BRDA:139,7,0,22
BRDA:139,7,1,6
BRDA:139,7,2,5
BRDA:142,8,0,1
BRDA:142,9,0,22
BRDA:142,9,1,2
BRDA:142,9,2,2
BRDA:147,10,0,22
BRDA:147,10,1,0
BRDA:148,11,0,22
BRDA:148,11,1,0
BRDA:150,12,0,2
BRDA:150,12,1,20
BRDA:160,13,0,4
BRDA:187,14,0,20
BRDA:193,15,0,12
BRDA:203,16,0,20
BRDA:203,16,1,0
BRDA:204,17,0,20
BRDA:204,17,1,20
BRDA:205,18,0,20
BRDA:205,18,1,20
BRDA:209,19,0,20
BRDA:209,19,1,0
BRDA:217,20,0,20
BRDA:217,20,1,1
BRDA:229,21,0,0
BRDA:229,22,0,5
BRDA:229,22,1,5
BRDA:233,23,0,2
BRDA:243,24,0,3
BRDA:243,24,1,0
BRDA:244,25,0,3
BRDA:244,25,1,3
BRDA:245,26,0,3
BRDA:245,26,1,3
BRDA:249,27,0,3
BRDA:249,27,1,0
BRDA:257,28,0,3
BRDA:257,28,1,3
BRDA:257,28,2,2
BRDA:267,29,0,0
BRDA:276,30,0,0
BRDA:276,30,1,0
BRDA:277,31,0,0
BRDA:277,31,1,0
BRDA:278,32,0,0
BRDA:278,32,1,0
BRDA:316,33,0,2
BRDA:322,34,0,0
BRDA:326,35,0,2
BRDA:326,35,1,0
BRDA:351,36,0,4
BRDA:408,37,0,0
BRDA:408,37,1,0
BRDA:427,38,0,0
BRDA:428,39,0,0
BRDA:428,40,0,0
BRDA:428,40,1,0
BRDA:455,41,0,1
BRDA:466,42,0,3
BRDA:510,43,0,1
BRDA:595,44,0,4
BRDA:595,44,1,0
BRDA:636,45,0,0
BRDA:636,45,1,0
BRDA:641,46,0,0
BRDA:641,46,1,0
BRDA:641,47,0,0
BRDA:641,47,1,0
BRDA:642,48,0,0
BRDA:642,48,1,0
BRDA:656,49,0,0
BRDA:656,49,1,1
BRDA:688,50,0,0
BRDA:688,50,1,0
BRDA:689,51,0,0
BRDA:689,51,1,0
BRDA:690,52,0,0
BRDA:690,52,1,0
BRDA:691,53,0,0
BRDA:691,53,1,0
BRDA:692,54,0,0
BRDA:692,54,1,0
BRDA:711,55,0,0
BRDA:711,55,1,0
BRDA:712,56,0,0
BRDA:712,56,1,0
BRDA:713,57,0,0
BRDA:713,57,1,0
BRDA:714,58,0,0
BRDA:714,58,1,0
BRDA:769,59,0,0
BRDA:769,59,1,0
BRF:104
BRH:52
end_of_record
TN:
SF:src/services/MultiLanguageService.ts
FN:77,(anonymous_0)
FN:106,(anonymous_1)
FN:112,(anonymous_2)
FN:116,(anonymous_3)
FN:117,(anonymous_4)
FN:120,(anonymous_5)
FN:128,(anonymous_6)
FN:136,(anonymous_7)
FN:147,(anonymous_8)
FN:149,(anonymous_9)
FN:159,(anonymous_10)
FN:171,(anonymous_11)
FN:180,(anonymous_12)
FN:190,(anonymous_13)
FN:206,(anonymous_14)
FN:208,(anonymous_15)
FN:224,(anonymous_16)
FN:226,(anonymous_17)
FN:231,(anonymous_18)
FN:232,(anonymous_19)
FN:241,(anonymous_20)
FNF:21
FNH:11
FNDA:4,(anonymous_0)
FNDA:4,(anonymous_1)
FNDA:2,(anonymous_2)
FNDA:6,(anonymous_3)
FNDA:11,(anonymous_4)
FNDA:2,(anonymous_5)
FNDA:4,(anonymous_6)
FNDA:9,(anonymous_7)
FNDA:0,(anonymous_8)
FNDA:0,(anonymous_9)
FNDA:2,(anonymous_10)
FNDA:0,(anonymous_11)
FNDA:1,(anonymous_12)
FNDA:0,(anonymous_13)
FNDA:0,(anonymous_14)
FNDA:0,(anonymous_15)
FNDA:0,(anonymous_16)
FNDA:0,(anonymous_17)
FNDA:0,(anonymous_18)
FNDA:0,(anonymous_19)
FNDA:1,(anonymous_20)
DA:10,3
DA:11,20
DA:14,20
DA:32,20
DA:68,20
DA:79,4
DA:80,4
DA:82,4
DA:83,4
DA:85,4
DA:86,4
DA:89,4
DA:90,2
DA:94,2
DA:95,1
DA:99,1
DA:107,4
DA:108,4
DA:113,2
DA:117,11
DA:121,2
DA:129,4
DA:137,9
DA:138,9
DA:139,8
DA:143,1
DA:148,0
DA:149,0
DA:150,0
DA:152,0
DA:160,2
DA:163,2
DA:167,2
DA:172,0
DA:173,0
DA:181,1
DA:184,1
DA:186,0
DA:191,0
DA:194,0
DA:196,0
DA:197,0
DA:207,0
DA:208,0
DA:210,0
DA:211,0
DA:215,0
DA:216,0
DA:220,0
DA:225,0
DA:226,0
DA:227,0
DA:232,0
DA:233,0
DA:242,1
DA:243,1
DA:244,1
DA:245,1
DA:250,0
LF:59
LH:35
BRDA:85,0,0,2
BRDA:85,0,1,2
BRDA:86,1,0,1
BRDA:86,1,1,3
BRDA:89,2,0,2
BRDA:94,3,0,1
BRDA:107,4,0,4
BRDA:129,5,0,4
BRDA:129,5,1,0
BRDA:138,6,0,8
BRDA:138,7,0,9
BRDA:138,7,1,8
BRDA:163,8,0,1
BRDA:163,8,1,1
BRDA:207,9,0,0
BRDA:207,9,1,0
BRDA:210,10,0,0
BRDA:215,11,0,0
BRDA:225,12,0,0
BRDA:225,12,1,0
BRDA:227,13,0,0
BRDA:227,13,1,0
BRDA:233,14,0,0
BRDA:233,14,1,0
BRF:24
BRH:13
end_of_record
TN:
SF:src/services/PersistenceService.ts
FN:10,(anonymous_1)
FN:20,(anonymous_2)
FN:29,(anonymous_3)
FN:39,(anonymous_4)
FN:48,(anonymous_5)
FN:66,(anonymous_6)
FN:75,(anonymous_7)
FN:97,(anonymous_8)
FN:104,(anonymous_9)
FN:121,(anonymous_10)
FN:137,(anonymous_11)
FN:140,(anonymous_12)
FN:140,(anonymous_13)
FN:148,(anonymous_14)
FN:157,(anonymous_15)
FN:163,(anonymous_16)
FN:169,(anonymous_17)
FN:175,(anonymous_18)
FN:181,(anonymous_19)
FNF:19
FNH:5
FNDA:0,(anonymous_1)
FNDA:0,(anonymous_2)
FNDA:0,(anonymous_3)
FNDA:0,(anonymous_4)
FNDA:0,(anonymous_5)
FNDA:0,(anonymous_6)
FNDA:0,(anonymous_7)
FNDA:2,(anonymous_8)
FNDA:3,(anonymous_9)
FNDA:0,(anonymous_10)
FNDA:0,(anonymous_11)
FNDA:0,(anonymous_12)
FNDA:0,(anonymous_13)
FNDA:0,(anonymous_14)
FNDA:2,(anonymous_15)
FNDA:2,(anonymous_16)
FNDA:10,(anonymous_17)
FNDA:0,(anonymous_18)
FNDA:0,(anonymous_19)
DA:1,3
DA:4,3
DA:5,3
DA:6,3
DA:7,3
DA:11,0
DA:12,0
DA:13,0
DA:15,0
DA:16,0
DA:21,0
DA:22,0
DA:24,0
DA:30,0
DA:31,0
DA:32,0
DA:34,0
DA:35,0
DA:40,0
DA:41,0
DA:43,0
DA:49,0
DA:50,0
DA:51,0
DA:57,0
DA:58,0
DA:67,0
DA:68,0
DA:70,0
DA:76,0
DA:77,0
DA:83,0
DA:89,3
DA:98,2
DA:99,2
DA:100,2
DA:105,3
DA:106,3
DA:114,3
DA:116,0
DA:122,0
DA:123,0
DA:124,0
DA:125,0
DA:126,0
DA:127,0
DA:128,0
DA:131,0
DA:133,0
DA:138,0
DA:139,0
DA:140,0
DA:142,0
DA:143,0
DA:149,0
DA:150,0
DA:152,0
DA:158,2
DA:159,2
DA:164,2
DA:165,2
DA:170,10
DA:171,10
DA:176,0
DA:177,0
DA:182,0
LF:66
LH:18
BRDA:13,0,0,0
BRDA:13,0,1,0
BRDA:32,1,0,0
BRDA:32,1,1,0
BRDA:51,2,0,0
BRDA:51,2,1,0
BRDA:98,3,0,2
BRDA:98,3,1,2
BRDA:124,4,0,0
BRF:9
BRH:2
end_of_record
TN:
SF:src/services/ServiceManager.ts
FN:30,(anonymous_0)
FN:67,(anonymous_1)
FN:75,(anonymous_2)
FN:80,(anonymous_3)
FN:117,(anonymous_4)
FN:132,(anonymous_5)
FN:152,(anonymous_6)
FN:172,(anonymous_7)
FN:191,(anonymous_8)
FN:210,(anonymous_9)
FNF:10
FNH:9
FNDA:10,(anonymous_0)
FNDA:11,(anonymous_1)
FNDA:0,(anonymous_2)
FNDA:1,(anonymous_3)
FNDA:3,(anonymous_4)
FNDA:1,(anonymous_5)
FNDA:1,(anonymous_6)
FNDA:1,(anonymous_7)
FNDA:1,(anonymous_8)
FNDA:9,(anonymous_9)
DA:8,2
DA:9,2
DA:10,2
DA:11,2
DA:12,2
DA:13,2
DA:14,2
DA:16,2
DA:31,10
DA:33,1
DA:34,1
DA:35,1
DA:36,1
DA:37,1
DA:38,1
DA:39,1
DA:47,9
DA:48,9
DA:49,9
DA:50,9
DA:53,9
DA:54,9
DA:57,9
DA:68,11
DA:69,9
DA:71,11
DA:76,0
DA:85,1
DA:96,1
DA:98,1
DA:101,1
DA:106,0
DA:109,1
DA:118,3
DA:125,3
DA:126,3
DA:133,1
DA:135,1
DA:137,1
DA:142,1
DA:144,0
DA:145,0
DA:153,1
DA:173,1
DA:192,1
DA:195,1
DA:197,1
DA:211,9
LF:48
LH:44
BRDA:31,0,0,1
BRDA:31,0,1,9
BRDA:33,1,0,1
BRDA:33,1,1,0
BRDA:34,2,0,1
BRDA:34,2,1,0
BRDA:35,3,0,1
BRDA:35,3,1,0
BRDA:36,4,0,1
BRDA:36,4,1,1
BRDA:37,5,0,1
BRDA:37,5,1,1
BRDA:38,6,0,1
BRDA:38,6,1,0
BRDA:39,7,0,1
BRDA:39,7,1,0
BRDA:68,8,0,9
BRDA:195,9,0,1
BRDA:195,9,1,0
BRF:19
BRH:13
end_of_record
TN:
SF:src/services/VenueEntryService.ts
FN:41,(anonymous_0)
FN:45,(anonymous_1)
FN:56,(anonymous_2)
FN:57,(anonymous_3)
FN:63,(anonymous_4)
FN:101,(anonymous_5)
FN:134,(anonymous_6)
FN:162,(anonymous_7)
FN:169,(anonymous_8)
FN:176,(anonymous_9)
FN:184,(anonymous_10)
FN:192,(anonymous_11)
FN:200,(anonymous_12)
FN:205,(anonymous_13)
FN:210,(anonymous_14)
FN:215,(anonymous_15)
FN:217,(anonymous_16)
FN:235,(anonymous_17)
FN:237,(anonymous_18)
FN:271,(anonymous_19)
FN:289,(anonymous_20)
FN:304,(anonymous_21)
FN:311,(anonymous_22)
FNF:23
FNH:0
FNDA:0,(anonymous_0)
FNDA:0,(anonymous_1)
FNDA:0,(anonymous_2)
FNDA:0,(anonymous_3)
FNDA:0,(anonymous_4)
FNDA:0,(anonymous_5)
FNDA:0,(anonymous_6)
FNDA:0,(anonymous_7)
FNDA:0,(anonymous_8)
FNDA:0,(anonymous_9)
FNDA:0,(anonymous_10)
FNDA:0,(anonymous_11)
FNDA:0,(anonymous_12)
FNDA:0,(anonymous_13)
FNDA:0,(anonymous_14)
FNDA:0,(anonymous_15)
FNDA:0,(anonymous_16)
FNDA:0,(anonymous_17)
FNDA:0,(anonymous_18)
FNDA:0,(anonymous_19)
FNDA:0,(anonymous_20)
FNDA:0,(anonymous_21)
FNDA:0,(anonymous_22)
DA:28,0
DA:29,0
DA:36,0
DA:42,0
DA:45,0
DA:46,0
DA:47,0
DA:48,0
DA:57,0
DA:64,0
DA:65,0
DA:67,0
DA:69,0
DA:72,0
DA:79,0
DA:86,0
DA:87,0
DA:89,0
DA:91,0
DA:92,0
DA:94,0
DA:102,0
DA:103,0
DA:105,0
DA:107,0
DA:110,0
DA:112,0
DA:119,0
DA:120,0
DA:122,0
DA:124,0
DA:125,0
DA:127,0
DA:135,0
DA:136,0
DA:138,0
DA:139,0
DA:141,0
DA:147,0
DA:148,0
DA:150,0
DA:152,0
DA:153,0
DA:155,0
DA:163,0
DA:170,0
DA:177,0
DA:178,0
DA:185,0
DA:186,0
DA:193,0
DA:201,0
DA:202,0
DA:206,0
DA:207,0
DA:211,0
DA:212,0
DA:217,0
DA:218,0
DA:219,0
DA:222,0
DA:225,0
DA:226,0
DA:229,0
DA:237,0
DA:241,0
DA:260,0
DA:261,0
DA:262,0
DA:265,0
DA:274,0
DA:275,0
DA:279,0
DA:280,0
DA:283,0
DA:290,0
DA:291,0
DA:292,0
DA:294,0
DA:298,0
DA:299,0
DA:301,0
DA:305,0
DA:312,0
LF:84
LH:0
BRDA:47,0,0,0
BRDA:192,1,0,0
BRDA:218,2,0,0
BRDA:225,3,0,0
BRDA:261,4,0,0
BRDA:274,5,0,0
BRDA:279,6,0,0
BRF:7
BRH:0
end_of_record
TN:
SF:src/types/ai.types.ts
FN:207,(anonymous_0)
FNF:1
FNH:1
FNDA:3,(anonymous_0)
DA:206,7
DA:209,3
DA:210,3
DA:211,3
DA:213,3
DA:214,3
LF:6
LH:6
BRF:0
BRH:0
end_of_record
TN:
SF:src/types/api.types.ts
FN:28,(anonymous_0)
FNF:1
FNH:1
FNDA:18,(anonymous_0)
DA:27,5
DA:30,18
DA:31,18
DA:32,18
DA:33,18
DA:35,18
DA:36,18
LF:7
LH:7
BRDA:31,0,0,2
BRDA:33,1,0,8
BRF:2
BRH:2
end_of_record
TN:
SF:src/types/storage.types.ts
FN:137,(anonymous_0)
FNF:1
FNH:1
FNDA:5,(anonymous_0)
DA:136,4
DA:139,5
DA:140,5
DA:142,5
DA:143,5
LF:5
LH:5
BRF:0
BRH:0
end_of_record
TN:
SF:src/types/tts.types.ts
FN:189,(anonymous_0)
FNF:1
FNH:1
FNDA:14,(anonymous_0)
DA:188,6
DA:191,14
DA:192,14
DA:193,14
DA:194,14
DA:196,14
DA:197,14
LF:7
LH:7
BRF:0
BRH:0
end_of_record
