TN:
SF:src/config/firebase.ts
FNF:0
FNH:0
DA:6,11
DA:7,11
DA:8,11
DA:9,11
DA:12,11
DA:27,11
DA:28,11
DA:29,11
DA:30,11
DA:31,0
DA:33,11
DA:38,11
LF:12
LH:11
BRDA:13,0,0,11
BRDA:13,0,1,11
BRDA:14,1,0,11
BRDA:14,1,1,11
BRDA:15,2,0,11
BRDA:15,2,1,11
BRDA:16,3,0,11
BRDA:16,3,1,11
BRDA:17,4,0,11
BRDA:17,4,1,11
BRDA:18,5,0,11
BRDA:18,5,1,11
BRF:12
BRH:12
end_of_record
TN:
SF:src/contexts/AuthContext.tsx
FN:22,(anonymous_9)
FN:27,(anonymous_10)
FN:28,(anonymous_11)
FN:43,(anonymous_12)
FN:56,(anonymous_13)
FN:69,(anonymous_14)
FN:97,(anonymous_15)
FNF:7
FNH:0
FNDA:0,(anonymous_9)
FNDA:0,(anonymous_10)
FNDA:0,(anonymous_11)
FNDA:0,(anonymous_12)
FNDA:0,(anonymous_13)
FNDA:0,(anonymous_14)
FNDA:0,(anonymous_15)
DA:5,1
DA:6,1
DA:16,1
DA:22,1
DA:23,0
DA:24,0
DA:25,0
DA:27,0
DA:28,0
DA:29,0
DA:30,0
DA:34,0
DA:35,0
DA:36,0
DA:38,0
DA:40,0
DA:43,0
DA:44,0
DA:45,0
DA:46,0
DA:47,0
DA:49,0
DA:50,0
DA:52,0
DA:56,0
DA:57,0
DA:58,0
DA:59,0
DA:60,0
DA:62,0
DA:63,0
DA:65,0
DA:69,0
DA:70,0
DA:71,0
DA:72,0
DA:73,0
DA:75,0
DA:76,0
DA:78,0
DA:82,0
DA:90,0
DA:97,1
DA:98,0
DA:99,0
DA:100,0
DA:102,0
LF:47
LH:5
BRDA:35,0,0,0
BRDA:99,1,0,0
BRF:2
BRH:0
end_of_record
TN:
SF:src/navigation/AppNavigation.tsx
FN:36,(anonymous_10)
FN:50,(anonymous_11)
FN:90,(anonymous_12)
FN:96,(anonymous_13)
FN:97,(anonymous_14)
FN:144,(anonymous_15)
FNF:6
FNH:5
FNDA:6,(anonymous_10)
FNDA:0,(anonymous_11)
FNDA:12,(anonymous_12)
FNDA:6,(anonymous_13)
FNDA:6,(anonymous_14)
FNDA:6,(anonymous_15)
DA:5,2
DA:6,2
DA:7,2
DA:8,2
DA:9,2
DA:11,2
DA:13,2
DA:17,2
DA:18,2
DA:19,2
DA:22,2
DA:23,2
DA:24,2
DA:27,2
DA:29,2
DA:30,2
DA:31,2
DA:33,2
DA:36,2
DA:37,6
DA:50,2
DA:51,0
DA:90,2
DA:91,12
DA:92,12
DA:93,12
DA:96,12
DA:97,6
DA:98,6
DA:99,0
DA:100,0
DA:101,0
DA:103,0
DA:104,0
DA:107,6
DA:109,6
DA:112,6
DA:113,6
DA:117,12
DA:118,6
DA:125,6
DA:144,2
DA:145,6
LF:43
LH:37
BRDA:98,0,0,0
BRDA:98,0,1,6
BRDA:112,1,0,6
BRDA:117,2,0,6
BRDA:117,3,0,12
BRDA:117,3,1,12
BRDA:130,4,0,0
BRDA:130,4,1,6
BRDA:132,5,0,0
BRDA:132,5,1,0
BRF:10
BRH:6
end_of_record
TN:
SF:src/navigation/MerchantNavigation.tsx
FN:16,(anonymous_1)
FN:44,(anonymous_2)
FNF:2
FNH:0
FNDA:0,(anonymous_1)
FNDA:0,(anonymous_2)
DA:5,1
DA:6,1
DA:10,1
DA:11,1
DA:12,1
DA:14,1
DA:16,1
DA:17,0
DA:44,0
LF:9
LH:7
BRF:0
BRH:0
end_of_record
TN:
SF:src/screens/auth/LoginScreen.tsx
FN:20,(anonymous_9)
FN:26,(anonymous_10)
FN:44,(anonymous_11)
FN:48,(anonymous_12)
FNF:4
FNH:0
FNDA:0,(anonymous_9)
FNDA:0,(anonymous_10)
FNDA:0,(anonymous_11)
FNDA:0,(anonymous_12)
DA:5,1
DA:6,1
DA:16,1
DA:20,1
DA:21,0
DA:22,0
DA:23,0
DA:24,0
DA:26,0
DA:27,0
DA:28,0
DA:29,0
DA:32,0
DA:33,0
DA:34,0
DA:37,0
DA:38,0
DA:40,0
DA:44,0
DA:45,0
DA:48,0
DA:49,0
DA:52,0
DA:118,1
DA:199,1
LF:25
LH:6
BRDA:27,0,0,0
BRDA:27,1,0,0
BRDA:27,1,1,0
BRDA:38,2,0,0
BRDA:38,2,1,0
BRDA:94,3,0,0
BRDA:94,3,1,0
BRDA:99,4,0,0
BRDA:99,4,1,0
BRF:9
BRH:0
end_of_record
TN:
SF:src/screens/auth/RegisterScreen.tsx
FN:20,(anonymous_9)
FN:27,(anonymous_10)
FN:55,(anonymous_11)
FN:59,(anonymous_12)
FNF:4
FNH:0
FNDA:0,(anonymous_9)
FNDA:0,(anonymous_10)
FNDA:0,(anonymous_11)
FNDA:0,(anonymous_12)
DA:5,1
DA:6,1
DA:16,1
DA:20,1
DA:21,0
DA:22,0
DA:23,0
DA:24,0
DA:25,0
DA:27,0
DA:28,0
DA:29,0
DA:30,0
DA:33,0
DA:34,0
DA:35,0
DA:38,0
DA:39,0
DA:40,0
DA:43,0
DA:44,0
DA:45,0
DA:48,0
DA:49,0
DA:51,0
DA:55,0
DA:56,0
DA:59,0
DA:60,0
DA:63,0
DA:138,1
DA:219,1
LF:32
LH:6
BRDA:28,0,0,0
BRDA:28,1,0,0
BRDA:28,1,1,0
BRDA:28,1,2,0
BRDA:33,2,0,0
BRDA:38,3,0,0
BRDA:49,4,0,0
BRDA:49,4,1,0
BRDA:115,5,0,0
BRDA:115,5,1,0
BRDA:119,6,0,0
BRDA:119,6,1,0
BRF:12
BRH:0
end_of_record
TN:
SF:src/screens/auth/WelcomeScreen.tsx
FN:11,(anonymous_1)
FN:12,(anonymous_2)
FN:16,(anonymous_3)
FNF:3
FNH:0
FNDA:0,(anonymous_1)
FNDA:0,(anonymous_2)
FNDA:0,(anonymous_3)
DA:5,1
DA:6,1
DA:11,1
DA:12,0
DA:13,0
DA:16,0
DA:17,0
DA:20,0
DA:53,1
DA:113,1
LF:10
LH:5
BRF:0
BRH:0
end_of_record
TN:
SF:src/screens/main/ExploreScreen.tsx
FN:11,(anonymous_1)
FNF:1
FNH:0
FNDA:0,(anonymous_1)
DA:5,1
DA:6,1
DA:11,1
DA:12,0
DA:21,1
DA:42,1
LF:6
LH:5
BRF:0
BRH:0
end_of_record
TN:
SF:src/screens/main/ProfileScreen.tsx
FN:12,(anonymous_1)
FN:15,(anonymous_2)
FN:27,(anonymous_3)
FNF:3
FNH:0
FNDA:0,(anonymous_1)
FNDA:0,(anonymous_2)
FNDA:0,(anonymous_3)
DA:5,1
DA:6,1
DA:8,1
DA:12,1
DA:13,0
DA:15,0
DA:16,0
DA:28,0
DA:29,0
DA:31,0
DA:32,0
DA:40,0
DA:74,1
DA:126,1
LF:14
LH:6
BRDA:47,0,0,0
BRDA:47,0,1,0
BRDA:57,1,0,0
BRDA:57,1,1,0
BRF:4
BRH:0
end_of_record
TN:
SF:src/screens/merchant/AddPlaceScreen.tsx
FN:32,AddPlaceScreen
FN:65,(anonymous_10)
FN:74,(anonymous_11)
FN:88,(anonymous_12)
FN:93,(anonymous_13)
FN:101,(anonymous_14)
FN:122,(anonymous_15)
FN:130,(anonymous_16)
FN:131,(anonymous_17)
FN:131,(anonymous_18)
FN:134,(anonymous_19)
FN:146,(anonymous_20)
FN:149,(anonymous_21)
FN:178,(anonymous_22)
FN:198,(anonymous_23)
FN:199,(anonymous_24)
FN:236,(anonymous_25)
FN:248,(anonymous_26)
FN:253,(anonymous_27)
FN:277,(anonymous_28)
FN:286,(anonymous_29)
FN:293,(anonymous_30)
FN:313,(anonymous_31)
FN:327,(anonymous_32)
FN:344,(anonymous_33)
FN:362,(anonymous_34)
FN:374,(anonymous_35)
FN:385,(anonymous_36)
FN:399,(anonymous_37)
FN:411,(anonymous_38)
FN:423,(anonymous_39)
FNF:31
FNH:0
FNDA:0,AddPlaceScreen
FNDA:0,(anonymous_10)
FNDA:0,(anonymous_11)
FNDA:0,(anonymous_12)
FNDA:0,(anonymous_13)
FNDA:0,(anonymous_14)
FNDA:0,(anonymous_15)
FNDA:0,(anonymous_16)
FNDA:0,(anonymous_17)
FNDA:0,(anonymous_18)
FNDA:0,(anonymous_19)
FNDA:0,(anonymous_20)
FNDA:0,(anonymous_21)
FNDA:0,(anonymous_22)
FNDA:0,(anonymous_23)
FNDA:0,(anonymous_24)
FNDA:0,(anonymous_25)
FNDA:0,(anonymous_26)
FNDA:0,(anonymous_27)
FNDA:0,(anonymous_28)
FNDA:0,(anonymous_29)
FNDA:0,(anonymous_30)
FNDA:0,(anonymous_31)
FNDA:0,(anonymous_32)
FNDA:0,(anonymous_33)
FNDA:0,(anonymous_34)
FNDA:0,(anonymous_35)
FNDA:0,(anonymous_36)
FNDA:0,(anonymous_37)
FNDA:0,(anonymous_38)
FNDA:0,(anonymous_39)
DA:1,1
DA:2,1
DA:15,1
DA:16,1
DA:17,1
DA:18,1
DA:19,1
DA:23,1
DA:24,1
DA:32,1
DA:33,0
DA:34,0
DA:36,0
DA:50,0
DA:51,0
DA:53,0
DA:65,0
DA:66,0
DA:67,0
DA:68,0
DA:69,0
DA:71,0
DA:74,0
DA:75,0
DA:76,0
DA:78,0
DA:79,0
DA:87,0
DA:88,0
DA:93,0
DA:96,0
DA:97,0
DA:101,0
DA:102,0
DA:103,0
DA:104,0
DA:105,0
DA:108,0
DA:109,0
DA:115,0
DA:116,0
DA:117,0
DA:122,0
DA:125,0
DA:126,0
DA:130,0
DA:131,0
DA:134,0
DA:135,0
DA:146,0
DA:147,0
DA:149,0
DA:150,0
DA:153,0
DA:154,0
DA:156,0
DA:171,0
DA:172,0
DA:175,0
DA:178,0
DA:179,0
DA:180,0
DA:181,0
DA:184,0
DA:185,0
DA:186,0
DA:189,0
DA:191,0
DA:193,0
DA:196,0
DA:198,0
DA:199,0
DA:202,0
DA:209,0
DA:210,0
DA:216,0
DA:228,0
DA:230,0
DA:236,0
DA:241,0
DA:242,0
DA:244,0
DA:248,0
DA:249,0
DA:253,0
DA:260,0
DA:277,0
DA:287,0
DA:293,0
DA:313,0
DA:327,0
DA:344,0
DA:362,0
DA:374,0
DA:385,0
DA:399,0
DA:411,0
DA:423,0
DA:450,1
LF:99
LH:11
BRDA:67,0,0,0
BRDA:76,1,0,0
BRDA:87,2,0,0
BRDA:87,3,0,0
BRDA:87,3,1,0
BRDA:103,4,0,0
BRDA:115,5,0,0
BRDA:115,6,0,0
BRDA:115,6,1,0
BRDA:115,7,0,0
BRDA:115,7,1,0
BRDA:115,8,0,0
BRDA:115,8,1,0
BRDA:147,9,0,0
BRDA:159,10,0,0
BRDA:159,10,1,0
BRDA:159,11,0,0
BRDA:159,11,1,0
BRDA:159,12,0,0
BRDA:159,12,1,0
BRDA:165,13,0,0
BRDA:165,13,1,0
BRDA:165,14,0,0
BRDA:165,14,1,0
BRDA:165,15,0,0
BRDA:165,15,1,0
BRDA:179,16,0,0
BRDA:184,17,0,0
BRDA:209,18,0,0
BRDA:209,19,0,0
BRDA:209,19,1,0
BRDA:263,20,0,0
BRDA:263,20,1,0
BRDA:291,21,0,0
BRDA:291,21,1,0
BRDA:298,22,0,0
BRDA:298,22,1,0
BRDA:340,23,0,0
BRDA:340,23,1,0
BRDA:426,24,0,0
BRDA:426,24,1,0
BRDA:427,25,0,0
BRDA:427,25,1,0
BRDA:436,26,0,0
BRDA:436,26,1,0
BRDA:441,27,0,0
BRDA:441,27,1,0
BRF:47
BRH:0
end_of_record
TN:
SF:src/screens/merchant/MerchantDashboardScreen.tsx
FN:28,MerchantDashboardScreen
FN:43,(anonymous_10)
FN:55,(anonymous_11)
FN:68,(anonymous_12)
FN:86,(anonymous_13)
FN:93,(anonymous_14)
FN:98,(anonymous_15)
FN:102,(anonymous_16)
FN:106,(anonymous_17)
FN:115,(anonymous_18)
FN:132,(anonymous_19)
FN:165,(anonymous_20)
FN:172,(anonymous_21)
FN:265,(anonymous_22)
FNF:14
FNH:0
FNDA:0,MerchantDashboardScreen
FNDA:0,(anonymous_10)
FNDA:0,(anonymous_11)
FNDA:0,(anonymous_12)
FNDA:0,(anonymous_13)
FNDA:0,(anonymous_14)
FNDA:0,(anonymous_15)
FNDA:0,(anonymous_16)
FNDA:0,(anonymous_17)
FNDA:0,(anonymous_18)
FNDA:0,(anonymous_19)
FNDA:0,(anonymous_20)
FNDA:0,(anonymous_21)
FNDA:0,(anonymous_22)
DA:1,1
DA:2,1
DA:12,1
DA:15,1
DA:16,1
DA:19,1
DA:28,1
DA:29,0
DA:30,0
DA:32,0
DA:33,0
DA:34,0
DA:40,0
DA:41,0
DA:43,0
DA:44,0
DA:46,0
DA:47,0
DA:50,0
DA:51,0
DA:52,0
DA:55,0
DA:58,0
DA:61,0
DA:64,0
DA:65,0
DA:68,0
DA:69,0
DA:70,0
DA:72,0
DA:79,0
DA:80,0
DA:82,0
DA:86,0
DA:87,0
DA:88,0
DA:89,0
DA:92,0
DA:94,0
DA:98,0
DA:99,0
DA:102,0
DA:103,0
DA:106,0
DA:107,0
DA:116,0
DA:117,0
DA:118,0
DA:119,0
DA:120,0
DA:123,0
DA:124,0
DA:132,0
DA:133,0
DA:165,0
DA:172,0
DA:180,0
DA:181,0
DA:188,0
DA:189,0
DA:196,0
DA:265,0
DA:276,1
LF:63
LH:8
BRDA:44,0,0,0
BRDA:51,1,0,0
BRDA:68,2,0,0
BRDA:68,2,1,0
BRDA:69,3,0,0
BRDA:69,3,1,0
BRDA:69,4,0,0
BRDA:69,4,1,0
BRDA:69,5,0,0
BRDA:69,5,1,0
BRDA:70,6,0,0
BRDA:70,6,1,0
BRDA:70,7,0,0
BRDA:70,7,1,0
BRDA:70,8,0,0
BRDA:70,8,1,0
BRDA:117,9,0,0
BRDA:140,10,0,0
BRDA:140,10,1,0
BRDA:140,11,0,0
BRDA:140,11,1,0
BRDA:144,12,0,0
BRDA:144,12,1,0
BRDA:144,13,0,0
BRDA:144,13,1,0
BRDA:149,14,0,0
BRDA:149,14,1,0
BRDA:180,15,0,0
BRDA:188,16,0,0
BRDA:211,17,0,0
BRDA:211,17,1,0
BRDA:215,18,0,0
BRDA:215,18,1,0
BRDA:220,19,0,0
BRDA:220,19,1,0
BRDA:257,20,0,0
BRDA:257,20,1,0
BRF:37
BRH:0
end_of_record
TN:
SF:src/screens/merchant/MerchantRegisterScreen.tsx
FN:22,MerchantRegisterScreen
FN:48,(anonymous_10)
FN:92,(anonymous_11)
FN:124,(anonymous_12)
FN:133,(anonymous_13)
FN:140,(anonymous_14)
FN:160,(anonymous_15)
FN:174,(anonymous_16)
FN:186,(anonymous_17)
FN:198,(anonymous_18)
FN:209,(anonymous_19)
FNF:11
FNH:0
FNDA:0,MerchantRegisterScreen
FNDA:0,(anonymous_10)
FNDA:0,(anonymous_11)
FNDA:0,(anonymous_12)
FNDA:0,(anonymous_13)
FNDA:0,(anonymous_14)
FNDA:0,(anonymous_15)
FNDA:0,(anonymous_16)
FNDA:0,(anonymous_17)
FNDA:0,(anonymous_18)
FNDA:0,(anonymous_19)
DA:1,1
DA:2,1
DA:13,1
DA:16,1
DA:17,1
DA:20,1
DA:22,1
DA:23,0
DA:24,0
DA:26,0
DA:37,0
DA:39,0
DA:48,0
DA:49,0
DA:50,0
DA:51,0
DA:54,0
DA:55,0
DA:56,0
DA:59,0
DA:60,0
DA:61,0
DA:64,0
DA:66,0
DA:67,0
DA:84,0
DA:86,0
DA:94,0
DA:100,0
DA:101,0
DA:103,0
DA:107,0
DA:124,0
DA:134,0
DA:140,0
DA:160,0
DA:174,0
DA:186,0
DA:198,0
DA:209,0
DA:232,1
LF:41
LH:8
BRDA:49,0,0,0
BRDA:54,1,0,0
BRDA:59,2,0,0
BRDA:69,3,0,0
BRDA:69,3,1,0
BRDA:110,4,0,0
BRDA:110,4,1,0
BRDA:138,5,0,0
BRDA:138,5,1,0
BRDA:145,6,0,0
BRDA:145,6,1,0
BRDA:218,7,0,0
BRDA:218,7,1,0
BRDA:223,8,0,0
BRDA:223,8,1,0
BRF:15
BRH:0
end_of_record
TN:
SF:src/services/APIService.ts
FN:41,(anonymous_0)
FN:63,(anonymous_1)
FN:149,(anonymous_2)
FN:201,(anonymous_3)
FN:242,(anonymous_4)
FN:283,(anonymous_5)
FN:301,(anonymous_6)
FN:323,(anonymous_7)
FN:332,(anonymous_8)
FN:333,(anonymous_9)
FN:335,(anonymous_10)
FN:337,(anonymous_11)
FN:344,(anonymous_12)
FN:391,(anonymous_13)
FN:400,(anonymous_14)
FN:438,(anonymous_15)
FN:471,(anonymous_16)
FNF:17
FNH:16
FNDA:31,(anonymous_0)
FNDA:19,(anonymous_1)
FNDA:2,(anonymous_2)
FNDA:4,(anonymous_3)
FNDA:2,(anonymous_4)
FNDA:2,(anonymous_5)
FNDA:2,(anonymous_6)
FNDA:2,(anonymous_7)
FNDA:2,(anonymous_8)
FNDA:6,(anonymous_9)
FNDA:6,(anonymous_10)
FNDA:0,(anonymous_11)
FNDA:11,(anonymous_12)
FNDA:32,(anonymous_13)
FNDA:1,(anonymous_14)
FNDA:1,(anonymous_15)
FNDA:1,(anonymous_16)
DA:8,4
DA:9,4
DA:10,4
DA:11,4
DA:35,4
DA:43,31
DA:44,31
DA:45,31
DA:48,31
DA:68,19
DA:70,19
DA:71,6
DA:78,13
DA:79,13
DA:82,13
DA:89,13
DA:96,13
DA:97,13
DA:98,13
DA:105,12
DA:109,10
DA:112,10
DA:117,10
DA:122,10
DA:124,10
DA:141,10
DA:153,2
DA:154,2
DA:155,2
DA:158,2
DA:161,1
DA:162,1
DA:163,0
DA:164,0
DA:173,1
DA:175,1
DA:193,1
DA:205,4
DA:206,4
DA:207,4
DA:210,4
DA:214,4
DA:219,4
DA:221,4
DA:234,0
DA:243,2
DA:244,2
DA:245,2
DA:248,2
DA:249,2
DA:250,2
DA:253,2
DA:254,2
DA:256,2
DA:258,2
DA:275,0
DA:284,2
DA:285,2
DA:286,2
DA:287,2
DA:293,0
DA:302,2
DA:303,2
DA:304,2
DA:309,2
DA:315,0
DA:325,2
DA:333,6
DA:335,6
DA:336,2
DA:337,0
DA:338,0
DA:340,0
DA:347,11
DA:348,6
DA:351,5
DA:352,5
DA:353,5
DA:355,5
DA:356,1
DA:357,1
DA:358,4
DA:359,1
DA:360,1
DA:361,3
DA:362,0
DA:363,0
DA:364,0
DA:365,3
DA:366,0
DA:367,0
DA:370,5
DA:379,11
DA:392,32
DA:401,1
DA:403,1
DA:416,1
DA:420,1
DA:428,0
DA:439,1
DA:441,1
DA:451,1
DA:453,1
DA:461,0
DA:472,1
DA:474,1
DA:488,1
DA:493,0
LF:108
LH:91
BRDA:43,0,0,31
BRDA:43,0,1,12
BRDA:43,1,0,12
BRDA:43,1,1,19
BRDA:43,2,0,31
BRDA:43,2,1,31
BRDA:44,3,0,31
BRDA:44,3,1,12
BRDA:44,4,0,12
BRDA:44,4,1,19
BRDA:44,5,0,31
BRDA:44,5,1,31
BRDA:45,6,0,31
BRDA:45,6,1,12
BRDA:45,7,0,12
BRDA:45,7,1,19
BRDA:45,8,0,31
BRDA:45,8,1,31
BRDA:70,9,0,6
BRDA:70,10,0,19
BRDA:70,10,1,14
BRDA:90,11,0,13
BRDA:90,11,1,6
BRDA:90,12,0,6
BRDA:90,12,1,7
BRDA:90,13,0,13
BRDA:90,13,1,13
BRDA:91,14,0,6
BRDA:91,14,1,7
BRDA:91,15,0,13
BRDA:91,15,1,13
BRDA:92,16,0,6
BRDA:92,16,1,7
BRDA:92,17,0,13
BRDA:92,17,1,13
BRDA:96,18,0,6
BRDA:96,18,1,7
BRDA:96,19,0,13
BRDA:96,19,1,13
BRDA:97,20,0,13
BRDA:102,21,0,13
BRDA:102,21,1,0
BRDA:162,22,0,0
BRDA:162,23,0,1
BRDA:162,23,1,0
BRDA:162,24,0,0
BRDA:162,24,1,0
BRDA:162,25,0,0
BRDA:162,25,1,0
BRDA:169,26,0,0
BRDA:169,26,1,0
BRDA:180,27,0,0
BRDA:180,27,1,1
BRDA:180,28,0,0
BRDA:180,28,1,1
BRDA:180,29,0,1
BRDA:180,29,1,1
BRDA:188,30,0,0
BRDA:188,30,1,1
BRDA:188,31,0,1
BRDA:188,31,1,1
BRDA:335,32,0,2
BRDA:335,32,1,0
BRDA:337,33,0,0
BRDA:337,33,1,0
BRDA:347,34,0,6
BRDA:347,34,1,5
BRDA:355,35,0,1
BRDA:355,35,1,4
BRDA:355,36,0,5
BRDA:355,36,1,4
BRDA:355,37,0,0
BRDA:355,37,1,4
BRDA:355,38,0,4
BRDA:355,38,1,4
BRDA:358,39,0,1
BRDA:358,39,1,3
BRDA:358,40,0,4
BRDA:358,40,1,3
BRDA:358,41,0,0
BRDA:358,41,1,3
BRDA:358,42,0,3
BRDA:358,42,1,3
BRDA:361,43,0,0
BRDA:361,43,1,3
BRDA:361,44,0,3
BRDA:361,44,1,3
BRDA:361,45,0,0
BRDA:361,45,1,3
BRDA:361,46,0,3
BRDA:361,46,1,3
BRDA:365,47,0,0
BRDA:365,48,0,0
BRDA:365,48,1,3
BRDA:365,49,0,3
BRDA:365,49,1,3
BRDA:373,50,0,5
BRDA:373,50,1,5
BRDA:405,51,0,1
BRDA:405,51,1,0
BRDA:408,52,0,1
BRDA:408,52,1,0
BRDA:413,53,0,1
BRDA:413,53,1,1
BRDA:417,54,0,1
BRDA:417,54,1,1
BRDA:448,55,0,1
BRDA:448,55,1,1
BRF:108
BRH:85
end_of_record
TN:
SF:src/services/ErrorHandlingService.ts
FN:44,(anonymous_0)
FN:102,(anonymous_1)
FN:129,(anonymous_2)
FN:183,(anonymous_3)
FN:198,(anonymous_4)
FN:206,(anonymous_5)
FN:219,(anonymous_6)
FN:231,(anonymous_7)
FN:239,(anonymous_8)
FN:244,(anonymous_9)
FN:270,(anonymous_10)
FN:286,(anonymous_11)
FN:294,(anonymous_12)
FN:310,(anonymous_13)
FN:320,(anonymous_14)
FN:342,(anonymous_15)
FN:363,(anonymous_16)
FN:371,(anonymous_17)
FNF:18
FNH:18
FNDA:24,(anonymous_0)
FNDA:7,(anonymous_1)
FNDA:7,(anonymous_2)
FNDA:9,(anonymous_3)
FNDA:11,(anonymous_4)
FNDA:77,(anonymous_5)
FNDA:8,(anonymous_6)
FNDA:3,(anonymous_7)
FNDA:2,(anonymous_8)
FNDA:2,(anonymous_9)
FNDA:2,(anonymous_10)
FNDA:2,(anonymous_11)
FNDA:5,(anonymous_12)
FNDA:1,(anonymous_13)
FNDA:2,(anonymous_14)
FNDA:1,(anonymous_15)
FNDA:3,(anonymous_16)
FNDA:3,(anonymous_17)
DA:8,3
DA:44,3
DA:45,24
DA:51,24
DA:52,24
DA:53,24
DA:56,24
DA:67,24
DA:104,7
DA:105,0
DA:106,0
DA:107,0
DA:111,7
DA:114,7
DA:123,7
DA:124,7
DA:126,7
DA:135,7
DA:136,2
DA:139,5
DA:140,1
DA:143,4
DA:144,1
DA:147,3
DA:148,0
DA:151,3
DA:152,1
DA:155,2
DA:156,0
DA:159,2
DA:160,0
DA:163,2
DA:164,0
DA:167,2
DA:168,0
DA:171,2
DA:172,0
DA:176,2
DA:184,9
DA:192,9
DA:199,11
DA:200,0
DA:203,11
DA:206,11
DA:207,77
DA:208,2
DA:212,11
DA:220,8
DA:221,8
DA:222,8
DA:224,8
DA:232,3
DA:240,2
DA:241,2
DA:245,2
DA:246,1
DA:247,1
DA:249,0
DA:250,0
DA:252,0
DA:255,1
DA:256,0
DA:259,1
DA:260,1
DA:263,0
DA:271,2
DA:287,2
DA:295,5
DA:300,5
DA:301,5
DA:303,5
DA:304,1
DA:307,5
DA:311,1
DA:312,1
DA:313,1
DA:314,1
DA:315,1
DA:316,1
DA:321,2
DA:322,2
DA:323,1
DA:327,1
DA:329,0
DA:330,0
DA:331,0
DA:332,0
DA:335,1
DA:343,1
DA:344,1
DA:349,1
DA:350,1
DA:352,1
DA:354,0
DA:355,0
DA:364,3
DA:372,3
LF:97
LH:76
BRDA:104,0,0,0
BRDA:115,1,0,7
BRDA:115,1,1,0
BRDA:135,2,0,2
BRDA:135,3,0,7
BRDA:135,3,1,5
BRDA:135,4,0,0
BRDA:135,4,1,5
BRDA:135,5,0,5
BRDA:135,5,1,5
BRDA:139,6,0,1
BRDA:139,7,0,5
BRDA:139,7,1,4
BRDA:139,8,0,0
BRDA:139,8,1,4
BRDA:139,9,0,4
BRDA:139,9,1,4
BRDA:143,10,0,1
BRDA:143,11,0,4
BRDA:143,11,1,3
BRDA:143,12,0,0
BRDA:143,12,1,3
BRDA:143,13,0,3
BRDA:143,13,1,3
BRDA:147,14,0,0
BRDA:147,15,0,3
BRDA:147,15,1,3
BRDA:147,16,0,0
BRDA:147,16,1,3
BRDA:147,17,0,3
BRDA:147,17,1,3
BRDA:151,18,0,1
BRDA:151,19,0,3
BRDA:151,19,1,3
BRDA:151,20,0,2
BRDA:151,20,1,1
BRDA:151,21,0,3
BRDA:151,21,1,3
BRDA:155,22,0,0
BRDA:155,23,0,2
BRDA:155,23,1,2
BRDA:155,24,0,0
BRDA:155,24,1,2
BRDA:155,25,0,2
BRDA:155,25,1,2
BRDA:159,26,0,0
BRDA:159,27,0,2
BRDA:159,27,1,2
BRDA:159,28,0,0
BRDA:159,28,1,2
BRDA:159,29,0,2
BRDA:159,29,1,2
BRDA:163,30,0,0
BRDA:163,31,0,2
BRDA:163,31,1,2
BRDA:163,32,0,0
BRDA:163,32,1,2
BRDA:163,33,0,2
BRDA:163,33,1,2
BRDA:167,34,0,0
BRDA:167,35,0,0
BRDA:167,35,1,2
BRDA:167,36,0,2
BRDA:167,36,1,2
BRDA:171,37,0,0
BRDA:171,38,0,0
BRDA:171,38,1,2
BRDA:171,39,0,2
BRDA:171,39,1,2
BRDA:199,40,0,0
BRDA:199,41,0,11
BRDA:199,41,1,11
BRDA:207,42,0,2
BRDA:221,43,0,8
BRDA:221,43,1,7
BRDA:222,44,0,8
BRDA:222,44,1,8
BRDA:239,45,0,0
BRDA:241,46,0,2
BRDA:241,46,1,0
BRDA:245,47,0,1
BRDA:246,48,0,1
BRDA:246,49,0,1
BRDA:246,49,1,0
BRDA:249,50,0,0
BRDA:255,51,0,0
BRDA:259,52,0,1
BRDA:281,53,0,2
BRDA:281,53,1,0
BRDA:282,54,0,2
BRDA:282,54,1,0
BRDA:295,55,0,5
BRDA:295,55,1,2
BRDA:303,56,0,1
BRDA:312,57,0,1
BRDA:322,58,0,1
BRDA:322,59,0,2
BRDA:322,59,1,2
BRDA:327,60,0,0
BRDA:327,61,0,1
BRDA:327,61,1,1
BRF:101
BRH:75
end_of_record
TN:
SF:src/services/FirebaseAuthService.ts
FN:31,(anonymous_0)
FN:38,(anonymous_1)
FN:50,(anonymous_2)
FN:59,(anonymous_3)
FN:86,(anonymous_4)
FN:110,(anonymous_5)
FN:124,(anonymous_6)
FN:136,(anonymous_7)
FN:152,(anonymous_8)
FN:156,(anonymous_9)
FN:170,(anonymous_10)
FN:172,(anonymous_11)
FN:182,(anonymous_12)
FN:193,(anonymous_13)
FN:203,(anonymous_14)
FN:212,(anonymous_15)
FN:245,(anonymous_16)
FN:256,(anonymous_17)
FN:262,(anonymous_18)
FN:274,(anonymous_19)
FN:283,(anonymous_20)
FNF:21
FNH:17
FNDA:3,(anonymous_0)
FNDA:2,(anonymous_1)
FNDA:10,(anonymous_2)
FNDA:8,(anonymous_3)
FNDA:2,(anonymous_4)
FNDA:1,(anonymous_5)
FNDA:13,(anonymous_6)
FNDA:7,(anonymous_7)
FNDA:1,(anonymous_8)
FNDA:0,(anonymous_9)
FNDA:10,(anonymous_10)
FNDA:0,(anonymous_11)
FNDA:0,(anonymous_12)
FNDA:8,(anonymous_13)
FNDA:7,(anonymous_14)
FNDA:2,(anonymous_15)
FNDA:6,(anonymous_16)
FNDA:1,(anonymous_17)
FNDA:2,(anonymous_18)
FNDA:0,(anonymous_19)
FNDA:1,(anonymous_20)
DA:8,3
DA:17,3
DA:30,3
DA:31,3
DA:32,3
DA:33,3
DA:37,3
DA:39,2
DA:40,2
DA:44,3
DA:46,10
DA:48,10
DA:51,10
DA:52,10
DA:53,10
DA:60,8
DA:61,8
DA:62,7
DA:64,6
DA:66,6
DA:69,0
DA:75,0
DA:76,0
DA:79,2
DA:87,2
DA:88,2
DA:90,2
DA:93,0
DA:99,0
DA:100,0
DA:103,0
DA:111,1
DA:113,1
DA:118,0
DA:125,13
DA:126,13
DA:129,0
DA:130,0
DA:137,7
DA:138,7
DA:139,7
DA:140,7
DA:142,0
DA:145,0
DA:153,1
DA:155,1
DA:156,0
DA:157,0
DA:158,0
DA:171,10
DA:172,0
DA:173,0
DA:174,0
DA:183,0
DA:194,8
DA:195,8
DA:196,1
DA:204,7
DA:205,1
DA:213,2
DA:214,2
DA:216,2
DA:220,0
DA:221,0
DA:223,0
DA:224,0
DA:226,0
DA:227,0
DA:229,0
DA:230,0
DA:232,0
DA:233,0
DA:235,2
DA:238,2
DA:246,6
DA:252,6
DA:255,6
DA:256,1
DA:259,6
DA:263,2
DA:264,1
DA:270,1
DA:273,1
DA:274,0
DA:277,1
DA:280,1
DA:284,1
LF:87
LH:57
BRDA:64,0,0,6
BRDA:88,1,0,2
BRDA:111,2,0,1
BRDA:125,3,0,13
BRDA:130,4,0,0
BRDA:130,4,1,0
BRDA:138,5,0,7
BRDA:138,5,1,0
BRDA:140,6,0,6
BRDA:140,6,1,1
BRDA:140,7,0,7
BRDA:140,7,1,1
BRDA:155,8,0,0
BRDA:157,9,0,0
BRDA:157,9,1,0
BRDA:171,10,0,0
BRDA:173,11,0,0
BRDA:173,11,1,0
BRDA:174,12,0,0
BRDA:174,12,1,0
BRDA:174,13,0,0
BRDA:174,13,1,0
BRDA:185,14,0,0
BRDA:185,14,1,0
BRDA:195,15,0,1
BRDA:204,16,0,1
BRDA:216,17,0,0
BRDA:216,17,1,0
BRDA:216,17,2,0
BRDA:216,17,3,0
BRDA:216,17,4,0
BRDA:216,17,5,0
BRDA:216,17,6,0
BRDA:216,17,7,2
BRDA:235,18,0,2
BRDA:235,18,1,0
BRDA:255,19,0,1
BRDA:256,20,0,0
BRDA:256,20,1,1
BRDA:256,21,0,1
BRDA:256,21,1,1
BRDA:263,22,0,1
BRDA:263,23,0,2
BRDA:263,23,1,2
BRDA:273,24,0,0
BRDA:274,25,0,0
BRDA:274,25,1,0
BRDA:274,26,0,0
BRDA:274,26,1,0
BRF:49
BRH:20
end_of_record
TN:
SF:src/services/FirebaseStorageService.ts
FN:67,(anonymous_0)
FN:76,(anonymous_1)
FN:100,(anonymous_2)
FN:111,(anonymous_3)
FN:127,(anonymous_4)
FN:150,(anonymous_5)
FN:154,(anonymous_6)
FN:158,(anonymous_7)
FN:174,(anonymous_8)
FN:195,(anonymous_9)
FN:207,(anonymous_10)
FN:210,(anonymous_11)
FN:212,(anonymous_12)
FN:237,(anonymous_13)
FN:262,(anonymous_14)
FN:274,(anonymous_15)
FN:281,(anonymous_16)
FN:315,(anonymous_17)
FN:366,(anonymous_18)
FN:398,(anonymous_19)
FN:412,(anonymous_20)
FN:414,(anonymous_21)
FN:417,(anonymous_22)
FN:418,(anonymous_23)
FN:463,(anonymous_24)
FNF:25
FNH:20
FNDA:25,(anonymous_0)
FNDA:18,(anonymous_1)
FNDA:1,(anonymous_2)
FNDA:5,(anonymous_3)
FNDA:4,(anonymous_4)
FNDA:2,(anonymous_5)
FNDA:20,(anonymous_6)
FNDA:8,(anonymous_7)
FNDA:3,(anonymous_8)
FNDA:1,(anonymous_9)
FNDA:2,(anonymous_10)
FNDA:2,(anonymous_11)
FNDA:1,(anonymous_12)
FNDA:1,(anonymous_13)
FNDA:19,(anonymous_14)
FNDA:17,(anonymous_15)
FNDA:2,(anonymous_16)
FNDA:17,(anonymous_17)
FNDA:3,(anonymous_18)
FNDA:0,(anonymous_19)
FNDA:0,(anonymous_20)
FNDA:0,(anonymous_21)
FNDA:0,(anonymous_22)
FNDA:0,(anonymous_23)
FNDA:17,(anonymous_24)
DA:8,4
DA:23,4
DA:24,4
DA:41,4
DA:44,25
DA:47,25
DA:68,25
DA:69,25
DA:80,18
DA:82,18
DA:84,16
DA:86,16
DA:87,16
DA:91,0
DA:93,2
DA:94,2
DA:96,0
DA:105,1
DA:106,1
DA:108,1
DA:110,1
DA:111,5
DA:113,1
DA:117,0
DA:119,0
DA:128,4
DA:129,4
DA:130,4
DA:131,4
DA:132,1
DA:136,3
DA:137,1
DA:140,2
DA:144,0
DA:146,2
DA:151,2
DA:152,2
DA:153,2
DA:155,20
DA:159,8
DA:160,8
DA:162,8
DA:163,8
DA:165,8
DA:166,8
DA:168,0
DA:172,2
DA:173,2
DA:174,3
DA:176,2
DA:177,2
DA:178,2
DA:180,2
DA:189,0
DA:191,0
DA:196,1
DA:197,1
DA:198,1
DA:199,1
DA:200,0
DA:203,1
DA:206,1
DA:207,2
DA:209,1
DA:210,2
DA:212,1
DA:213,1
DA:214,1
DA:218,1
DA:220,1
DA:227,0
DA:229,0
DA:238,1
DA:239,1
DA:240,1
DA:241,1
DA:242,0
DA:246,1
DA:247,1
DA:248,1
DA:252,0
DA:254,0
DA:264,19
DA:265,1
DA:269,18
DA:270,1
DA:276,17
DA:277,17
DA:278,17
DA:282,2
DA:283,2
DA:285,2
DA:286,0
DA:289,2
DA:290,0
DA:291,0
DA:293,0
DA:294,0
DA:296,0
DA:297,0
DA:299,0
DA:300,0
DA:302,0
DA:305,2
DA:308,2
DA:319,17
DA:321,17
DA:323,17
DA:332,17
DA:333,16
DA:339,17
DA:351,17
DA:358,17
DA:364,17
DA:365,16
DA:366,1
DA:367,3
DA:370,15
DA:371,15
DA:374,15
DA:375,15
DA:384,17
DA:402,0
DA:403,0
DA:405,0
DA:407,0
DA:412,0
DA:413,0
DA:417,0
DA:418,0
DA:423,0
DA:426,0
DA:428,0
DA:436,0
DA:448,0
DA:455,0
DA:464,17
DA:465,17
LF:138
LH:100
BRDA:86,0,0,16
BRDA:93,1,0,2
BRDA:108,2,0,1
BRDA:111,3,0,0
BRDA:111,3,1,5
BRDA:111,4,0,5
BRDA:111,4,1,5
BRDA:129,5,0,4
BRDA:131,6,0,1
BRDA:136,7,0,1
BRDA:136,8,0,3
BRDA:136,8,1,2
BRDA:136,8,2,1
BRDA:152,9,0,2
BRDA:155,10,0,20
BRDA:155,10,1,20
BRDA:159,11,0,8
BRDA:159,11,1,0
BRDA:159,12,0,0
BRDA:159,12,1,8
BRDA:159,13,0,8
BRDA:159,13,1,8
BRDA:160,14,0,8
BRDA:160,14,1,0
BRDA:160,15,0,0
BRDA:160,15,1,8
BRDA:160,16,0,8
BRDA:160,16,1,8
BRDA:165,17,0,8
BRDA:165,17,1,0
BRDA:166,18,0,0
BRDA:166,18,1,8
BRDA:168,19,0,0
BRDA:168,19,1,0
BRDA:172,20,0,2
BRDA:172,20,1,0
BRDA:172,21,0,0
BRDA:172,21,1,2
BRDA:172,22,0,2
BRDA:172,22,1,2
BRDA:173,23,0,1
BRDA:173,23,1,1
BRDA:173,24,0,0
BRDA:173,24,1,2
BRDA:173,25,0,2
BRDA:173,25,1,2
BRDA:178,26,0,1
BRDA:178,26,1,1
BRDA:197,27,0,1
BRDA:199,28,0,0
BRDA:206,29,0,1
BRDA:206,30,0,1
BRDA:206,30,1,1
BRDA:206,30,2,1
BRDA:239,31,0,1
BRDA:241,32,0,0
BRDA:264,33,0,1
BRDA:269,34,0,1
BRDA:285,35,0,0
BRDA:289,36,0,0
BRDA:289,36,1,2
BRDA:291,37,0,0
BRDA:291,37,1,0
BRDA:291,37,2,0
BRDA:291,37,3,0
BRDA:325,38,0,17
BRDA:325,38,1,1
BRDA:325,39,0,1
BRDA:325,39,1,16
BRDA:325,40,0,17
BRDA:325,40,1,17
BRDA:326,41,0,17
BRDA:326,41,1,1
BRDA:326,42,0,1
BRDA:326,42,1,16
BRDA:326,43,0,17
BRDA:326,43,1,17
BRDA:327,44,0,17
BRDA:327,44,1,1
BRDA:327,45,0,1
BRDA:327,45,1,16
BRDA:327,46,0,17
BRDA:327,46,1,17
BRDA:328,47,0,17
BRDA:328,47,1,16
BRDA:328,48,0,16
BRDA:328,48,1,1
BRDA:328,49,0,17
BRDA:328,49,1,17
BRDA:328,50,0,1
BRDA:328,50,1,16
BRDA:328,51,0,17
BRDA:328,51,1,17
BRDA:328,52,0,15
BRDA:328,52,1,1
BRDA:328,53,0,1
BRDA:328,53,1,15
BRDA:328,54,0,16
BRDA:328,54,1,16
BRDA:332,55,0,16
BRDA:332,56,0,17
BRDA:332,56,1,16
BRDA:332,57,0,1
BRDA:332,57,1,16
BRDA:332,58,0,17
BRDA:332,58,1,17
BRDA:332,59,0,0
BRDA:332,59,1,16
BRDA:332,60,0,16
BRDA:332,60,1,16
BRDA:346,61,0,17
BRDA:346,61,1,16
BRDA:347,62,0,16
BRDA:347,62,1,1
BRDA:347,63,0,17
BRDA:347,63,1,17
BRDA:364,64,0,16
BRDA:364,65,0,1
BRDA:364,65,1,16
BRDA:364,66,0,17
BRDA:364,66,1,17
BRDA:365,67,0,1
BRDA:365,67,1,15
BRDA:365,68,0,16
BRDA:365,68,1,1
BRDA:370,69,0,15
BRDA:370,69,1,0
BRDA:409,70,0,0
BRDA:409,70,1,0
BRDA:409,71,0,0
BRDA:409,71,1,0
BRDA:438,72,0,0
BRDA:438,72,1,0
BRDA:440,73,0,0
BRDA:440,73,1,0
BRDA:441,74,0,0
BRDA:441,74,1,0
BRDA:442,75,0,0
BRDA:442,75,1,0
BRDA:444,76,0,0
BRDA:444,76,1,0
BRDA:464,77,0,17
BRF:142
BRH:106
end_of_record
TN:
SF:src/services/FirestoreService.ts
FN:45,(anonymous_0)
FN:65,(anonymous_1)
FN:71,(anonymous_2)
FN:85,(anonymous_3)
FN:142,(anonymous_4)
FN:165,(anonymous_5)
FN:226,(anonymous_6)
FN:262,(anonymous_7)
FN:294,(anonymous_8)
FN:313,(anonymous_9)
FN:338,(anonymous_10)
FN:368,(anonymous_11)
FN:372,(anonymous_12)
FN:383,(anonymous_13)
FN:405,(anonymous_14)
FN:409,(anonymous_15)
FN:423,(anonymous_16)
FN:437,(anonymous_17)
FN:470,(anonymous_18)
FN:506,(anonymous_19)
FN:532,(anonymous_20)
FN:551,(anonymous_21)
FN:559,(anonymous_22)
FN:562,(anonymous_23)
FN:572,(anonymous_24)
FN:600,(anonymous_25)
FN:619,(anonymous_26)
FN:638,(anonymous_27)
FN:657,(anonymous_28)
FN:688,(anonymous_29)
FN:701,(anonymous_30)
FN:719,(anonymous_31)
FN:747,(anonymous_32)
FNF:33
FNH:23
FNDA:0,(anonymous_0)
FNDA:43,(anonymous_1)
FNDA:58,(anonymous_2)
FNDA:5,(anonymous_3)
FNDA:3,(anonymous_4)
FNDA:5,(anonymous_5)
FNDA:5,(anonymous_6)
FNDA:2,(anonymous_7)
FNDA:0,(anonymous_8)
FNDA:0,(anonymous_9)
FNDA:5,(anonymous_10)
FNDA:2,(anonymous_11)
FNDA:2,(anonymous_12)
FNDA:0,(anonymous_13)
FNDA:2,(anonymous_14)
FNDA:1,(anonymous_15)
FNDA:0,(anonymous_16)
FNDA:0,(anonymous_17)
FNDA:0,(anonymous_18)
FNDA:12,(anonymous_19)
FNDA:18,(anonymous_20)
FNDA:1,(anonymous_21)
FNDA:1,(anonymous_22)
FNDA:1,(anonymous_23)
FNDA:1,(anonymous_24)
FNDA:2,(anonymous_25)
FNDA:0,(anonymous_26)
FNDA:0,(anonymous_27)
FNDA:0,(anonymous_28)
FNDA:15,(anonymous_29)
FNDA:1,(anonymous_30)
FNDA:1,(anonymous_31)
FNDA:1,(anonymous_32)
DA:8,8
DA:26,8
DA:44,8
DA:45,0
DA:46,0
DA:47,0
DA:51,8
DA:54,43
DA:57,8
DA:66,43
DA:67,43
DA:68,43
DA:72,58
DA:73,58
DA:74,58
DA:75,58
DA:76,58
DA:77,58
DA:86,5
DA:87,5
DA:88,5
DA:120,5
DA:121,5
DA:122,5
DA:126,0
DA:127,0
DA:129,0
DA:131,0
DA:143,3
DA:144,3
DA:145,3
DA:148,0
DA:149,0
DA:151,0
DA:152,0
DA:155,0
DA:157,0
DA:166,5
DA:167,5
DA:168,5
DA:169,5
DA:171,3
DA:189,5
DA:190,1
DA:192,5
DA:193,5
DA:194,5
DA:195,5
DA:198,0
DA:199,0
DA:204,0
DA:207,0
DA:208,0
DA:209,0
DA:212,0
DA:214,0
DA:227,5
DA:228,5
DA:229,5
DA:247,5
DA:248,5
DA:249,5
DA:253,0
DA:254,0
DA:256,0
DA:258,0
DA:263,2
DA:264,2
DA:265,2
DA:266,2
DA:267,2
DA:268,2
DA:269,2
DA:270,2
DA:271,2
DA:273,0
DA:277,0
DA:278,0
DA:283,0
DA:284,0
DA:287,0
DA:288,0
DA:290,0
DA:295,0
DA:296,0
DA:297,0
DA:298,0
DA:301,0
DA:302,0
DA:303,0
DA:304,0
DA:307,0
DA:309,0
DA:314,0
DA:315,0
DA:316,0
DA:317,0
DA:318,0
DA:319,0
DA:321,0
DA:324,0
DA:325,0
DA:330,0
DA:339,5
DA:340,5
DA:361,5
DA:362,5
DA:365,5
DA:369,2
DA:370,2
DA:372,2
DA:373,2
DA:375,2
DA:376,0
DA:379,2
DA:380,1
DA:383,2
DA:384,0
DA:388,2
DA:389,2
DA:393,2
DA:394,0
DA:398,2
DA:402,0
DA:406,2
DA:407,2
DA:408,2
DA:409,2
DA:413,0
DA:414,0
DA:420,0
DA:422,0
DA:423,0
DA:424,0
DA:428,0
DA:431,0
DA:433,0
DA:438,0
DA:439,0
DA:440,0
DA:441,0
DA:442,0
DA:443,0
DA:445,0
DA:449,0
DA:450,0
DA:452,0
DA:453,0
DA:456,0
DA:457,0
DA:458,0
DA:461,0
DA:466,0
DA:471,0
DA:472,0
DA:473,0
DA:474,0
DA:475,0
DA:477,0
DA:481,0
DA:482,0
DA:484,0
DA:485,0
DA:488,0
DA:489,0
DA:490,0
DA:493,0
DA:498,0
DA:507,12
DA:508,12
DA:525,12
DA:526,12
DA:529,12
DA:533,18
DA:534,18
DA:535,18
DA:536,18
DA:540,18
DA:541,18
DA:542,18
DA:543,18
DA:544,18
DA:548,0
DA:552,1
DA:553,1
DA:556,0
DA:560,1
DA:561,1
DA:562,1
DA:565,0
DA:573,1
DA:574,1
DA:589,1
DA:590,1
DA:593,1
DA:602,2
DA:603,2
DA:604,2
DA:605,2
DA:608,2
DA:609,2
DA:620,0
DA:622,0
DA:623,0
DA:624,0
DA:625,0
DA:626,0
DA:627,0
DA:629,0
DA:632,0
DA:639,0
DA:641,0
DA:642,0
DA:643,0
DA:644,0
DA:645,0
DA:646,0
DA:648,0
DA:651,0
DA:658,0
DA:659,0
DA:661,0
DA:662,0
DA:663,0
DA:665,0
DA:666,0
DA:668,0
DA:669,0
DA:671,0
DA:672,0
DA:674,0
DA:675,0
DA:677,0
DA:681,0
DA:689,15
DA:690,15
DA:691,15
DA:702,1
DA:703,1
DA:704,1
DA:709,0
DA:720,1
DA:722,1
DA:723,1
DA:726,1
DA:732,1
DA:737,0
DA:748,1
DA:749,1
DA:750,1
DA:755,0
LF:251
LH:115
BRDA:72,0,0,58
BRDA:91,1,0,5
BRDA:91,1,1,0
BRDA:94,2,0,5
BRDA:94,2,1,3
BRDA:95,3,0,5
BRDA:95,3,1,4
BRDA:105,4,0,5
BRDA:105,4,1,3
BRDA:120,5,0,5
BRDA:121,6,0,0
BRDA:121,6,1,5
BRDA:121,7,0,5
BRDA:121,7,1,5
BRDA:144,8,0,3
BRDA:145,9,0,3
BRDA:145,9,1,1
BRDA:145,10,0,0
BRDA:145,10,1,3
BRDA:145,11,0,3
BRDA:145,11,1,3
BRDA:151,12,0,0
BRDA:167,13,0,5
BRDA:168,14,0,0
BRDA:168,14,1,5
BRDA:168,15,0,5
BRDA:168,15,1,5
BRDA:169,16,0,3
BRDA:189,17,0,1
BRDA:194,18,0,0
BRDA:194,18,1,5
BRDA:194,19,0,5
BRDA:194,19,1,5
BRDA:208,20,0,0
BRDA:234,21,0,5
BRDA:234,21,1,3
BRDA:237,22,0,5
BRDA:237,22,1,5
BRDA:247,23,0,5
BRDA:248,24,0,0
BRDA:248,24,1,5
BRDA:248,25,0,5
BRDA:248,25,1,5
BRDA:264,26,0,2
BRDA:265,27,0,0
BRDA:265,27,1,2
BRDA:265,28,0,2
BRDA:265,28,1,2
BRDA:266,29,0,2
BRDA:270,30,0,0
BRDA:270,30,1,2
BRDA:270,31,0,2
BRDA:270,31,1,2
BRDA:283,32,0,0
BRDA:296,33,0,0
BRDA:297,34,0,0
BRDA:297,34,1,0
BRDA:297,35,0,0
BRDA:297,35,1,0
BRDA:298,36,0,0
BRDA:298,36,1,0
BRDA:303,37,0,0
BRDA:315,38,0,0
BRDA:316,39,0,0
BRDA:316,39,1,0
BRDA:316,40,0,0
BRDA:316,40,1,0
BRDA:317,41,0,0
BRDA:319,42,0,0
BRDA:319,42,1,0
BRDA:319,43,0,0
BRDA:319,43,1,0
BRDA:345,44,0,2
BRDA:345,44,1,3
BRDA:345,45,0,5
BRDA:345,45,1,5
BRDA:346,46,0,5
BRDA:346,46,1,2
BRDA:346,47,0,2
BRDA:346,47,1,3
BRDA:346,48,0,5
BRDA:346,48,1,5
BRDA:347,49,0,2
BRDA:347,49,1,3
BRDA:347,50,0,5
BRDA:347,50,1,5
BRDA:348,51,0,2
BRDA:348,51,1,3
BRDA:348,52,0,5
BRDA:348,52,1,5
BRDA:349,53,0,2
BRDA:349,53,1,3
BRDA:349,54,0,5
BRDA:349,54,1,5
BRDA:352,55,0,5
BRDA:352,55,1,3
BRDA:353,56,0,5
BRDA:353,56,1,5
BRDA:361,57,0,5
BRDA:362,58,0,0
BRDA:362,58,1,5
BRDA:362,59,0,5
BRDA:362,59,1,5
BRDA:369,60,0,2
BRDA:370,61,0,2
BRDA:370,61,1,0
BRDA:370,62,0,0
BRDA:370,62,1,2
BRDA:370,63,0,2
BRDA:370,63,1,2
BRDA:375,64,0,0
BRDA:375,65,0,2
BRDA:375,65,1,2
BRDA:379,66,0,1
BRDA:379,67,0,2
BRDA:379,67,1,2
BRDA:383,68,0,0
BRDA:383,69,0,2
BRDA:383,69,1,0
BRDA:388,70,0,2
BRDA:388,71,0,2
BRDA:388,71,1,2
BRDA:393,72,0,0
BRDA:398,73,0,2
BRDA:398,73,1,1
BRDA:407,74,0,2
BRDA:408,75,0,2
BRDA:408,75,1,0
BRDA:408,76,0,0
BRDA:408,76,1,2
BRDA:408,77,0,2
BRDA:408,77,1,2
BRDA:439,78,0,0
BRDA:440,79,0,0
BRDA:440,79,1,0
BRDA:440,80,0,0
BRDA:440,80,1,0
BRDA:441,81,0,0
BRDA:441,82,0,0
BRDA:441,82,1,0
BRDA:443,83,0,0
BRDA:443,83,1,0
BRDA:443,84,0,0
BRDA:443,84,1,0
BRDA:452,85,0,0
BRDA:457,86,0,0
BRDA:472,87,0,0
BRDA:473,88,0,0
BRDA:473,88,1,0
BRDA:473,89,0,0
BRDA:473,89,1,0
BRDA:474,90,0,0
BRDA:474,91,0,0
BRDA:474,91,1,0
BRDA:475,92,0,0
BRDA:475,92,1,0
BRDA:475,93,0,0
BRDA:475,93,1,0
BRDA:484,94,0,0
BRDA:489,95,0,0
BRDA:525,96,0,12
BRDA:526,97,0,0
BRDA:526,97,1,12
BRDA:526,98,0,12
BRDA:526,98,1,12
BRDA:533,99,0,18
BRDA:534,100,0,0
BRDA:534,100,1,18
BRDA:534,101,0,18
BRDA:534,101,1,18
BRDA:535,102,0,18
BRDA:543,103,0,0
BRDA:543,103,1,18
BRDA:543,104,0,18
BRDA:543,104,1,18
BRDA:552,105,0,1
BRDA:553,106,0,1
BRDA:553,106,1,0
BRDA:553,107,0,0
BRDA:553,107,1,1
BRDA:553,108,0,1
BRDA:553,108,1,1
BRDA:560,109,0,1
BRDA:561,110,0,1
BRDA:561,110,1,0
BRDA:561,111,0,0
BRDA:561,111,1,1
BRDA:561,112,0,1
BRDA:561,112,1,1
BRDA:581,113,0,1
BRDA:581,113,1,0
BRDA:589,114,0,1
BRDA:590,115,0,0
BRDA:590,115,1,1
BRDA:590,116,0,1
BRDA:590,116,1,1
BRDA:620,117,0,0
BRDA:624,118,0,0
BRDA:624,118,1,0
BRDA:626,119,0,0
BRDA:626,119,1,0
BRDA:626,120,0,0
BRDA:626,120,1,0
BRDA:639,121,0,0
BRDA:643,122,0,0
BRDA:643,122,1,0
BRDA:645,123,0,0
BRDA:645,123,1,0
BRDA:645,124,0,0
BRDA:645,124,1,0
BRDA:661,125,0,0
BRDA:663,126,0,0
BRDA:663,126,1,0
BRDA:663,126,2,0
BRDA:663,126,3,0
BRDA:663,126,4,0
BRDA:689,127,0,15
BRDA:722,128,0,1
BRDA:722,128,1,0
BRF:219
BRH:123
end_of_record
TN:
SF:src/services/GoogleAIService.ts
FN:46,(anonymous_0)
FN:77,(anonymous_1)
FN:83,(anonymous_2)
FN:106,(anonymous_3)
FN:126,(anonymous_4)
FN:143,(anonymous_5)
FN:168,(anonymous_6)
FN:191,(anonymous_7)
FN:207,(anonymous_8)
FN:228,(anonymous_9)
FN:236,(anonymous_10)
FN:250,(anonymous_11)
FN:257,(anonymous_12)
FN:286,(anonymous_13)
FN:297,(anonymous_14)
FN:345,(anonymous_15)
FN:357,(anonymous_16)
FN:374,(anonymous_17)
FN:376,(anonymous_18)
FN:418,(anonymous_19)
FN:426,(anonymous_20)
FN:450,(anonymous_21)
FN:472,(anonymous_22)
FN:512,(anonymous_23)
FN:517,(anonymous_24)
FN:530,(anonymous_25)
FN:542,(anonymous_26)
FN:565,(anonymous_27)
FN:576,(anonymous_28)
FN:594,(anonymous_29)
FN:638,(anonymous_30)
FN:679,(anonymous_31)
FNF:32
FNH:27
FNDA:40,(anonymous_0)
FNDA:40,(anonymous_1)
FNDA:0,(anonymous_2)
FNDA:0,(anonymous_3)
FNDA:38,(anonymous_4)
FNDA:1,(anonymous_5)
FNDA:6,(anonymous_6)
FNDA:7,(anonymous_7)
FNDA:1,(anonymous_8)
FNDA:1,(anonymous_9)
FNDA:6,(anonymous_10)
FNDA:43,(anonymous_11)
FNDA:2,(anonymous_12)
FNDA:39,(anonymous_13)
FNDA:37,(anonymous_14)
FNDA:1,(anonymous_15)
FNDA:8,(anonymous_16)
FNDA:4,(anonymous_17)
FNDA:4,(anonymous_18)
FNDA:7,(anonymous_19)
FNDA:0,(anonymous_20)
FNDA:37,(anonymous_21)
FNDA:1,(anonymous_22)
FNDA:4,(anonymous_23)
FNDA:2,(anonymous_24)
FNDA:4,(anonymous_25)
FNDA:4,(anonymous_26)
FNDA:1,(anonymous_27)
FNDA:42,(anonymous_28)
FNDA:0,(anonymous_29)
FNDA:0,(anonymous_30)
FNDA:19,(anonymous_31)
DA:9,6
DA:10,6
DA:27,6
DA:31,40
DA:36,40
DA:47,40
DA:48,40
DA:49,40
DA:51,40
DA:53,40
DA:56,0
DA:59,40
DA:79,40
DA:80,40
DA:84,0
DA:86,0
DA:87,0
DA:93,0
DA:94,0
DA:95,0
DA:97,0
DA:107,0
DA:109,0
DA:110,0
DA:111,0
DA:113,0
DA:127,38
DA:128,38
DA:129,38
DA:133,0
DA:135,0
DA:148,1
DA:149,1
DA:150,1
DA:154,0
DA:156,0
DA:169,6
DA:170,6
DA:172,4
DA:173,4
DA:177,0
DA:179,2
DA:192,7
DA:193,7
DA:194,7
DA:198,0
DA:200,0
DA:208,1
DA:209,1
DA:210,1
DA:211,1
DA:215,0
DA:217,0
DA:229,1
DA:237,6
DA:238,1
DA:241,5
DA:242,1
DA:245,4
DA:246,0
DA:252,43
DA:253,43
DA:254,43
DA:258,2
DA:259,2
DA:262,0
DA:263,0
DA:265,0
DA:266,0
DA:267,0
DA:268,0
DA:269,0
DA:270,0
DA:271,0
DA:272,0
DA:273,0
DA:276,0
DA:288,39
DA:289,2
DA:292,37
DA:293,0
DA:297,37
DA:299,37
DA:300,37
DA:303,37
DA:304,37
DA:305,1
DA:309,37
DA:314,37
DA:330,37
DA:336,37
DA:337,37
DA:340,37
DA:342,37
DA:350,1
DA:353,1
DA:355,1
DA:356,8
DA:357,8
DA:360,1
DA:368,1
DA:369,1
DA:371,1
DA:376,4
DA:378,4
DA:379,4
DA:382,4
DA:383,1
DA:389,1
DA:395,1
DA:398,4
DA:400,4
DA:419,7
DA:420,7
DA:422,7
DA:425,7
DA:426,0
DA:427,0
DA:431,7
DA:432,7
DA:434,7
DA:451,37
DA:454,37
DA:455,4
DA:456,3
DA:461,34
DA:462,2
DA:466,32
DA:471,1
DA:473,1
DA:480,1
DA:483,1
DA:484,1
DA:488,31
DA:489,2
DA:492,29
DA:493,1
DA:496,28
DA:497,1
DA:500,27
DA:501,1
DA:504,26
DA:505,0
DA:509,26
DA:513,4
DA:516,4
DA:517,2
DA:518,1
DA:519,1
DA:523,3
DA:524,1
DA:527,2
DA:531,4
DA:543,4
DA:566,1
DA:567,1
DA:569,1
DA:570,8
DA:573,1
DA:577,42
DA:578,42
DA:579,42
DA:580,42
DA:582,42
DA:583,42
DA:584,42
DA:586,42
DA:595,0
DA:597,0
DA:600,0
DA:606,0
DA:612,0
DA:613,0
DA:615,0
DA:630,0
DA:633,0
DA:634,0
DA:639,0
DA:641,0
DA:649,0
DA:652,0
DA:653,0
DA:655,0
DA:670,0
DA:671,0
DA:680,19
DA:681,19
DA:682,19
LF:188
LH:131
BRDA:51,0,0,40
BRDA:51,0,1,0
BRDA:84,1,0,0
BRDA:84,1,1,0
BRDA:84,1,2,0
BRDA:86,2,0,0
BRDA:107,3,0,0
BRDA:128,4,0,38
BRDA:149,5,0,1
BRDA:172,6,0,4
BRDA:193,7,0,7
BRDA:209,8,0,1
BRDA:237,9,0,1
BRDA:237,10,0,6
BRDA:237,10,1,6
BRDA:241,11,0,1
BRDA:245,12,0,0
BRDA:252,13,0,43
BRDA:252,13,1,4
BRDA:258,14,0,2
BRDA:265,15,0,0
BRDA:265,15,1,0
BRDA:265,16,0,0
BRDA:265,16,1,0
BRDA:265,17,0,0
BRDA:265,17,1,0
BRDA:268,18,0,0
BRDA:268,18,1,0
BRDA:268,19,0,0
BRDA:268,19,1,0
BRDA:268,20,0,0
BRDA:268,20,1,0
BRDA:268,21,0,0
BRDA:268,21,1,0
BRDA:268,22,0,0
BRDA:268,22,1,0
BRDA:268,23,0,0
BRDA:268,23,1,0
BRDA:271,24,0,0
BRDA:271,25,0,0
BRDA:271,25,1,0
BRDA:271,26,0,0
BRDA:271,26,1,0
BRDA:276,27,0,0
BRDA:276,27,1,0
BRDA:288,28,0,2
BRDA:292,29,0,0
BRDA:292,30,0,37
BRDA:292,30,1,37
BRDA:304,31,0,1
BRDA:311,32,0,37
BRDA:311,32,1,37
BRDA:324,33,0,37
BRDA:324,33,1,28
BRDA:324,34,0,28
BRDA:324,34,1,9
BRDA:324,35,0,37
BRDA:324,35,1,37
BRDA:325,36,0,37
BRDA:325,36,1,37
BRDA:325,37,0,28
BRDA:325,37,1,9
BRDA:325,38,0,37
BRDA:325,38,1,37
BRDA:326,39,0,37
BRDA:326,39,1,1
BRDA:382,40,0,1
BRDA:382,41,0,0
BRDA:382,41,1,4
BRDA:382,42,0,4
BRDA:382,42,1,4
BRDA:419,43,0,7
BRDA:419,43,1,5
BRDA:419,44,0,5
BRDA:419,44,1,2
BRDA:419,45,0,7
BRDA:419,45,1,7
BRDA:420,46,0,7
BRDA:420,46,1,6
BRDA:420,47,0,5
BRDA:420,47,1,2
BRDA:420,48,0,7
BRDA:420,48,1,7
BRDA:425,49,0,0
BRDA:425,50,0,5
BRDA:425,50,1,2
BRDA:425,51,0,7
BRDA:425,51,1,7
BRDA:454,52,0,4
BRDA:454,53,0,37
BRDA:454,53,1,34
BRDA:454,54,0,28
BRDA:454,54,1,9
BRDA:454,55,0,37
BRDA:454,55,1,37
BRDA:455,56,0,3
BRDA:455,57,0,4
BRDA:455,57,1,1
BRDA:461,58,0,2
BRDA:461,59,0,34
BRDA:461,59,1,32
BRDA:466,60,0,1
BRDA:466,61,0,32
BRDA:466,61,1,31
BRDA:466,61,2,0
BRDA:466,61,3,31
BRDA:471,62,0,1
BRDA:471,62,1,1
BRDA:473,63,0,1
BRDA:473,63,1,0
BRDA:473,63,2,0
BRDA:473,63,3,0
BRDA:480,64,0,1
BRDA:480,64,1,0
BRDA:483,65,0,1
BRDA:483,66,0,1
BRDA:483,66,1,0
BRDA:488,67,0,2
BRDA:488,68,0,31
BRDA:488,68,1,29
BRDA:492,69,0,1
BRDA:496,70,0,1
BRDA:500,71,0,1
BRDA:504,72,0,0
BRDA:504,73,0,26
BRDA:504,73,1,26
BRDA:516,74,0,1
BRDA:516,75,0,0
BRDA:516,75,1,4
BRDA:516,76,0,4
BRDA:516,76,1,4
BRDA:518,77,0,1
BRDA:523,78,0,1
BRDA:523,79,0,3
BRDA:523,79,1,2
BRDA:582,80,0,37
BRDA:583,81,0,4
BRDA:584,82,0,1
BRDA:587,83,0,42
BRDA:587,83,1,20
BRDA:607,84,0,0
BRDA:607,84,1,0
BRDA:607,84,2,0
BRDA:607,85,0,0
BRDA:607,85,1,0
BRDA:607,86,0,0
BRDA:607,86,1,0
BRDA:608,87,0,0
BRDA:608,87,1,0
BRDA:608,87,2,0
BRDA:608,88,0,0
BRDA:608,88,1,0
BRDA:608,89,0,0
BRDA:608,89,1,0
BRDA:625,90,0,0
BRDA:625,90,1,0
BRDA:625,91,0,0
BRDA:625,91,1,0
BRDA:625,92,0,0
BRDA:625,92,1,0
BRDA:626,93,0,0
BRDA:626,93,1,0
BRDA:626,94,0,0
BRDA:626,94,1,0
BRDA:626,95,0,0
BRDA:626,95,1,0
BRDA:680,96,0,19
BRF:167
BRH:98
end_of_record
TN:
SF:src/services/GoogleTTSService.ts
FN:43,(anonymous_0)
FN:58,(anonymous_1)
FN:88,(anonymous_2)
FN:114,(anonymous_3)
FN:118,(anonymous_4)
FN:150,(anonymous_5)
FN:178,(anonymous_6)
FN:208,(anonymous_7)
FN:225,(anonymous_8)
FN:230,(anonymous_9)
FN:234,(anonymous_10)
FN:245,(anonymous_11)
FN:250,(anonymous_12)
FN:255,(anonymous_13)
FN:263,(anonymous_14)
FN:265,(anonymous_15)
FN:273,(anonymous_16)
FN:288,(anonymous_17)
FN:295,(anonymous_18)
FN:308,(anonymous_19)
FN:315,(anonymous_20)
FN:333,(anonymous_21)
FN:339,(anonymous_22)
FN:345,(anonymous_23)
FN:366,(anonymous_24)
FN:385,(anonymous_25)
FN:392,(anonymous_26)
FN:397,(anonymous_27)
FN:421,(anonymous_28)
FN:445,(anonymous_29)
FN:466,(anonymous_30)
FN:478,(anonymous_31)
FN:496,(anonymous_32)
FN:508,(anonymous_33)
FN:523,(anonymous_34)
FN:546,(anonymous_35)
FN:566,(anonymous_36)
FN:570,(anonymous_37)
FN:597,(anonymous_38)
FN:615,(anonymous_39)
FN:634,(anonymous_40)
FNF:41
FNH:25
FNDA:44,(anonymous_0)
FNDA:44,(anonymous_1)
FNDA:90,(anonymous_2)
FNDA:23,(anonymous_3)
FNDA:23,(anonymous_4)
FNDA:4,(anonymous_5)
FNDA:0,(anonymous_6)
FNDA:3,(anonymous_7)
FNDA:2,(anonymous_8)
FNDA:3,(anonymous_9)
FNDA:1,(anonymous_10)
FNDA:0,(anonymous_11)
FNDA:0,(anonymous_12)
FNDA:0,(anonymous_13)
FNDA:5,(anonymous_14)
FNDA:16,(anonymous_15)
FNDA:0,(anonymous_16)
FNDA:1,(anonymous_17)
FNDA:2,(anonymous_18)
FNDA:0,(anonymous_19)
FNDA:0,(anonymous_20)
FNDA:0,(anonymous_21)
FNDA:0,(anonymous_22)
FNDA:0,(anonymous_23)
FNDA:1,(anonymous_24)
FNDA:1,(anonymous_25)
FNDA:1,(anonymous_26)
FNDA:1,(anonymous_27)
FNDA:1,(anonymous_28)
FNDA:1,(anonymous_29)
FNDA:4,(anonymous_30)
FNDA:4,(anonymous_31)
FNDA:1,(anonymous_32)
FNDA:0,(anonymous_33)
FNDA:1,(anonymous_34)
FNDA:0,(anonymous_35)
FNDA:0,(anonymous_36)
FNDA:0,(anonymous_37)
FNDA:0,(anonymous_38)
FNDA:46,(anonymous_39)
FNDA:0,(anonymous_40)
DA:34,6
DA:36,44
DA:37,44
DA:41,44
DA:44,44
DA:54,44
DA:55,44
DA:60,44
DA:89,90
DA:115,23
DA:118,23
DA:121,23
DA:122,23
DA:125,23
DA:151,4
DA:153,4
DA:186,0
DA:202,0
DA:213,3
DA:219,3
DA:226,2
DA:227,2
DA:229,2
DA:230,3
DA:234,2
DA:235,2
DA:236,0
DA:239,2
DA:246,0
DA:251,0
DA:256,0
DA:264,5
DA:265,16
DA:267,1
DA:274,0
DA:289,1
DA:296,2
DA:309,0
DA:317,0
DA:319,0
DA:339,0
DA:340,0
DA:341,0
DA:342,0
DA:345,0
DA:370,1
DA:372,1
DA:374,1
DA:375,3
DA:376,3
DA:379,1
DA:389,1
DA:392,1
DA:393,1
DA:394,1
DA:397,1
DA:398,1
DA:399,1
DA:400,1
DA:401,1
DA:413,1
DA:425,1
DA:428,1
DA:446,1
DA:448,1
DA:467,4
DA:469,4
DA:472,4
DA:479,4
DA:481,4
DA:497,1
DA:499,1
DA:510,0
DA:511,0
DA:513,0
DA:524,1
DA:526,1
DA:528,1
DA:553,0
DA:567,0
DA:570,0
DA:571,0
DA:573,0
DA:598,0
DA:616,46
DA:618,46
DA:621,46
DA:624,46
DA:626,46
DA:628,0
DA:629,0
DA:635,0
DA:636,0
DA:637,0
DA:638,0
LF:95
LH:65
BRDA:43,0,0,42
BRDA:129,1,0,23
BRDA:129,1,1,0
BRDA:129,2,0,0
BRDA:129,2,1,23
BRDA:129,3,0,23
BRDA:129,3,1,23
BRDA:130,4,0,23
BRDA:130,4,1,23
BRDA:130,5,0,0
BRDA:130,5,1,23
BRDA:130,6,0,23
BRDA:130,6,1,23
BRDA:131,7,0,23
BRDA:131,7,1,23
BRDA:131,8,0,0
BRDA:131,8,1,23
BRDA:131,9,0,23
BRDA:131,9,1,23
BRDA:135,10,0,23
BRDA:135,10,1,0
BRDA:135,11,0,0
BRDA:135,11,1,23
BRDA:135,12,0,23
BRDA:135,12,1,23
BRDA:157,13,0,4
BRDA:157,13,1,0
BRDA:157,14,0,0
BRDA:157,14,1,4
BRDA:157,15,0,4
BRDA:157,15,1,4
BRDA:158,16,0,4
BRDA:158,16,1,4
BRDA:158,17,0,0
BRDA:158,17,1,4
BRDA:158,18,0,4
BRDA:158,18,1,4
BRDA:159,19,0,4
BRDA:159,19,1,4
BRDA:159,20,0,0
BRDA:159,20,1,4
BRDA:159,21,0,4
BRDA:159,21,1,4
BRDA:163,22,0,4
BRDA:163,22,1,0
BRDA:163,23,0,0
BRDA:163,23,1,4
BRDA:163,24,0,4
BRDA:163,24,1,4
BRDA:180,25,0,0
BRDA:189,26,0,0
BRDA:189,26,1,0
BRDA:190,27,0,0
BRDA:190,27,1,0
BRDA:190,28,0,0
BRDA:190,28,1,0
BRDA:190,29,0,0
BRDA:190,29,1,0
BRDA:191,30,0,0
BRDA:191,30,1,0
BRDA:191,31,0,0
BRDA:191,31,1,0
BRDA:191,32,0,0
BRDA:191,32,1,0
BRDA:229,33,0,2
BRDA:235,34,0,0
BRDA:239,35,0,2
BRDA:239,35,1,1
BRDA:264,36,0,4
BRDA:321,37,0,0
BRDA:321,37,1,0
BRDA:340,38,0,0
BRDA:341,39,0,0
BRDA:341,40,0,0
BRDA:341,40,1,0
BRDA:368,41,0,1
BRDA:400,42,0,1
BRDA:469,43,0,4
BRDA:469,43,1,0
BRDA:469,44,0,0
BRDA:469,44,1,4
BRDA:469,45,0,4
BRDA:469,45,1,4
BRDA:469,46,0,0
BRDA:469,46,1,4
BRDA:469,47,0,4
BRDA:469,47,1,4
BRDA:510,48,0,0
BRDA:510,48,1,0
BRDA:515,49,0,0
BRDA:515,49,1,0
BRDA:515,50,0,0
BRDA:515,50,1,0
BRDA:515,51,0,0
BRDA:515,51,1,0
BRDA:515,52,0,0
BRDA:515,52,1,0
BRDA:515,53,0,0
BRDA:515,53,1,0
BRDA:515,54,0,0
BRDA:515,54,1,0
BRDA:516,55,0,0
BRDA:516,55,1,0
BRDA:516,56,0,0
BRDA:516,56,1,0
BRDA:516,57,0,0
BRDA:516,57,1,0
BRDA:536,58,0,0
BRDA:536,58,1,1
BRDA:554,59,0,0
BRDA:554,59,1,0
BRDA:555,60,0,0
BRDA:555,60,1,0
BRDA:556,61,0,0
BRDA:556,61,1,0
BRDA:557,62,0,0
BRDA:557,62,1,0
BRDA:558,63,0,0
BRDA:558,63,1,0
BRDA:577,64,0,0
BRDA:577,64,1,0
BRDA:577,65,0,0
BRDA:577,65,1,0
BRDA:577,66,0,0
BRDA:577,66,1,0
BRDA:578,67,0,0
BRDA:578,67,1,0
BRDA:579,68,0,0
BRDA:579,68,1,0
BRDA:580,69,0,0
BRDA:580,69,1,0
BRDA:635,70,0,0
BRDA:635,70,1,0
BRF:133
BRH:51
end_of_record
TN:
SF:src/services/MultiLanguageService.ts
FN:10,(anonymous_0)
FN:77,(anonymous_1)
FN:106,(anonymous_2)
FN:112,(anonymous_3)
FN:116,(anonymous_4)
FN:117,(anonymous_5)
FN:120,(anonymous_6)
FN:128,(anonymous_7)
FN:136,(anonymous_8)
FN:147,(anonymous_9)
FN:149,(anonymous_10)
FN:159,(anonymous_11)
FN:171,(anonymous_12)
FN:180,(anonymous_13)
FN:190,(anonymous_14)
FN:206,(anonymous_15)
FN:208,(anonymous_16)
FN:224,(anonymous_17)
FN:226,(anonymous_18)
FN:231,(anonymous_19)
FN:232,(anonymous_20)
FN:241,(anonymous_21)
FNF:22
FNH:12
FNDA:20,(anonymous_0)
FNDA:4,(anonymous_1)
FNDA:4,(anonymous_2)
FNDA:2,(anonymous_3)
FNDA:6,(anonymous_4)
FNDA:11,(anonymous_5)
FNDA:2,(anonymous_6)
FNDA:4,(anonymous_7)
FNDA:9,(anonymous_8)
FNDA:0,(anonymous_9)
FNDA:0,(anonymous_10)
FNDA:2,(anonymous_11)
FNDA:0,(anonymous_12)
FNDA:1,(anonymous_13)
FNDA:0,(anonymous_14)
FNDA:0,(anonymous_15)
FNDA:0,(anonymous_16)
FNDA:0,(anonymous_17)
FNDA:0,(anonymous_18)
FNDA:0,(anonymous_19)
FNDA:0,(anonymous_20)
FNDA:1,(anonymous_21)
DA:10,3
DA:11,20
DA:14,20
DA:32,20
DA:68,20
DA:79,4
DA:80,4
DA:82,4
DA:83,4
DA:85,4
DA:86,4
DA:89,4
DA:90,2
DA:94,2
DA:95,1
DA:99,1
DA:107,4
DA:108,4
DA:113,2
DA:117,11
DA:121,2
DA:129,4
DA:137,9
DA:138,9
DA:139,8
DA:143,1
DA:148,0
DA:149,0
DA:150,0
DA:152,0
DA:160,2
DA:163,2
DA:167,2
DA:172,0
DA:173,0
DA:181,1
DA:184,1
DA:186,0
DA:191,0
DA:194,0
DA:196,0
DA:197,0
DA:207,0
DA:208,0
DA:210,0
DA:211,0
DA:215,0
DA:216,0
DA:220,0
DA:225,0
DA:226,0
DA:227,0
DA:232,0
DA:233,0
DA:242,1
DA:243,1
DA:244,1
DA:245,1
DA:250,0
LF:59
LH:35
BRDA:85,0,0,2
BRDA:85,0,1,2
BRDA:86,1,0,1
BRDA:86,1,1,3
BRDA:89,2,0,2
BRDA:94,3,0,1
BRDA:107,4,0,4
BRDA:129,5,0,4
BRDA:129,5,1,0
BRDA:138,6,0,8
BRDA:138,7,0,9
BRDA:138,7,1,8
BRDA:163,8,0,1
BRDA:163,8,1,1
BRDA:207,9,0,0
BRDA:207,9,1,0
BRDA:210,10,0,0
BRDA:215,11,0,0
BRDA:225,12,0,0
BRDA:225,12,1,0
BRDA:227,13,0,0
BRDA:227,13,1,0
BRDA:227,14,0,0
BRDA:227,14,1,0
BRDA:227,15,0,0
BRDA:227,15,1,0
BRDA:233,16,0,0
BRDA:233,16,1,0
BRDA:233,17,0,0
BRDA:233,17,1,0
BRDA:233,18,0,0
BRDA:233,18,1,0
BRF:32
BRH:13
end_of_record
TN:
SF:src/services/ServiceManager.ts
FN:30,(anonymous_0)
FN:67,(anonymous_1)
FN:75,(anonymous_2)
FN:80,(anonymous_3)
FN:117,(anonymous_4)
FN:132,(anonymous_5)
FN:152,(anonymous_6)
FN:172,(anonymous_7)
FN:191,(anonymous_8)
FN:210,(anonymous_9)
FNF:10
FNH:9
FNDA:10,(anonymous_0)
FNDA:11,(anonymous_1)
FNDA:0,(anonymous_2)
FNDA:1,(anonymous_3)
FNDA:3,(anonymous_4)
FNDA:1,(anonymous_5)
FNDA:1,(anonymous_6)
FNDA:1,(anonymous_7)
FNDA:1,(anonymous_8)
FNDA:9,(anonymous_9)
DA:8,2
DA:9,2
DA:10,2
DA:11,2
DA:12,2
DA:13,2
DA:14,2
DA:16,2
DA:31,10
DA:33,1
DA:34,1
DA:35,1
DA:36,1
DA:37,1
DA:38,1
DA:39,1
DA:47,9
DA:48,9
DA:49,9
DA:50,9
DA:53,9
DA:54,9
DA:57,9
DA:68,11
DA:69,9
DA:71,11
DA:76,0
DA:85,1
DA:96,1
DA:98,1
DA:101,1
DA:106,0
DA:109,1
DA:118,3
DA:125,3
DA:126,3
DA:133,1
DA:135,1
DA:137,1
DA:142,1
DA:144,0
DA:145,0
DA:153,1
DA:173,1
DA:192,1
DA:195,1
DA:197,1
DA:211,9
LF:48
LH:44
BRDA:31,0,0,1
BRDA:31,0,1,9
BRDA:33,1,0,1
BRDA:33,1,1,0
BRDA:34,2,0,1
BRDA:34,2,1,0
BRDA:35,3,0,1
BRDA:35,3,1,0
BRDA:36,4,0,1
BRDA:36,4,1,1
BRDA:37,5,0,1
BRDA:37,5,1,1
BRDA:38,6,0,1
BRDA:38,6,1,0
BRDA:39,7,0,1
BRDA:39,7,1,0
BRDA:68,8,0,9
BRDA:195,9,0,1
BRDA:195,9,1,0
BRDA:195,10,0,0
BRDA:195,10,1,1
BRDA:195,11,0,1
BRDA:195,11,1,1
BRF:23
BRH:16
end_of_record
TN:
SF:src/types/ai.types.ts
FN:206,(anonymous_0)
FNF:1
FNH:1
FNDA:4,(anonymous_0)
DA:205,6
DA:208,4
DA:209,4
DA:210,4
DA:212,4
DA:213,4
LF:6
LH:6
BRF:0
BRH:0
end_of_record
TN:
SF:src/types/api.types.ts
FN:28,(anonymous_0)
FNF:1
FNH:1
FNDA:20,(anonymous_0)
DA:27,5
DA:30,20
DA:31,20
DA:32,20
DA:33,20
DA:35,20
DA:36,20
LF:7
LH:7
BRDA:31,0,0,2
BRDA:33,1,0,8
BRF:2
BRH:2
end_of_record
TN:
SF:src/types/storage.types.ts
FN:137,(anonymous_0)
FNF:1
FNH:1
FNDA:5,(anonymous_0)
DA:136,4
DA:139,5
DA:140,5
DA:142,5
DA:143,5
LF:5
LH:5
BRF:0
BRH:0
end_of_record
TN:
SF:src/types/tts.types.ts
FN:189,(anonymous_0)
FNF:1
FNH:0
FNDA:0,(anonymous_0)
DA:188,1
DA:191,0
DA:192,0
DA:193,0
DA:194,0
DA:196,0
DA:197,0
LF:7
LH:1
BRF:0
BRH:0
end_of_record
